2026-04-18 12:31:40,304 - WARNING - Google API libraries not installed. Install with: pip install google-auth-oauthlib google-auth-httplib2 google-api-python-client
2026-04-18 12:31:40,304 - INFO - ============================================================
2026-04-18 12:31:40,304 - INFO - YouTube Comment Monitor Starting
2026-04-18 12:31:40,304 - INFO - ============================================================
2026-04-18 12:31:40,304 - ERROR - Google API libraries required. Install: pip install google-auth-oauthlib google-auth-httplib2 google-api-python-client
2026-04-18 12:31:40,304 - ERROR - Failed to authenticate with YouTube API
2026-04-18 13:01:40,381 - WARNING - Google API libraries not installed. Install with: pip install google-auth-oauthlib google-auth-httplib2 google-api-python-client
2026-04-18 13:01:40,381 - INFO - ============================================================
2026-04-18 13:01:40,381 - INFO - YouTube Comment Monitor Starting
2026-04-18 13:01:40,381 - INFO - ============================================================
2026-04-18 13:01:40,381 - ERROR - Google API libraries required. Install: pip install google-auth-oauthlib google-auth-httplib2 google-api-python-client
2026-04-18 13:01:40,381 - ERROR - Failed to authenticate with YouTube API
2026-04-18 13:31:40,454 - WARNING - Google API libraries not installed. Install with: pip install google-auth-oauthlib google-auth-httplib2 google-api-python-client
2026-04-18 13:31:40,454 - INFO - ============================================================
2026-04-18 13:31:40,454 - INFO - YouTube Comment Monitor Starting
2026-04-18 13:31:40,455 - INFO - ============================================================
2026-04-18 13:31:40,455 - ERROR - Google API libraries required. Install: pip install google-auth-oauthlib google-auth-httplib2 google-api-python-client
2026-04-18 13:31:40,455 - ERROR - Failed to authenticate with YouTube API
2026-04-18 14:01:40,535 - WARNING - Google API libraries not installed. Install with: pip install google-auth-oauthlib google-auth-httplib2 google-api-python-client
2026-04-18 14:01:40,535 - INFO - ============================================================
2026-04-18 14:01:40,535 - INFO - YouTube Comment Monitor Starting
2026-04-18 14:01:40,535 - INFO - ============================================================
2026-04-18 14:01:40,535 - ERROR - Google API libraries required. Install: pip install google-auth-oauthlib google-auth-httplib2 google-api-python-client
2026-04-18 14:01:40,535 - ERROR - Failed to authenticate with YouTube API
2026-04-18 14:31:40,603 - WARNING - Google API libraries not installed. Install with: pip install google-auth-oauthlib google-auth-httplib2 google-api-python-client
2026-04-18 14:31:40,603 - INFO - ============================================================
2026-04-18 14:31:40,603 - INFO - YouTube Comment Monitor Starting
2026-04-18 14:31:40,603 - INFO - ============================================================
2026-04-18 14:31:40,603 - ERROR - Google API libraries required. Install: pip install google-auth-oauthlib google-auth-httplib2 google-api-python-client
2026-04-18 14:31:40,603 - ERROR - Failed to authenticate with YouTube API
2026-04-18 15:01:40,676 - WARNING - Google API libraries not installed. Install with: pip install google-auth-oauthlib google-auth-httplib2 google-api-python-client
2026-04-18 15:01:40,676 - INFO - ============================================================
2026-04-18 15:01:40,676 - INFO - YouTube Comment Monitor Starting
2026-04-18 15:01:40,676 - INFO - ============================================================
2026-04-18 15:01:40,676 - ERROR - Google API libraries required. Install: pip install google-auth-oauthlib google-auth-httplib2 google-api-python-client
2026-04-18 15:01:40,676 - ERROR - Failed to authenticate with YouTube API
2026-04-18 15:31:40,756 - WARNING - Google API libraries not installed. Install with: pip install google-auth-oauthlib google-auth-httplib2 google-api-python-client
2026-04-18 15:31:40,756 - INFO - ============================================================
2026-04-18 15:31:40,756 - INFO - YouTube Comment Monitor Starting
2026-04-18 15:31:40,756 - INFO - ============================================================
2026-04-18 15:31:40,756 - ERROR - Google API libraries required. Install: pip install google-auth-oauthlib google-auth-httplib2 google-api-python-client
2026-04-18 15:31:40,756 - ERROR - Failed to authenticate with YouTube API
2026-04-18 16:01:40,834 - WARNING - Google API libraries not installed. Install with: pip install google-auth-oauthlib google-auth-httplib2 google-api-python-client
2026-04-18 16:01:40,834 - INFO - ============================================================
2026-04-18 16:01:40,834 - INFO - YouTube Comment Monitor Starting
2026-04-18 16:01:40,834 - INFO - ============================================================
2026-04-18 16:01:40,834 - ERROR - Google API libraries required. Install: pip install google-auth-oauthlib google-auth-httplib2 google-api-python-client
2026-04-18 16:01:40,834 - ERROR - Failed to authenticate with YouTube API
2026-04-18 16:31:40,913 - WARNING - Google API libraries not installed. Install with: pip install google-auth-oauthlib google-auth-httplib2 google-api-python-client
2026-04-18 16:31:40,913 - INFO - ============================================================
2026-04-18 16:31:40,913 - INFO - YouTube Comment Monitor Starting
2026-04-18 16:31:40,913 - INFO - ============================================================
2026-04-18 16:31:40,913 - ERROR - Google API libraries required. Install: pip install google-auth-oauthlib google-auth-httplib2 google-api-python-client
2026-04-18 16:31:40,913 - ERROR - Failed to authenticate with YouTube API
2026-04-18 17:01:40,988 - WARNING - Google API libraries not installed. Install with: pip install google-auth-oauthlib google-auth-httplib2 google-api-python-client
2026-04-18 17:01:40,988 - INFO - ============================================================
2026-04-18 17:01:40,988 - INFO - YouTube Comment Monitor Starting
2026-04-18 17:01:40,988 - INFO - ============================================================
2026-04-18 17:01:40,988 - ERROR - Google API libraries required. Install: pip install google-auth-oauthlib google-auth-httplib2 google-api-python-client
2026-04-18 17:01:40,988 - ERROR - Failed to authenticate with YouTube API
2026-04-18 17:31:41,067 - WARNING - Google API libraries not installed. Install with: pip install google-auth-oauthlib google-auth-httplib2 google-api-python-client
2026-04-18 17:31:41,067 - INFO - ============================================================
2026-04-18 17:31:41,067 - INFO - YouTube Comment Monitor Starting
2026-04-18 17:31:41,067 - INFO - ============================================================
2026-04-18 17:31:41,067 - ERROR - Google API libraries required. Install: pip install google-auth-oauthlib google-auth-httplib2 google-api-python-client
2026-04-18 17:31:41,067 - ERROR - Failed to authenticate with YouTube API
2026-04-18 18:01:41,138 - WARNING - Google API libraries not installed. Install with: pip install google-auth-oauthlib google-auth-httplib2 google-api-python-client
2026-04-18 18:01:41,138 - INFO - ============================================================
2026-04-18 18:01:41,138 - INFO - YouTube Comment Monitor Starting
2026-04-18 18:01:41,138 - INFO - ============================================================
2026-04-18 18:01:41,138 - ERROR - Google API libraries required. Install: pip install google-auth-oauthlib google-auth-httplib2 google-api-python-client
2026-04-18 18:01:41,138 - ERROR - Failed to authenticate with YouTube API
2026-04-18 18:31:41,219 - WARNING - Google API libraries not installed. Install with: pip install google-auth-oauthlib google-auth-httplib2 google-api-python-client
2026-04-18 18:31:41,219 - INFO - ============================================================
2026-04-18 18:31:41,219 - INFO - YouTube Comment Monitor Starting
2026-04-18 18:31:41,219 - INFO - ============================================================
2026-04-18 18:31:41,219 - ERROR - Google API libraries required. Install: pip install google-auth-oauthlib google-auth-httplib2 google-api-python-client
2026-04-18 18:31:41,219 - ERROR - Failed to authenticate with YouTube API
2026-04-18 19:01:41,296 - WARNING - Google API libraries not installed. Install with: pip install google-auth-oauthlib google-auth-httplib2 google-api-python-client
2026-04-18 19:01:41,296 - INFO - ============================================================
2026-04-18 19:01:41,296 - INFO - YouTube Comment Monitor Starting
2026-04-18 19:01:41,296 - INFO - ============================================================
2026-04-18 19:01:41,296 - ERROR - Google API libraries required. Install: pip install google-auth-oauthlib google-auth-httplib2 google-api-python-client
2026-04-18 19:01:41,296 - ERROR - Failed to authenticate with YouTube API
2026-04-18 19:31:41,366 - WARNING - Google API libraries not installed. Install with: pip install google-auth-oauthlib google-auth-httplib2 google-api-python-client
2026-04-18 19:31:41,366 - INFO - ============================================================
2026-04-18 19:31:41,367 - INFO - YouTube Comment Monitor Starting
2026-04-18 19:31:41,367 - INFO - ============================================================
2026-04-18 19:31:41,367 - ERROR - Google API libraries required. Install: pip install google-auth-oauthlib google-auth-httplib2 google-api-python-client
2026-04-18 19:31:41,367 - ERROR - Failed to authenticate with YouTube API
2026-04-18 20:01:41,437 - WARNING - Google API libraries not installed. Install with: pip install google-auth-oauthlib google-auth-httplib2 google-api-python-client
2026-04-18 20:01:41,437 - INFO - ============================================================
2026-04-18 20:01:41,437 - INFO - YouTube Comment Monitor Starting
2026-04-18 20:01:41,437 - INFO - ============================================================
2026-04-18 20:01:41,437 - ERROR - Google API libraries required. Install: pip install google-auth-oauthlib google-auth-httplib2 google-api-python-client
2026-04-18 20:01:41,437 - ERROR - Failed to authenticate with YouTube API
2026-04-18 20:31:41,507 - WARNING - Google API libraries not installed. Install with: pip install google-auth-oauthlib google-auth-httplib2 google-api-python-client
2026-04-18 20:31:41,507 - INFO - ============================================================
2026-04-18 20:31:41,507 - INFO - YouTube Comment Monitor Starting
2026-04-18 20:31:41,507 - INFO - ============================================================
2026-04-18 20:31:41,507 - ERROR - Google API libraries required. Install: pip install google-auth-oauthlib google-auth-httplib2 google-api-python-client
2026-04-18 20:31:41,507 - ERROR - Failed to authenticate with YouTube API
2026-04-18 21:01:41,578 - WARNING - Google API libraries not installed. Install with: pip install google-auth-oauthlib google-auth-httplib2 google-api-python-client
2026-04-18 21:01:41,578 - INFO - ============================================================
2026-04-18 21:01:41,578 - INFO - YouTube Comment Monitor Starting
2026-04-18 21:01:41,578 - INFO - ============================================================
2026-04-18 21:01:41,578 - ERROR - Google API libraries required. Install: pip install google-auth-oauthlib google-auth-httplib2 google-api-python-client
2026-04-18 21:01:41,578 - ERROR - Failed to authenticate with YouTube API
2026-04-18 21:31:41,658 - WARNING - Google API libraries not installed. Install with: pip install google-auth-oauthlib google-auth-httplib2 google-api-python-client
2026-04-18 21:31:41,658 - INFO - ============================================================
2026-04-18 21:31:41,658 - INFO - YouTube Comment Monitor Starting
2026-04-18 21:31:41,658 - INFO - ============================================================
2026-04-18 21:31:41,659 - ERROR - Google API libraries required. Install: pip install google-auth-oauthlib google-auth-httplib2 google-api-python-client
2026-04-18 21:31:41,659 - ERROR - Failed to authenticate with YouTube API
2026-04-18 22:01:41,738 - WARNING - Google API libraries not installed. Install with: pip install google-auth-oauthlib google-auth-httplib2 google-api-python-client
2026-04-18 22:01:41,738 - INFO - ============================================================
2026-04-18 22:01:41,738 - INFO - YouTube Comment Monitor Starting
2026-04-18 22:01:41,738 - INFO - ============================================================
2026-04-18 22:01:41,738 - ERROR - Google API libraries required. Install: pip install google-auth-oauthlib google-auth-httplib2 google-api-python-client
2026-04-18 22:01:41,738 - ERROR - Failed to authenticate with YouTube API
2026-04-18 22:30:16,783 - WARNING - Google API libraries not installed. Install with: pip install google-auth-oauthlib google-auth-httplib2 google-api-python-client
2026-04-18 22:30:16,783 - INFO - ============================================================
2026-04-18 22:30:16,783 - INFO - YouTube Comment Monitor Starting
2026-04-18 22:30:16,783 - INFO - ============================================================
2026-04-18 22:30:16,783 - ERROR - Google API libraries required. Install: pip install google-auth-oauthlib google-auth-httplib2 google-api-python-client
2026-04-18 22:30:16,783 - ERROR - Failed to authenticate with YouTube API
2026-04-18 22:31:41,817 - WARNING - Google API libraries not installed. Install with: pip install google-auth-oauthlib google-auth-httplib2 google-api-python-client
2026-04-18 22:31:41,817 - INFO - ============================================================
2026-04-18 22:31:41,817 - INFO - YouTube Comment Monitor Starting
2026-04-18 22:31:41,817 - INFO - ============================================================
2026-04-18 22:31:41,817 - ERROR - Google API libraries required. Install: pip install google-auth-oauthlib google-auth-httplib2 google-api-python-client
2026-04-18 22:31:41,817 - ERROR - Failed to authenticate with YouTube API
2026-04-18 23:01:41,897 - WARNING - Google API libraries not installed. Install with: pip install google-auth-oauthlib google-auth-httplib2 google-api-python-client
2026-04-18 23:01:41,897 - INFO - ============================================================
2026-04-18 23:01:41,897 - INFO - YouTube Comment Monitor Starting
2026-04-18 23:01:41,897 - INFO - ============================================================
2026-04-18 23:01:41,897 - ERROR - Google API libraries required. Install: pip install google-auth-oauthlib google-auth-httplib2 google-api-python-client
2026-04-18 23:01:41,897 - ERROR - Failed to authenticate with YouTube API
2026-04-18 23:31:41,978 - WARNING - Google API libraries not installed. Install with: pip install google-auth-oauthlib google-auth-httplib2 google-api-python-client
2026-04-18 23:31:41,978 - INFO - ============================================================
2026-04-18 23:31:41,978 - INFO - YouTube Comment Monitor Starting
2026-04-18 23:31:41,978 - INFO - ============================================================
2026-04-18 23:31:41,978 - ERROR - Google API libraries required. Install: pip install google-auth-oauthlib google-auth-httplib2 google-api-python-client
2026-04-18 23:31:41,978 - ERROR - Failed to authenticate with YouTube API
2026-04-19 00:01:42,049 - WARNING - Google API libraries not installed. Install with: pip install google-auth-oauthlib google-auth-httplib2 google-api-python-client
2026-04-19 00:01:42,049 - INFO - ============================================================
2026-04-19 00:01:42,049 - INFO - YouTube Comment Monitor Starting
2026-04-19 00:01:42,049 - INFO - ============================================================
2026-04-19 00:01:42,049 - ERROR - Google API libraries required. Install: pip install google-auth-oauthlib google-auth-httplib2 google-api-python-client
2026-04-19 00:01:42,049 - ERROR - Failed to authenticate with YouTube API
2026-04-19 00:31:42,130 - WARNING - Google API libraries not installed. Install with: pip install google-auth-oauthlib google-auth-httplib2 google-api-python-client
2026-04-19 00:31:42,130 - INFO - ============================================================
2026-04-19 00:31:42,130 - INFO - YouTube Comment Monitor Starting
2026-04-19 00:31:42,130 - INFO - ============================================================
2026-04-19 00:31:42,130 - ERROR - Google API libraries required. Install: pip install google-auth-oauthlib google-auth-httplib2 google-api-python-client
2026-04-19 00:31:42,130 - ERROR - Failed to authenticate with YouTube API
2026-04-19 00:57:05,919 - WARNING - Google API libraries not installed. Install with: pip install google-auth-oauthlib google-auth-httplib2 google-api-python-client
2026-04-19 00:57:05,919 - INFO - ============================================================
2026-04-19 00:57:05,919 - INFO - YouTube Comment Monitor Starting
2026-04-19 00:57:05,919 - INFO - ============================================================
2026-04-19 00:57:05,919 - ERROR - Google API libraries required. Install: pip install google-auth-oauthlib google-auth-httplib2 google-api-python-client
2026-04-19 00:57:05,919 - ERROR - Failed to authenticate with YouTube API
2026-04-19 01:27:05,998 - WARNING - Google API libraries not installed. Install with: pip install google-auth-oauthlib google-auth-httplib2 google-api-python-client
2026-04-19 01:27:05,998 - INFO - ============================================================
2026-04-19 01:27:05,998 - INFO - YouTube Comment Monitor Starting
2026-04-19 01:27:05,998 - INFO - ============================================================
2026-04-19 01:27:05,998 - ERROR - Google API libraries required. Install: pip install google-auth-oauthlib google-auth-httplib2 google-api-python-client
2026-04-19 01:27:05,998 - ERROR - Failed to authenticate with YouTube API
2026-04-19 01:57:06,084 - WARNING - Google API libraries not installed. Install with: pip install google-auth-oauthlib google-auth-httplib2 google-api-python-client
2026-04-19 01:57:06,085 - INFO - ============================================================
2026-04-19 01:57:06,085 - INFO - YouTube Comment Monitor Starting
2026-04-19 01:57:06,085 - INFO - ============================================================
2026-04-19 01:57:06,085 - ERROR - Google API libraries required. Install: pip install google-auth-oauthlib google-auth-httplib2 google-api-python-client
2026-04-19 01:57:06,085 - ERROR - Failed to authenticate with YouTube API
2026-04-19 02:27:06,161 - WARNING - Google API libraries not installed. Install with: pip install google-auth-oauthlib google-auth-httplib2 google-api-python-client
2026-04-19 02:27:06,161 - INFO - ============================================================
2026-04-19 02:27:06,161 - INFO - YouTube Comment Monitor Starting
2026-04-19 02:27:06,161 - INFO - ============================================================
2026-04-19 02:27:06,161 - ERROR - Google API libraries required. Install: pip install google-auth-oauthlib google-auth-httplib2 google-api-python-client
2026-04-19 02:27:06,161 - ERROR - Failed to authenticate with YouTube API
