🚀 YouTube Comment Monitor - 06:01:45
📺 Channel: Concessa Obvius
🔄 Mode: Demo (Synthetic Comments)

📥 Found 1 new comments
✅ Processed 1 comments
💾 Logged to: /Users/abundance/.cache/youtube-comments.jsonl

╔════════════════════════════════════════════════════════════╗
║       YOUTUBE COMMENT MONITOR - CRON EXECUTION REPORT       ║
╚════════════════════════════════════════════════════════════╝

⏰ Execution Time: 2026-04-18 06:01:45
📺 Channel: Concessa Obvius
🔄 Cycle: Every 30 minutes

───────────────────────────────────────────────────────────────
📊 THIS CYCLE RESULTS
───────────────────────────────────────────────────────────────

Total Comments Processed:  1
Auto-Responses Sent:       1
Flagged for Review:        0
Spam Blocked:              0

Category Breakdown:
  📝 Questions:  1
  👏 Praise:     0
  🚫 Spam:       0
  💼 Sales:      0
  ℹ️  Other:      0

───────────────────────────────────────────────────────────────
📈 LIFETIME STATISTICS
───────────────────────────────────────────────────────────────

Log File: /Users/abundance/.cache/youtube-comments.jsonl
Total Entries: 133

───────────────────────────────────────────────────────────────
✅ STATUS: SUCCESS
───────────────────────────────────────────────────────────────

All comments logged to: /Users/abundance/.cache/youtube-comments.jsonl
Next execution: 30 minutes from now


✨ Monitor cycle complete!
