🚀 YouTube Comment Monitor - 05:31:36
📺 Channel: Concessa Obvius
🔄 Mode: Demo (Synthetic Comments)

📥 Found 2 new comments
✅ Processed 2 comments
💾 Logged to: /Users/abundance/.cache/youtube-comments.jsonl

╔════════════════════════════════════════════════════════════╗
║       YOUTUBE COMMENT MONITOR - CRON EXECUTION REPORT       ║
╚════════════════════════════════════════════════════════════╝

⏰ Execution Time: 2026-04-17 05:31:36
📺 Channel: Concessa Obvius
🔄 Cycle: Every 30 minutes

───────────────────────────────────────────────────────────────
📊 THIS CYCLE RESULTS
───────────────────────────────────────────────────────────────

Total Comments Processed:  2
Auto-Responses Sent:       1
Flagged for Review:        0
Spam Blocked:              1

Category Breakdown:
  📝 Questions:  0
  👏 Praise:     1
  🚫 Spam:       1
  💼 Sales:      0
  ℹ️  Other:      0

───────────────────────────────────────────────────────────────
📈 LIFETIME STATISTICS
───────────────────────────────────────────────────────────────

Log File: /Users/abundance/.cache/youtube-comments.jsonl
Total Entries: 28

───────────────────────────────────────────────────────────────
✅ STATUS: SUCCESS
───────────────────────────────────────────────────────────────

All comments logged to: /Users/abundance/.cache/youtube-comments.jsonl
Next execution: 30 minutes from now


✨ Monitor cycle complete!
