🚀 YouTube Comment Monitor - 15:01:40
📺 Channel: Concessa Obvius
🔄 Mode: Demo (Synthetic Comments)

📥 Found 3 new comments
✅ Processed 3 comments
💾 Logged to: /Users/abundance/.cache/youtube-comments.jsonl

╔════════════════════════════════════════════════════════════╗
║       YOUTUBE COMMENT MONITOR - CRON EXECUTION REPORT       ║
╚════════════════════════════════════════════════════════════╝

⏰ Execution Time: 2026-04-17 15:01:40
📺 Channel: Concessa Obvius
🔄 Cycle: Every 30 minutes

───────────────────────────────────────────────────────────────
📊 THIS CYCLE RESULTS
───────────────────────────────────────────────────────────────

Total Comments Processed:  3
Auto-Responses Sent:       2
Flagged for Review:        1
Spam Blocked:              0

Category Breakdown:
  📝 Questions:  0
  👏 Praise:     2
  🚫 Spam:       0
  💼 Sales:      1
  ℹ️  Other:      0

───────────────────────────────────────────────────────────────
📈 LIFETIME STATISTICS
───────────────────────────────────────────────────────────────

Log File: /Users/abundance/.cache/youtube-comments.jsonl
Total Entries: 74

───────────────────────────────────────────────────────────────
✅ STATUS: SUCCESS
───────────────────────────────────────────────────────────────

All comments logged to: /Users/abundance/.cache/youtube-comments.jsonl
Next execution: 30 minutes from now


✨ Monitor cycle complete!
