=== YouTube Comment Monitor Cron Run ===
Start Time: 2026-04-18 00:31:38 PDT

Traceback (most recent call last):
  File "/Users/abundance/.openclaw/workspace/.cache/youtube-comment-monitor.py", line 440, in <module>
    main()
  File "/Users/abundance/.openclaw/workspace/.cache/youtube-comment-monitor.py", line 435, in main
    stats = monitor.run()
  File "/Users/abundance/.openclaw/workspace/.cache/youtube-comment-monitor.py", line 423, in run
    self.monitor_channel()
  File "/Users/abundance/.openclaw/workspace/.cache/youtube-comment-monitor.py", line 185, in monitor_channel
    return self._monitor_demo_mode()
  File "/Users/abundance/.openclaw/workspace/.cache/youtube-comment-monitor.py", line 360, in _monitor_demo_mode
    self.state["processed_comment_ids"].add(comment_id)
AttributeError: 'list' object has no attribute 'add'

End Time: 2026-04-18 00:31:38 PDT
Exit Code: 1
=== YouTube Comment Monitor Cron Run ===
Start Time: 2026-04-18 01:01:38 PDT

YouTube Comment Monitor Report
Channel: Concessa Obvius
Report Time: 2026-04-18T08:01:38.434087

📊 Statistics:
  Total Comments Processed: 0
  Auto-Responses Sent: 0
  Flagged for Review: 0

📈 Breakdown by Category:
  Questions: 0
  Praise: 0
  Spam: 0
  Sales/Partnerships: 0


End Time: 2026-04-18 01:01:38 PDT
Exit Code: 0
=== YouTube Comment Monitor Cron Run ===
Start Time: 2026-04-18 01:31:38 PDT

YouTube Comment Monitor Report
Channel: Concessa Obvius
Report Time: 2026-04-18T08:31:38.602629

📊 Statistics:
  Total Comments Processed: 0
  Auto-Responses Sent: 0
  Flagged for Review: 0

📈 Breakdown by Category:
  Questions: 0
  Praise: 0
  Spam: 0
  Sales/Partnerships: 0


End Time: 2026-04-18 01:31:38 PDT
Exit Code: 0
=== YouTube Comment Monitor Cron Run ===
Start Time: 2026-04-18 02:01:38 PDT

YouTube Comment Monitor Report
Channel: Concessa Obvius
Report Time: 2026-04-18T09:01:38.758543

📊 Statistics:
  Total Comments Processed: 0
  Auto-Responses Sent: 0
  Flagged for Review: 0

📈 Breakdown by Category:
  Questions: 0
  Praise: 0
  Spam: 0
  Sales/Partnerships: 0


End Time: 2026-04-18 02:01:38 PDT
Exit Code: 0
=== YouTube Comment Monitor Cron Run ===
Start Time: 2026-04-18 02:31:38 PDT

YouTube Comment Monitor Report
Channel: Concessa Obvius
Report Time: 2026-04-18T09:31:38.830485

📊 Statistics:
  Total Comments Processed: 0
  Auto-Responses Sent: 0
  Flagged for Review: 0

📈 Breakdown by Category:
  Questions: 0
  Praise: 0
  Spam: 0
  Sales/Partnerships: 0


End Time: 2026-04-18 02:31:38 PDT
Exit Code: 0
=== YouTube Comment Monitor Cron Run ===
Start Time: 2026-04-18 03:01:38 PDT

  File "/Users/abundance/.openclaw/workspace/.cache/youtube-comment-monitor.py", line 282
    with open(CONFIG["log_file"]).parent / "youtube-monitor-report.txt", "a") as f:
                                                                            ^
SyntaxError: unmatched ')'

End Time: 2026-04-18 03:01:38 PDT
Exit Code: 1
=== YouTube Comment Monitor Cron Run ===
Start Time: 2026-04-18 03:31:38 PDT

  File "/Users/abundance/.openclaw/workspace/.cache/youtube-comment-monitor.py", line 282
    with open(CONFIG["log_file"]).parent / "youtube-monitor-report.txt", "a") as f:
                                                                            ^
SyntaxError: unmatched ')'

End Time: 2026-04-18 03:31:38 PDT
Exit Code: 1
=== YouTube Comment Monitor Cron Run ===
Start Time: 2026-04-18 04:01:39 PDT

ERROR: Missing Google API libraries. Run: pip install google-auth-oauthlib google-auth-httplib2 google-api-python-client

End Time: 2026-04-18 04:01:39 PDT
Exit Code: 1
=== YouTube Comment Monitor Cron Run ===
Start Time: 2026-04-18 04:31:39 PDT

ERROR: Missing Google API libraries. Run: pip install google-auth-oauthlib google-auth-httplib2 google-api-python-client

End Time: 2026-04-18 04:31:39 PDT
Exit Code: 1
=== YouTube Comment Monitor Cron Run ===
Start Time: 2026-04-18 05:01:39 PDT

ERROR: Missing Google API libraries. Run: pip install google-auth-oauthlib google-auth-httplib2 google-api-python-client

End Time: 2026-04-18 05:01:39 PDT
Exit Code: 1
=== YouTube Comment Monitor Cron Run ===
Start Time: 2026-04-18 05:31:39 PDT

ERROR: Missing Google API libraries. Run: pip install google-auth-oauthlib google-auth-httplib2 google-api-python-client

End Time: 2026-04-18 05:31:39 PDT
Exit Code: 1
=== YouTube Comment Monitor Cron Run ===
Start Time: 2026-04-18 06:01:39 PDT

ERROR: Missing Google API libraries. Run: pip install google-auth-oauthlib google-auth-httplib2 google-api-python-client

End Time: 2026-04-18 06:01:39 PDT
Exit Code: 1
=== YouTube Comment Monitor Cron Run ===
Start Time: 2026-04-18 06:31:39 PDT

ERROR: Missing Google API libraries. Run: pip install google-auth-oauthlib google-auth-httplib2 google-api-python-client

End Time: 2026-04-18 06:31:39 PDT
Exit Code: 1
=== YouTube Comment Monitor Cron Run ===
Start Time: 2026-04-18 07:01:39 PDT

ERROR: Missing Google API libraries. Run: pip install google-auth-oauthlib google-auth-httplib2 google-api-python-client

End Time: 2026-04-18 07:01:39 PDT
Exit Code: 1
=== YouTube Comment Monitor Cron Run ===
Start Time: 2026-04-18 07:31:39 PDT

ERROR: Missing Google API libraries. Run: pip install google-auth-oauthlib google-auth-httplib2 google-api-python-client

End Time: 2026-04-18 07:31:39 PDT
Exit Code: 1
=== YouTube Comment Monitor Cron Run ===
Start Time: 2026-04-18 08:01:39 PDT

ERROR: Missing Google API libraries. Run: pip install google-auth-oauthlib google-auth-httplib2 google-api-python-client

End Time: 2026-04-18 08:01:39 PDT
Exit Code: 1
=== YouTube Comment Monitor Cron Run ===
Start Time: 2026-04-18 08:31:39 PDT

ERROR: Missing Google API libraries. Run: pip install google-auth-oauthlib google-auth-httplib2 google-api-python-client

End Time: 2026-04-18 08:31:39 PDT
Exit Code: 1
=== YouTube Comment Monitor Cron Run ===
Start Time: 2026-04-18 09:01:39 PDT

ERROR: Missing Google API libraries. Run: pip install google-auth-oauthlib google-auth-httplib2 google-api-python-client

End Time: 2026-04-18 09:01:39 PDT
Exit Code: 1
=== YouTube Comment Monitor Cron Run ===
Start Time: 2026-04-18 09:31:39 PDT

ERROR: Missing Google API libraries. Run: pip install google-auth-oauthlib google-auth-httplib2 google-api-python-client

End Time: 2026-04-18 09:31:39 PDT
Exit Code: 1
=== YouTube Comment Monitor Cron Run ===
Start Time: 2026-04-18 10:01:39 PDT

ERROR: Missing Google API libraries. Run: pip install google-auth-oauthlib google-auth-httplib2 google-api-python-client

End Time: 2026-04-18 10:01:39 PDT
Exit Code: 1
=== YouTube Comment Monitor Cron Run ===
Start Time: 2026-04-18 10:31:39 PDT

ERROR: Missing Google API libraries. Run: pip install google-auth-oauthlib google-auth-httplib2 google-api-python-client

End Time: 2026-04-18 10:31:40 PDT
Exit Code: 1
=== YouTube Comment Monitor Cron Run ===
Start Time: 2026-04-18 11:01:40 PDT

ERROR: Missing Google API libraries. Run: pip install google-auth-oauthlib google-auth-httplib2 google-api-python-client

End Time: 2026-04-18 11:01:40 PDT
Exit Code: 1
=== YouTube Comment Monitor Cron Run ===
Start Time: 2026-04-18 11:31:40 PDT

ERROR: Missing Google API libraries. Run: pip install google-auth-oauthlib google-auth-httplib2 google-api-python-client

End Time: 2026-04-18 11:31:40 PDT
Exit Code: 1
=== YouTube Comment Monitor Cron Run ===
Start Time: 2026-04-18 12:01:40 PDT

ERROR: Missing Google API libraries. Run: pip install google-auth-oauthlib google-auth-httplib2 google-api-python-client

End Time: 2026-04-18 12:01:40 PDT
Exit Code: 1
=== YouTube Comment Monitor Cron Run ===
Start Time: 2026-04-18 12:31:40 PDT

2026-04-18 12:31:40,304 - WARNING - Google API libraries not installed. Install with: pip install google-auth-oauthlib google-auth-httplib2 google-api-python-client
2026-04-18 12:31:40,304 - INFO - ============================================================
2026-04-18 12:31:40,304 - INFO - YouTube Comment Monitor Starting
2026-04-18 12:31:40,304 - INFO - ============================================================
2026-04-18 12:31:40,304 - ERROR - Google API libraries required. Install: pip install google-auth-oauthlib google-auth-httplib2 google-api-python-client
2026-04-18 12:31:40,304 - ERROR - Failed to authenticate with YouTube API

End Time: 2026-04-18 12:31:40 PDT
Exit Code: 0
=== YouTube Comment Monitor Cron Run ===
Start Time: 2026-04-18 13:01:40 PDT

2026-04-18 13:01:40,381 - WARNING - Google API libraries not installed. Install with: pip install google-auth-oauthlib google-auth-httplib2 google-api-python-client
2026-04-18 13:01:40,381 - INFO - ============================================================
2026-04-18 13:01:40,381 - INFO - YouTube Comment Monitor Starting
2026-04-18 13:01:40,381 - INFO - ============================================================
2026-04-18 13:01:40,381 - ERROR - Google API libraries required. Install: pip install google-auth-oauthlib google-auth-httplib2 google-api-python-client
2026-04-18 13:01:40,381 - ERROR - Failed to authenticate with YouTube API

End Time: 2026-04-18 13:01:40 PDT
Exit Code: 0
=== YouTube Comment Monitor Cron Run ===
Start Time: 2026-04-18 13:31:40 PDT

2026-04-18 13:31:40,454 - WARNING - Google API libraries not installed. Install with: pip install google-auth-oauthlib google-auth-httplib2 google-api-python-client
2026-04-18 13:31:40,454 - INFO - ============================================================
2026-04-18 13:31:40,454 - INFO - YouTube Comment Monitor Starting
2026-04-18 13:31:40,455 - INFO - ============================================================
2026-04-18 13:31:40,455 - ERROR - Google API libraries required. Install: pip install google-auth-oauthlib google-auth-httplib2 google-api-python-client
2026-04-18 13:31:40,455 - ERROR - Failed to authenticate with YouTube API

End Time: 2026-04-18 13:31:40 PDT
Exit Code: 0
=== YouTube Comment Monitor Cron Run ===
Start Time: 2026-04-18 14:01:40 PDT

2026-04-18 14:01:40,535 - WARNING - Google API libraries not installed. Install with: pip install google-auth-oauthlib google-auth-httplib2 google-api-python-client
2026-04-18 14:01:40,535 - INFO - ============================================================
2026-04-18 14:01:40,535 - INFO - YouTube Comment Monitor Starting
2026-04-18 14:01:40,535 - INFO - ============================================================
2026-04-18 14:01:40,535 - ERROR - Google API libraries required. Install: pip install google-auth-oauthlib google-auth-httplib2 google-api-python-client
2026-04-18 14:01:40,535 - ERROR - Failed to authenticate with YouTube API

End Time: 2026-04-18 14:01:40 PDT
Exit Code: 0
=== YouTube Comment Monitor Cron Run ===
Start Time: 2026-04-18 14:31:40 PDT

2026-04-18 14:31:40,603 - WARNING - Google API libraries not installed. Install with: pip install google-auth-oauthlib google-auth-httplib2 google-api-python-client
2026-04-18 14:31:40,603 - INFO - ============================================================
2026-04-18 14:31:40,603 - INFO - YouTube Comment Monitor Starting
2026-04-18 14:31:40,603 - INFO - ============================================================
2026-04-18 14:31:40,603 - ERROR - Google API libraries required. Install: pip install google-auth-oauthlib google-auth-httplib2 google-api-python-client
2026-04-18 14:31:40,603 - ERROR - Failed to authenticate with YouTube API

End Time: 2026-04-18 14:31:40 PDT
Exit Code: 0
=== YouTube Comment Monitor Cron Run ===
Start Time: 2026-04-18 15:01:40 PDT

2026-04-18 15:01:40,676 - WARNING - Google API libraries not installed. Install with: pip install google-auth-oauthlib google-auth-httplib2 google-api-python-client
2026-04-18 15:01:40,676 - INFO - ============================================================
2026-04-18 15:01:40,676 - INFO - YouTube Comment Monitor Starting
2026-04-18 15:01:40,676 - INFO - ============================================================
2026-04-18 15:01:40,676 - ERROR - Google API libraries required. Install: pip install google-auth-oauthlib google-auth-httplib2 google-api-python-client
2026-04-18 15:01:40,676 - ERROR - Failed to authenticate with YouTube API

End Time: 2026-04-18 15:01:40 PDT
Exit Code: 0
=== YouTube Comment Monitor Cron Run ===
Start Time: 2026-04-18 15:31:40 PDT

2026-04-18 15:31:40,756 - WARNING - Google API libraries not installed. Install with: pip install google-auth-oauthlib google-auth-httplib2 google-api-python-client
2026-04-18 15:31:40,756 - INFO - ============================================================
2026-04-18 15:31:40,756 - INFO - YouTube Comment Monitor Starting
2026-04-18 15:31:40,756 - INFO - ============================================================
2026-04-18 15:31:40,756 - ERROR - Google API libraries required. Install: pip install google-auth-oauthlib google-auth-httplib2 google-api-python-client
2026-04-18 15:31:40,756 - ERROR - Failed to authenticate with YouTube API

End Time: 2026-04-18 15:31:40 PDT
Exit Code: 0
=== YouTube Comment Monitor Cron Run ===
Start Time: 2026-04-18 16:01:40 PDT

2026-04-18 16:01:40,834 - WARNING - Google API libraries not installed. Install with: pip install google-auth-oauthlib google-auth-httplib2 google-api-python-client
2026-04-18 16:01:40,834 - INFO - ============================================================
2026-04-18 16:01:40,834 - INFO - YouTube Comment Monitor Starting
2026-04-18 16:01:40,834 - INFO - ============================================================
2026-04-18 16:01:40,834 - ERROR - Google API libraries required. Install: pip install google-auth-oauthlib google-auth-httplib2 google-api-python-client
2026-04-18 16:01:40,834 - ERROR - Failed to authenticate with YouTube API

End Time: 2026-04-18 16:01:40 PDT
Exit Code: 0
=== YouTube Comment Monitor Cron Run ===
Start Time: 2026-04-18 16:31:40 PDT

2026-04-18 16:31:40,913 - WARNING - Google API libraries not installed. Install with: pip install google-auth-oauthlib google-auth-httplib2 google-api-python-client
2026-04-18 16:31:40,913 - INFO - ============================================================
2026-04-18 16:31:40,913 - INFO - YouTube Comment Monitor Starting
2026-04-18 16:31:40,913 - INFO - ============================================================
2026-04-18 16:31:40,913 - ERROR - Google API libraries required. Install: pip install google-auth-oauthlib google-auth-httplib2 google-api-python-client
2026-04-18 16:31:40,913 - ERROR - Failed to authenticate with YouTube API

End Time: 2026-04-18 16:31:40 PDT
Exit Code: 0
=== YouTube Comment Monitor Cron Run ===
Start Time: 2026-04-18 17:01:40 PDT

2026-04-18 17:01:40,988 - WARNING - Google API libraries not installed. Install with: pip install google-auth-oauthlib google-auth-httplib2 google-api-python-client
2026-04-18 17:01:40,988 - INFO - ============================================================
2026-04-18 17:01:40,988 - INFO - YouTube Comment Monitor Starting
2026-04-18 17:01:40,988 - INFO - ============================================================
2026-04-18 17:01:40,988 - ERROR - Google API libraries required. Install: pip install google-auth-oauthlib google-auth-httplib2 google-api-python-client
2026-04-18 17:01:40,988 - ERROR - Failed to authenticate with YouTube API

End Time: 2026-04-18 17:01:40 PDT
Exit Code: 0
=== YouTube Comment Monitor Cron Run ===
Start Time: 2026-04-18 17:31:41 PDT

2026-04-18 17:31:41,067 - WARNING - Google API libraries not installed. Install with: pip install google-auth-oauthlib google-auth-httplib2 google-api-python-client
2026-04-18 17:31:41,067 - INFO - ============================================================
2026-04-18 17:31:41,067 - INFO - YouTube Comment Monitor Starting
2026-04-18 17:31:41,067 - INFO - ============================================================
2026-04-18 17:31:41,067 - ERROR - Google API libraries required. Install: pip install google-auth-oauthlib google-auth-httplib2 google-api-python-client
2026-04-18 17:31:41,067 - ERROR - Failed to authenticate with YouTube API

End Time: 2026-04-18 17:31:41 PDT
Exit Code: 0
=== YouTube Comment Monitor Cron Run ===
Start Time: 2026-04-18 18:01:41 PDT

2026-04-18 18:01:41,138 - WARNING - Google API libraries not installed. Install with: pip install google-auth-oauthlib google-auth-httplib2 google-api-python-client
2026-04-18 18:01:41,138 - INFO - ============================================================
2026-04-18 18:01:41,138 - INFO - YouTube Comment Monitor Starting
2026-04-18 18:01:41,138 - INFO - ============================================================
2026-04-18 18:01:41,138 - ERROR - Google API libraries required. Install: pip install google-auth-oauthlib google-auth-httplib2 google-api-python-client
2026-04-18 18:01:41,138 - ERROR - Failed to authenticate with YouTube API

End Time: 2026-04-18 18:01:41 PDT
Exit Code: 0
=== YouTube Comment Monitor Cron Run ===
Start Time: 2026-04-18 18:31:41 PDT

2026-04-18 18:31:41,219 - WARNING - Google API libraries not installed. Install with: pip install google-auth-oauthlib google-auth-httplib2 google-api-python-client
2026-04-18 18:31:41,219 - INFO - ============================================================
2026-04-18 18:31:41,219 - INFO - YouTube Comment Monitor Starting
2026-04-18 18:31:41,219 - INFO - ============================================================
2026-04-18 18:31:41,219 - ERROR - Google API libraries required. Install: pip install google-auth-oauthlib google-auth-httplib2 google-api-python-client
2026-04-18 18:31:41,219 - ERROR - Failed to authenticate with YouTube API

End Time: 2026-04-18 18:31:41 PDT
Exit Code: 0
=== YouTube Comment Monitor Cron Run ===
Start Time: 2026-04-18 19:01:41 PDT

2026-04-18 19:01:41,296 - WARNING - Google API libraries not installed. Install with: pip install google-auth-oauthlib google-auth-httplib2 google-api-python-client
2026-04-18 19:01:41,296 - INFO - ============================================================
2026-04-18 19:01:41,296 - INFO - YouTube Comment Monitor Starting
2026-04-18 19:01:41,296 - INFO - ============================================================
2026-04-18 19:01:41,296 - ERROR - Google API libraries required. Install: pip install google-auth-oauthlib google-auth-httplib2 google-api-python-client
2026-04-18 19:01:41,296 - ERROR - Failed to authenticate with YouTube API

End Time: 2026-04-18 19:01:41 PDT
Exit Code: 0
=== YouTube Comment Monitor Cron Run ===
Start Time: 2026-04-18 19:31:41 PDT

2026-04-18 19:31:41,366 - WARNING - Google API libraries not installed. Install with: pip install google-auth-oauthlib google-auth-httplib2 google-api-python-client
2026-04-18 19:31:41,366 - INFO - ============================================================
2026-04-18 19:31:41,367 - INFO - YouTube Comment Monitor Starting
2026-04-18 19:31:41,367 - INFO - ============================================================
2026-04-18 19:31:41,367 - ERROR - Google API libraries required. Install: pip install google-auth-oauthlib google-auth-httplib2 google-api-python-client
2026-04-18 19:31:41,367 - ERROR - Failed to authenticate with YouTube API

End Time: 2026-04-18 19:31:41 PDT
Exit Code: 0
=== YouTube Comment Monitor Cron Run ===
Start Time: 2026-04-18 20:01:41 PDT

2026-04-18 20:01:41,437 - WARNING - Google API libraries not installed. Install with: pip install google-auth-oauthlib google-auth-httplib2 google-api-python-client
2026-04-18 20:01:41,437 - INFO - ============================================================
2026-04-18 20:01:41,437 - INFO - YouTube Comment Monitor Starting
2026-04-18 20:01:41,437 - INFO - ============================================================
2026-04-18 20:01:41,437 - ERROR - Google API libraries required. Install: pip install google-auth-oauthlib google-auth-httplib2 google-api-python-client
2026-04-18 20:01:41,437 - ERROR - Failed to authenticate with YouTube API

End Time: 2026-04-18 20:01:41 PDT
Exit Code: 0
=== YouTube Comment Monitor Cron Run ===
Start Time: 2026-04-18 20:31:41 PDT

2026-04-18 20:31:41,507 - WARNING - Google API libraries not installed. Install with: pip install google-auth-oauthlib google-auth-httplib2 google-api-python-client
2026-04-18 20:31:41,507 - INFO - ============================================================
2026-04-18 20:31:41,507 - INFO - YouTube Comment Monitor Starting
2026-04-18 20:31:41,507 - INFO - ============================================================
2026-04-18 20:31:41,507 - ERROR - Google API libraries required. Install: pip install google-auth-oauthlib google-auth-httplib2 google-api-python-client
2026-04-18 20:31:41,507 - ERROR - Failed to authenticate with YouTube API

End Time: 2026-04-18 20:31:41 PDT
Exit Code: 0
=== YouTube Comment Monitor Cron Run ===
Start Time: 2026-04-18 21:01:41 PDT

2026-04-18 21:01:41,578 - WARNING - Google API libraries not installed. Install with: pip install google-auth-oauthlib google-auth-httplib2 google-api-python-client
2026-04-18 21:01:41,578 - INFO - ============================================================
2026-04-18 21:01:41,578 - INFO - YouTube Comment Monitor Starting
2026-04-18 21:01:41,578 - INFO - ============================================================
2026-04-18 21:01:41,578 - ERROR - Google API libraries required. Install: pip install google-auth-oauthlib google-auth-httplib2 google-api-python-client
2026-04-18 21:01:41,578 - ERROR - Failed to authenticate with YouTube API

End Time: 2026-04-18 21:01:41 PDT
Exit Code: 0
=== YouTube Comment Monitor Cron Run ===
Start Time: 2026-04-18 21:31:41 PDT

2026-04-18 21:31:41,658 - WARNING - Google API libraries not installed. Install with: pip install google-auth-oauthlib google-auth-httplib2 google-api-python-client
2026-04-18 21:31:41,658 - INFO - ============================================================
2026-04-18 21:31:41,658 - INFO - YouTube Comment Monitor Starting
2026-04-18 21:31:41,658 - INFO - ============================================================
2026-04-18 21:31:41,659 - ERROR - Google API libraries required. Install: pip install google-auth-oauthlib google-auth-httplib2 google-api-python-client
2026-04-18 21:31:41,659 - ERROR - Failed to authenticate with YouTube API

End Time: 2026-04-18 21:31:41 PDT
Exit Code: 0
=== YouTube Comment Monitor Cron Run ===
Start Time: 2026-04-18 22:01:41 PDT

2026-04-18 22:01:41,738 - WARNING - Google API libraries not installed. Install with: pip install google-auth-oauthlib google-auth-httplib2 google-api-python-client
2026-04-18 22:01:41,738 - INFO - ============================================================
2026-04-18 22:01:41,738 - INFO - YouTube Comment Monitor Starting
2026-04-18 22:01:41,738 - INFO - ============================================================
2026-04-18 22:01:41,738 - ERROR - Google API libraries required. Install: pip install google-auth-oauthlib google-auth-httplib2 google-api-python-client
2026-04-18 22:01:41,738 - ERROR - Failed to authenticate with YouTube API

End Time: 2026-04-18 22:01:41 PDT
Exit Code: 0
=== YouTube Comment Monitor Cron Run ===
Start Time: 2026-04-18 22:31:41 PDT

2026-04-18 22:31:41,817 - WARNING - Google API libraries not installed. Install with: pip install google-auth-oauthlib google-auth-httplib2 google-api-python-client
2026-04-18 22:31:41,817 - INFO - ============================================================
2026-04-18 22:31:41,817 - INFO - YouTube Comment Monitor Starting
2026-04-18 22:31:41,817 - INFO - ============================================================
2026-04-18 22:31:41,817 - ERROR - Google API libraries required. Install: pip install google-auth-oauthlib google-auth-httplib2 google-api-python-client
2026-04-18 22:31:41,817 - ERROR - Failed to authenticate with YouTube API

End Time: 2026-04-18 22:31:41 PDT
Exit Code: 0
=== YouTube Comment Monitor Cron Run ===
Start Time: 2026-04-18 23:01:41 PDT

2026-04-18 23:01:41,897 - WARNING - Google API libraries not installed. Install with: pip install google-auth-oauthlib google-auth-httplib2 google-api-python-client
2026-04-18 23:01:41,897 - INFO - ============================================================
2026-04-18 23:01:41,897 - INFO - YouTube Comment Monitor Starting
2026-04-18 23:01:41,897 - INFO - ============================================================
2026-04-18 23:01:41,897 - ERROR - Google API libraries required. Install: pip install google-auth-oauthlib google-auth-httplib2 google-api-python-client
2026-04-18 23:01:41,897 - ERROR - Failed to authenticate with YouTube API

End Time: 2026-04-18 23:01:41 PDT
Exit Code: 0
=== YouTube Comment Monitor Cron Run ===
Start Time: 2026-04-18 23:31:41 PDT

2026-04-18 23:31:41,978 - WARNING - Google API libraries not installed. Install with: pip install google-auth-oauthlib google-auth-httplib2 google-api-python-client
2026-04-18 23:31:41,978 - INFO - ============================================================
2026-04-18 23:31:41,978 - INFO - YouTube Comment Monitor Starting
2026-04-18 23:31:41,978 - INFO - ============================================================
2026-04-18 23:31:41,978 - ERROR - Google API libraries required. Install: pip install google-auth-oauthlib google-auth-httplib2 google-api-python-client
2026-04-18 23:31:41,978 - ERROR - Failed to authenticate with YouTube API

End Time: 2026-04-18 23:31:41 PDT
Exit Code: 0
