
╔════════════════════════════════════════════════════════════════════════════╗
║                    🎥 YOUTUBE DM MONITOR REPORT                           ║
║                         Concessa Obvius Channel                           ║
╚════════════════════════════════════════════════════════════════════════════╝

⏱️  Report Time: 2026-04-20T06:04:53.155214Z
✅ Status: SUCCESS

━━━━━━━━━━━━━━━━━━━━━━━━━━━━━━━━━━━━━━━━━━━━━━━━━━━━━━━━━━━━━━━━━━━━━━━━━━━━━━
📊 THIS RUN (Last Hour)
━━━━━━━━━━━━━━━━━━━━━━━━━━━━━━━━━━━━━━━━━━━━━━━━━━━━━━━━━━━━━━━━━━━━━━━━━━━━━━
New DMs in Queue:           0
DMs Processed:              0
Duplicates Skipped:         0
Auto-Responses Sent:        0
Partnerships Flagged:       0

━━━━━━━━━━━━━━━━━━━━━━━━━━━━━━━━━━━━━━━━━━━━━━━━━━━━━━━━━━━━━━━━━━━━━━━━━━━━━━
📈 CUMULATIVE STATS (All Time)
━━━━━━━━━━━━━━━━━━━━━━━━━━━━━━━━━━━━━━━━━━━━━━━━━━━━━━━━━━━━━━━━━━━━━━━━━━━━━━
Total DMs Processed:        5
Total Auto-Responses:       5
Total Partnerships Flagged: 1

━━━━━━━━━━━━━━━━━━━━━━━━━━━━━━━━━━━━━━━━━━━━━━━━━━━━━━━━━━━━━━━━━━━━━━━━━━━━━━
💰 CONVERSION POTENTIAL
━━━━━━━━━━━━━━━━━━━━━━━━━━━━━━━━━━━━━━━━━━━━━━━━━━━━━━━━━━━━━━━━━━━━━━━━━━━━━━
Product Inquiries (This Run): 0
Total New Leads (All Time):   2
Estimated Conversion Rate:    ~15% = ~0 potential customers

━━━━━━━━━━━━━━━━━━━━━━━━━━━━━━━━━━━━━━━━━━━━━━━━━━━━━━━━━━━━━━━━━━━━━━━━━━━━━━
📂 CATEGORY BREAKDOWN (This Run)
━━━━━━━━━━━━━━━━━━━━━━━━━━━━━━━━━━━━━━━━━━━━━━━━━━━━━━━━━━━━━━━━━━━━━━━━━━━━━━
Setup Help 🔧...................................... 0
Newsletter Signup 📧................................ 0
Product Inquiries 🛍️............................... 0
Partnership Opportunities 🤝....................... 0
Other 💬........................................... 0

━━━━━━━━━━━━━━━━━━━━━━━━━━━━━━━━━━━━━━━━━━━━━━━━━━━━━━━━━━━━━━━━━━━━━━━━━━━━━━
🚀 NEXT STEPS
━━━━━━━━━━━━━━━━━━━━━━━━━━━━━━━━━━━━━━━━━━━━━━━━━━━━━━━━━━━━━━━━━━━━━━━━━━━━━━
1. ✅ Check flagged partnerships:
   → /Users/abundance/.openclaw/workspace/.cache/youtube-flagged-partnerships.jsonl

2. ✅ Review all DMs logged:
   → /Users/abundance/.openclaw/workspace/.cache/youtube-dms.jsonl

3. ✅ Monitor hourly via cron:
   → 0 * * * * cd /Users/abundance/.openclaw/workspace && python3 .bin/youtube-dm-hourly-monitor.py

4. ⏳ Auto-responses configured:
   → Setup Help, Newsletter, Product Inquiry, Partnership

5. 📊 Metrics stored:
   → /Users/abundance/.openclaw/workspace/.cache/youtube-metrics.jsonl

✅ All systems operational

════════════════════════════════════════════════════════════════════════════════
End of Report — 2026-04-19 23:04:53 
════════════════════════════════════════════════════════════════════════════════


╔════════════════════════════════════════════════════════════════════════════╗
║                    🎥 YOUTUBE DM MONITOR REPORT                           ║
║                         Concessa Obvius Channel                           ║
╚════════════════════════════════════════════════════════════════════════════╝

⏱️  Report Time: 2026-04-20T07:04:53.244183Z
✅ Status: SUCCESS

━━━━━━━━━━━━━━━━━━━━━━━━━━━━━━━━━━━━━━━━━━━━━━━━━━━━━━━━━━━━━━━━━━━━━━━━━━━━━━
📊 THIS RUN (Last Hour)
━━━━━━━━━━━━━━━━━━━━━━━━━━━━━━━━━━━━━━━━━━━━━━━━━━━━━━━━━━━━━━━━━━━━━━━━━━━━━━
New DMs in Queue:           0
DMs Processed:              0
Duplicates Skipped:         0
Auto-Responses Sent:        0
Partnerships Flagged:       0

━━━━━━━━━━━━━━━━━━━━━━━━━━━━━━━━━━━━━━━━━━━━━━━━━━━━━━━━━━━━━━━━━━━━━━━━━━━━━━
📈 CUMULATIVE STATS (All Time)
━━━━━━━━━━━━━━━━━━━━━━━━━━━━━━━━━━━━━━━━━━━━━━━━━━━━━━━━━━━━━━━━━━━━━━━━━━━━━━
Total DMs Processed:        9
Total Auto-Responses:       9
Total Partnerships Flagged: 2

━━━━━━━━━━━━━━━━━━━━━━━━━━━━━━━━━━━━━━━━━━━━━━━━━━━━━━━━━━━━━━━━━━━━━━━━━━━━━━
💰 CONVERSION POTENTIAL
━━━━━━━━━━━━━━━━━━━━━━━━━━━━━━━━━━━━━━━━━━━━━━━━━━━━━━━━━━━━━━━━━━━━━━━━━━━━━━
Product Inquiries (This Run): 0
Total New Leads (All Time):   3
Estimated Conversion Rate:    ~15% = ~0 potential customers

━━━━━━━━━━━━━━━━━━━━━━━━━━━━━━━━━━━━━━━━━━━━━━━━━━━━━━━━━━━━━━━━━━━━━━━━━━━━━━
📂 CATEGORY BREAKDOWN (This Run)
━━━━━━━━━━━━━━━━━━━━━━━━━━━━━━━━━━━━━━━━━━━━━━━━━━━━━━━━━━━━━━━━━━━━━━━━━━━━━━
Setup Help 🔧...................................... 0
Newsletter Signup 📧................................ 0
Product Inquiries 🛍️............................... 0
Partnership Opportunities 🤝....................... 0
Other 💬........................................... 0

━━━━━━━━━━━━━━━━━━━━━━━━━━━━━━━━━━━━━━━━━━━━━━━━━━━━━━━━━━━━━━━━━━━━━━━━━━━━━━
🚀 NEXT STEPS
━━━━━━━━━━━━━━━━━━━━━━━━━━━━━━━━━━━━━━━━━━━━━━━━━━━━━━━━━━━━━━━━━━━━━━━━━━━━━━
1. ✅ Check flagged partnerships:
   → /Users/abundance/.openclaw/workspace/.cache/youtube-flagged-partnerships.jsonl

2. ✅ Review all DMs logged:
   → /Users/abundance/.openclaw/workspace/.cache/youtube-dms.jsonl

3. ✅ Monitor hourly via cron:
   → 0 * * * * cd /Users/abundance/.openclaw/workspace && python3 .bin/youtube-dm-hourly-monitor.py

4. ⏳ Auto-responses configured:
   → Setup Help, Newsletter, Product Inquiry, Partnership

5. 📊 Metrics stored:
   → /Users/abundance/.openclaw/workspace/.cache/youtube-metrics.jsonl

✅ All systems operational

════════════════════════════════════════════════════════════════════════════════
End of Report — 2026-04-20 00:04:53 
════════════════════════════════════════════════════════════════════════════════


╔════════════════════════════════════════════════════════════════════════════╗
║                    🎥 YOUTUBE DM MONITOR REPORT                           ║
║                         Concessa Obvius Channel                           ║
╚════════════════════════════════════════════════════════════════════════════╝

⏱️  Report Time: 2026-04-20T08:04:53.326506Z
✅ Status: SUCCESS

━━━━━━━━━━━━━━━━━━━━━━━━━━━━━━━━━━━━━━━━━━━━━━━━━━━━━━━━━━━━━━━━━━━━━━━━━━━━━━
📊 THIS RUN (Last Hour)
━━━━━━━━━━━━━━━━━━━━━━━━━━━━━━━━━━━━━━━━━━━━━━━━━━━━━━━━━━━━━━━━━━━━━━━━━━━━━━
New DMs in Queue:           0
DMs Processed:              0
Duplicates Skipped:         0
Auto-Responses Sent:        0
Partnerships Flagged:       0

━━━━━━━━━━━━━━━━━━━━━━━━━━━━━━━━━━━━━━━━━━━━━━━━━━━━━━━━━━━━━━━━━━━━━━━━━━━━━━
📈 CUMULATIVE STATS (All Time)
━━━━━━━━━━━━━━━━━━━━━━━━━━━━━━━━━━━━━━━━━━━━━━━━━━━━━━━━━━━━━━━━━━━━━━━━━━━━━━
Total DMs Processed:        9
Total Auto-Responses:       9
Total Partnerships Flagged: 2

━━━━━━━━━━━━━━━━━━━━━━━━━━━━━━━━━━━━━━━━━━━━━━━━━━━━━━━━━━━━━━━━━━━━━━━━━━━━━━
💰 CONVERSION POTENTIAL
━━━━━━━━━━━━━━━━━━━━━━━━━━━━━━━━━━━━━━━━━━━━━━━━━━━━━━━━━━━━━━━━━━━━━━━━━━━━━━
Product Inquiries (This Run): 0
Total New Leads (All Time):   3
Estimated Conversion Rate:    ~15% = ~0 potential customers

━━━━━━━━━━━━━━━━━━━━━━━━━━━━━━━━━━━━━━━━━━━━━━━━━━━━━━━━━━━━━━━━━━━━━━━━━━━━━━
📂 CATEGORY BREAKDOWN (This Run)
━━━━━━━━━━━━━━━━━━━━━━━━━━━━━━━━━━━━━━━━━━━━━━━━━━━━━━━━━━━━━━━━━━━━━━━━━━━━━━
Setup Help 🔧...................................... 0
Newsletter Signup 📧................................ 0
Product Inquiries 🛍️............................... 0
Partnership Opportunities 🤝....................... 0
Other 💬........................................... 0

━━━━━━━━━━━━━━━━━━━━━━━━━━━━━━━━━━━━━━━━━━━━━━━━━━━━━━━━━━━━━━━━━━━━━━━━━━━━━━
🚀 NEXT STEPS
━━━━━━━━━━━━━━━━━━━━━━━━━━━━━━━━━━━━━━━━━━━━━━━━━━━━━━━━━━━━━━━━━━━━━━━━━━━━━━
1. ✅ Check flagged partnerships:
   → /Users/abundance/.openclaw/workspace/.cache/youtube-flagged-partnerships.jsonl

2. ✅ Review all DMs logged:
   → /Users/abundance/.openclaw/workspace/.cache/youtube-dms.jsonl

3. ✅ Monitor hourly via cron:
   → 0 * * * * cd /Users/abundance/.openclaw/workspace && python3 .bin/youtube-dm-hourly-monitor.py

4. ⏳ Auto-responses configured:
   → Setup Help, Newsletter, Product Inquiry, Partnership

5. 📊 Metrics stored:
   → /Users/abundance/.openclaw/workspace/.cache/youtube-metrics.jsonl

✅ All systems operational

════════════════════════════════════════════════════════════════════════════════
End of Report — 2026-04-20 01:04:53 
════════════════════════════════════════════════════════════════════════════════


╔════════════════════════════════════════════════════════════════════════════╗
║                    🎥 YOUTUBE DM MONITOR REPORT                           ║
║                         Concessa Obvius Channel                           ║
╚════════════════════════════════════════════════════════════════════════════╝

⏱️  Report Time: 2026-04-20T09:04:53.400147Z
✅ Status: SUCCESS

━━━━━━━━━━━━━━━━━━━━━━━━━━━━━━━━━━━━━━━━━━━━━━━━━━━━━━━━━━━━━━━━━━━━━━━━━━━━━━
📊 THIS RUN (Last Hour)
━━━━━━━━━━━━━━━━━━━━━━━━━━━━━━━━━━━━━━━━━━━━━━━━━━━━━━━━━━━━━━━━━━━━━━━━━━━━━━
New DMs in Queue:           0
DMs Processed:              0
Duplicates Skipped:         0
Auto-Responses Sent:        0
Partnerships Flagged:       0

━━━━━━━━━━━━━━━━━━━━━━━━━━━━━━━━━━━━━━━━━━━━━━━━━━━━━━━━━━━━━━━━━━━━━━━━━━━━━━
📈 CUMULATIVE STATS (All Time)
━━━━━━━━━━━━━━━━━━━━━━━━━━━━━━━━━━━━━━━━━━━━━━━━━━━━━━━━━━━━━━━━━━━━━━━━━━━━━━
Total DMs Processed:        9
Total Auto-Responses:       9
Total Partnerships Flagged: 2

━━━━━━━━━━━━━━━━━━━━━━━━━━━━━━━━━━━━━━━━━━━━━━━━━━━━━━━━━━━━━━━━━━━━━━━━━━━━━━
💰 CONVERSION POTENTIAL
━━━━━━━━━━━━━━━━━━━━━━━━━━━━━━━━━━━━━━━━━━━━━━━━━━━━━━━━━━━━━━━━━━━━━━━━━━━━━━
Product Inquiries (This Run): 0
Total New Leads (All Time):   3
Estimated Conversion Rate:    ~15% = ~0 potential customers

━━━━━━━━━━━━━━━━━━━━━━━━━━━━━━━━━━━━━━━━━━━━━━━━━━━━━━━━━━━━━━━━━━━━━━━━━━━━━━
📂 CATEGORY BREAKDOWN (This Run)
━━━━━━━━━━━━━━━━━━━━━━━━━━━━━━━━━━━━━━━━━━━━━━━━━━━━━━━━━━━━━━━━━━━━━━━━━━━━━━
Setup Help 🔧...................................... 0
Newsletter Signup 📧................................ 0
Product Inquiries 🛍️............................... 0
Partnership Opportunities 🤝....................... 0
Other 💬........................................... 0

━━━━━━━━━━━━━━━━━━━━━━━━━━━━━━━━━━━━━━━━━━━━━━━━━━━━━━━━━━━━━━━━━━━━━━━━━━━━━━
🚀 NEXT STEPS
━━━━━━━━━━━━━━━━━━━━━━━━━━━━━━━━━━━━━━━━━━━━━━━━━━━━━━━━━━━━━━━━━━━━━━━━━━━━━━
1. ✅ Check flagged partnerships:
   → /Users/abundance/.openclaw/workspace/.cache/youtube-flagged-partnerships.jsonl

2. ✅ Review all DMs logged:
   → /Users/abundance/.openclaw/workspace/.cache/youtube-dms.jsonl

3. ✅ Monitor hourly via cron:
   → 0 * * * * cd /Users/abundance/.openclaw/workspace && python3 .bin/youtube-dm-hourly-monitor.py

4. ⏳ Auto-responses configured:
   → Setup Help, Newsletter, Product Inquiry, Partnership

5. 📊 Metrics stored:
   → /Users/abundance/.openclaw/workspace/.cache/youtube-metrics.jsonl

✅ All systems operational

════════════════════════════════════════════════════════════════════════════════
End of Report — 2026-04-20 02:04:53 
════════════════════════════════════════════════════════════════════════════════

