
=== YouTube Comment Monitor Report ===
Channel: Concessa Obvius
Run Time: 2026-04-20 11:00:35

NEW COMMENTS PROCESSED: 5
  - Questions: 2
  - Praise: 1
  - Spam (filtered): 1
  - Sales inquiries: 1

AUTO-RESPONSES SENT: 3
FLAGGED FOR REVIEW: 1

SAMPLE RESPONSES:

1. @Tom Wilson (questions)
   Comment: How do I automate my customer service workflow?...
   Response: Thanks for asking! Check our FAQ at https://concessa.com/faq or reply with speci...

2. @Lisa Ahmed (praise)
   Comment: This approach is absolutely brilliant! Life-changing content!...
   Response: Thank you so much for the kind words! 🙏...

3. @Forex Signals Bot (spam)
   Comment: Make 1000% returns with our forex trading system! Click link below!!!...

4. @Growth Ventures LLC (sales)
   Comment: Your channel is fantastic! We'd love to discuss a brand partnership. Please DM u...

5. @Rachel Green (questions)
   Comment: What timeline are we looking at for enterprise features?...
   Response: Great question! We're building out resources for this. Reply with details and we...

============================================================
