╔════════════════════════════════════════════════════════════════╗
║         YouTube Comment Monitor Report - Concessa Obvius            ║
║                    2026-04-20T09:31:53.995271                         ║
╚════════════════════════════════════════════════════════════════╝

📊 METRICS
──────────────────────────────────────────────────────────────────
Total Comments Processed:        0
Auto-Responses Sent:             0
Flagged for Review (Sales):      0

📂 BREAKDOWN BY CATEGORY
──────────────────────────────────────────────────────────────────
Questions:                       0
Praise:                          0
Spam:                            0
Sales/Partnerships:              0
Other:                           0

📍 LOGS
──────────────────────────────────────────────────────────────────
All comments:  /Users/abundance/.openclaw/workspace/.cache/youtube-comments.jsonl
Flagged items: /Users/abundance/.openclaw/workspace/.cache/youtube-comments-flagged.jsonl
State:         /Users/abundance/.openclaw/workspace/.cache/youtube-comment-state.json

💬 MANUAL REVIEW
──────────────────────────────────────────────────────────────────
If flagged comments exist, review them at:
  cat /Users/abundance/.openclaw/workspace/.cache/youtube-comments-flagged.jsonl

To respond to a flagged comment manually, create a reply in YouTube Studio.

⏰ NEXT RUN
──────────────────────────────────────────────────────────────────
Schedule: Every 30 minutes
Last Run: 2026-04-20T09:31:53.995373

════════════════════════════════════════════════════════════════════
╔════════════════════════════════════════════════════════════════╗
║         YouTube Comment Monitor Report - Concessa Obvius            ║
║                    2026-04-20T10:01:54.059651                         ║
╚════════════════════════════════════════════════════════════════╝

📊 METRICS
──────────────────────────────────────────────────────────────────
Total Comments Processed:        0
Auto-Responses Sent:             0
Flagged for Review (Sales):      0

📂 BREAKDOWN BY CATEGORY
──────────────────────────────────────────────────────────────────
Questions:                       0
Praise:                          0
Spam:                            0
Sales/Partnerships:              0
Other:                           0

📍 LOGS
──────────────────────────────────────────────────────────────────
All comments:  /Users/abundance/.openclaw/workspace/.cache/youtube-comments.jsonl
Flagged items: /Users/abundance/.openclaw/workspace/.cache/youtube-comments-flagged.jsonl
State:         /Users/abundance/.openclaw/workspace/.cache/youtube-comment-state.json

💬 MANUAL REVIEW
──────────────────────────────────────────────────────────────────
If flagged comments exist, review them at:
  cat /Users/abundance/.openclaw/workspace/.cache/youtube-comments-flagged.jsonl

To respond to a flagged comment manually, create a reply in YouTube Studio.

⏰ NEXT RUN
──────────────────────────────────────────────────────────────────
Schedule: Every 30 minutes
Last Run: 2026-04-20T10:01:54.059766

════════════════════════════════════════════════════════════════════
╔════════════════════════════════════════════════════════════════╗
║         YouTube Comment Monitor Report - Concessa Obvius            ║
║                    2026-04-20T10:31:54.133188                         ║
╚════════════════════════════════════════════════════════════════╝

📊 METRICS
──────────────────────────────────────────────────────────────────
Total Comments Processed:        0
Auto-Responses Sent:             0
Flagged for Review (Sales):      0

📂 BREAKDOWN BY CATEGORY
──────────────────────────────────────────────────────────────────
Questions:                       0
Praise:                          0
Spam:                            0
Sales/Partnerships:              0
Other:                           0

📍 LOGS
──────────────────────────────────────────────────────────────────
All comments:  /Users/abundance/.openclaw/workspace/.cache/youtube-comments.jsonl
Flagged items: /Users/abundance/.openclaw/workspace/.cache/youtube-comments-flagged.jsonl
State:         /Users/abundance/.openclaw/workspace/.cache/youtube-comment-state.json

💬 MANUAL REVIEW
──────────────────────────────────────────────────────────────────
If flagged comments exist, review them at:
  cat /Users/abundance/.openclaw/workspace/.cache/youtube-comments-flagged.jsonl

To respond to a flagged comment manually, create a reply in YouTube Studio.

⏰ NEXT RUN
──────────────────────────────────────────────────────────────────
Schedule: Every 30 minutes
Last Run: 2026-04-20T10:31:54.133294

════════════════════════════════════════════════════════════════════
╔════════════════════════════════════════════════════════════════╗
║         YouTube Comment Monitor Report - Concessa Obvius            ║
║                    2026-04-20T11:01:54.208219                         ║
╚════════════════════════════════════════════════════════════════╝

📊 METRICS
──────────────────────────────────────────────────────────────────
Total Comments Processed:        0
Auto-Responses Sent:             0
Flagged for Review (Sales):      0

📂 BREAKDOWN BY CATEGORY
──────────────────────────────────────────────────────────────────
Questions:                       0
Praise:                          0
Spam:                            0
Sales/Partnerships:              0
Other:                           0

📍 LOGS
──────────────────────────────────────────────────────────────────
All comments:  /Users/abundance/.openclaw/workspace/.cache/youtube-comments.jsonl
Flagged items: /Users/abundance/.openclaw/workspace/.cache/youtube-comments-flagged.jsonl
State:         /Users/abundance/.openclaw/workspace/.cache/youtube-comment-state.json

💬 MANUAL REVIEW
──────────────────────────────────────────────────────────────────
If flagged comments exist, review them at:
  cat /Users/abundance/.openclaw/workspace/.cache/youtube-comments-flagged.jsonl

To respond to a flagged comment manually, create a reply in YouTube Studio.

⏰ NEXT RUN
──────────────────────────────────────────────────────────────────
Schedule: Every 30 minutes
Last Run: 2026-04-20T11:01:54.208329

════════════════════════════════════════════════════════════════════
╔════════════════════════════════════════════════════════════════╗
║         YouTube Comment Monitor Report - Concessa Obvius            ║
║                    2026-04-20T11:31:54.284292                         ║
╚════════════════════════════════════════════════════════════════╝

📊 METRICS
──────────────────────────────────────────────────────────────────
Total Comments Processed:        0
Auto-Responses Sent:             0
Flagged for Review (Sales):      0

📂 BREAKDOWN BY CATEGORY
──────────────────────────────────────────────────────────────────
Questions:                       0
Praise:                          0
Spam:                            0
Sales/Partnerships:              0
Other:                           0

📍 LOGS
──────────────────────────────────────────────────────────────────
All comments:  /Users/abundance/.openclaw/workspace/.cache/youtube-comments.jsonl
Flagged items: /Users/abundance/.openclaw/workspace/.cache/youtube-comments-flagged.jsonl
State:         /Users/abundance/.openclaw/workspace/.cache/youtube-comment-state.json

💬 MANUAL REVIEW
──────────────────────────────────────────────────────────────────
If flagged comments exist, review them at:
  cat /Users/abundance/.openclaw/workspace/.cache/youtube-comments-flagged.jsonl

To respond to a flagged comment manually, create a reply in YouTube Studio.

⏰ NEXT RUN
──────────────────────────────────────────────────────────────────
Schedule: Every 30 minutes
Last Run: 2026-04-20T11:31:54.284403

════════════════════════════════════════════════════════════════════
╔════════════════════════════════════════════════════════════════╗
║         YouTube Comment Monitor Report - Concessa Obvius            ║
║                    2026-04-20T12:01:54.358714                         ║
╚════════════════════════════════════════════════════════════════╝

📊 METRICS
──────────────────────────────────────────────────────────────────
Total Comments Processed:        0
Auto-Responses Sent:             0
Flagged for Review (Sales):      0

📂 BREAKDOWN BY CATEGORY
──────────────────────────────────────────────────────────────────
Questions:                       0
Praise:                          0
Spam:                            0
Sales/Partnerships:              0
Other:                           0

📍 LOGS
──────────────────────────────────────────────────────────────────
All comments:  /Users/abundance/.openclaw/workspace/.cache/youtube-comments.jsonl
Flagged items: /Users/abundance/.openclaw/workspace/.cache/youtube-comments-flagged.jsonl
State:         /Users/abundance/.openclaw/workspace/.cache/youtube-comment-state.json

💬 MANUAL REVIEW
──────────────────────────────────────────────────────────────────
If flagged comments exist, review them at:
  cat /Users/abundance/.openclaw/workspace/.cache/youtube-comments-flagged.jsonl

To respond to a flagged comment manually, create a reply in YouTube Studio.

⏰ NEXT RUN
──────────────────────────────────────────────────────────────────
Schedule: Every 30 minutes
Last Run: 2026-04-20T12:01:54.358828

════════════════════════════════════════════════════════════════════
╔════════════════════════════════════════════════════════════════╗
║         YouTube Comment Monitor Report - Concessa Obvius            ║
║                    2026-04-20T12:31:54.432316                         ║
╚════════════════════════════════════════════════════════════════╝

📊 METRICS
──────────────────────────────────────────────────────────────────
Total Comments Processed:        0
Auto-Responses Sent:             0
Flagged for Review (Sales):      0

📂 BREAKDOWN BY CATEGORY
──────────────────────────────────────────────────────────────────
Questions:                       0
Praise:                          0
Spam:                            0
Sales/Partnerships:              0
Other:                           0

📍 LOGS
──────────────────────────────────────────────────────────────────
All comments:  /Users/abundance/.openclaw/workspace/.cache/youtube-comments.jsonl
Flagged items: /Users/abundance/.openclaw/workspace/.cache/youtube-comments-flagged.jsonl
State:         /Users/abundance/.openclaw/workspace/.cache/youtube-comment-state.json

💬 MANUAL REVIEW
──────────────────────────────────────────────────────────────────
If flagged comments exist, review them at:
  cat /Users/abundance/.openclaw/workspace/.cache/youtube-comments-flagged.jsonl

To respond to a flagged comment manually, create a reply in YouTube Studio.

⏰ NEXT RUN
──────────────────────────────────────────────────────────────────
Schedule: Every 30 minutes
Last Run: 2026-04-20T12:31:54.432429

════════════════════════════════════════════════════════════════════
╔════════════════════════════════════════════════════════════════╗
║         YouTube Comment Monitor Report - Concessa Obvius            ║
║                    2026-04-20T13:01:54.500507                         ║
╚════════════════════════════════════════════════════════════════╝

📊 METRICS
──────────────────────────────────────────────────────────────────
Total Comments Processed:        0
Auto-Responses Sent:             0
Flagged for Review (Sales):      0

📂 BREAKDOWN BY CATEGORY
──────────────────────────────────────────────────────────────────
Questions:                       0
Praise:                          0
Spam:                            0
Sales/Partnerships:              0
Other:                           0

📍 LOGS
──────────────────────────────────────────────────────────────────
All comments:  /Users/abundance/.openclaw/workspace/.cache/youtube-comments.jsonl
Flagged items: /Users/abundance/.openclaw/workspace/.cache/youtube-comments-flagged.jsonl
State:         /Users/abundance/.openclaw/workspace/.cache/youtube-comment-state.json

💬 MANUAL REVIEW
──────────────────────────────────────────────────────────────────
If flagged comments exist, review them at:
  cat /Users/abundance/.openclaw/workspace/.cache/youtube-comments-flagged.jsonl

To respond to a flagged comment manually, create a reply in YouTube Studio.

⏰ NEXT RUN
──────────────────────────────────────────────────────────────────
Schedule: Every 30 minutes
Last Run: 2026-04-20T13:01:54.500625

════════════════════════════════════════════════════════════════════
╔════════════════════════════════════════════════════════════════╗
║         YouTube Comment Monitor Report - Concessa Obvius            ║
║                    2026-04-20T13:31:54.566688                         ║
╚════════════════════════════════════════════════════════════════╝

📊 METRICS
──────────────────────────────────────────────────────────────────
Total Comments Processed:        0
Auto-Responses Sent:             0
Flagged for Review (Sales):      0

📂 BREAKDOWN BY CATEGORY
──────────────────────────────────────────────────────────────────
Questions:                       0
Praise:                          0
Spam:                            0
Sales/Partnerships:              0
Other:                           0

📍 LOGS
──────────────────────────────────────────────────────────────────
All comments:  /Users/abundance/.openclaw/workspace/.cache/youtube-comments.jsonl
Flagged items: /Users/abundance/.openclaw/workspace/.cache/youtube-comments-flagged.jsonl
State:         /Users/abundance/.openclaw/workspace/.cache/youtube-comment-state.json

💬 MANUAL REVIEW
──────────────────────────────────────────────────────────────────
If flagged comments exist, review them at:
  cat /Users/abundance/.openclaw/workspace/.cache/youtube-comments-flagged.jsonl

To respond to a flagged comment manually, create a reply in YouTube Studio.

⏰ NEXT RUN
──────────────────────────────────────────────────────────────────
Schedule: Every 30 minutes
Last Run: 2026-04-20T13:31:54.566786

════════════════════════════════════════════════════════════════════
╔════════════════════════════════════════════════════════════════╗
║         YouTube Comment Monitor Report - Concessa Obvius            ║
║                    2026-04-20T14:01:54.639080                         ║
╚════════════════════════════════════════════════════════════════╝

📊 METRICS
──────────────────────────────────────────────────────────────────
Total Comments Processed:        0
Auto-Responses Sent:             0
Flagged for Review (Sales):      0

📂 BREAKDOWN BY CATEGORY
──────────────────────────────────────────────────────────────────
Questions:                       0
Praise:                          0
Spam:                            0
Sales/Partnerships:              0
Other:                           0

📍 LOGS
──────────────────────────────────────────────────────────────────
All comments:  /Users/abundance/.openclaw/workspace/.cache/youtube-comments.jsonl
Flagged items: /Users/abundance/.openclaw/workspace/.cache/youtube-comments-flagged.jsonl
State:         /Users/abundance/.openclaw/workspace/.cache/youtube-comment-state.json

💬 MANUAL REVIEW
──────────────────────────────────────────────────────────────────
If flagged comments exist, review them at:
  cat /Users/abundance/.openclaw/workspace/.cache/youtube-comments-flagged.jsonl

To respond to a flagged comment manually, create a reply in YouTube Studio.

⏰ NEXT RUN
──────────────────────────────────────────────────────────────────
Schedule: Every 30 minutes
Last Run: 2026-04-20T14:01:54.639188

════════════════════════════════════════════════════════════════════
╔════════════════════════════════════════════════════════════════╗
║         YouTube Comment Monitor Report - Concessa Obvius            ║
║                    2026-04-20T14:31:54.704083                         ║
╚════════════════════════════════════════════════════════════════╝

📊 METRICS
──────────────────────────────────────────────────────────────────
Total Comments Processed:        0
Auto-Responses Sent:             0
Flagged for Review (Sales):      0

📂 BREAKDOWN BY CATEGORY
──────────────────────────────────────────────────────────────────
Questions:                       0
Praise:                          0
Spam:                            0
Sales/Partnerships:              0
Other:                           0

📍 LOGS
──────────────────────────────────────────────────────────────────
All comments:  /Users/abundance/.openclaw/workspace/.cache/youtube-comments.jsonl
Flagged items: /Users/abundance/.openclaw/workspace/.cache/youtube-comments-flagged.jsonl
State:         /Users/abundance/.openclaw/workspace/.cache/youtube-comment-state.json

💬 MANUAL REVIEW
──────────────────────────────────────────────────────────────────
If flagged comments exist, review them at:
  cat /Users/abundance/.openclaw/workspace/.cache/youtube-comments-flagged.jsonl

To respond to a flagged comment manually, create a reply in YouTube Studio.

⏰ NEXT RUN
──────────────────────────────────────────────────────────────────
Schedule: Every 30 minutes
Last Run: 2026-04-20T14:31:54.704194

════════════════════════════════════════════════════════════════════
╔════════════════════════════════════════════════════════════════╗
║         YouTube Comment Monitor Report - Concessa Obvius            ║
║                    2026-04-20T15:01:54.769193                         ║
╚════════════════════════════════════════════════════════════════╝

📊 METRICS
──────────────────────────────────────────────────────────────────
Total Comments Processed:        0
Auto-Responses Sent:             0
Flagged for Review (Sales):      0

📂 BREAKDOWN BY CATEGORY
──────────────────────────────────────────────────────────────────
Questions:                       0
Praise:                          0
Spam:                            0
Sales/Partnerships:              0
Other:                           0

📍 LOGS
──────────────────────────────────────────────────────────────────
All comments:  /Users/abundance/.openclaw/workspace/.cache/youtube-comments.jsonl
Flagged items: /Users/abundance/.openclaw/workspace/.cache/youtube-comments-flagged.jsonl
State:         /Users/abundance/.openclaw/workspace/.cache/youtube-comment-state.json

💬 MANUAL REVIEW
──────────────────────────────────────────────────────────────────
If flagged comments exist, review them at:
  cat /Users/abundance/.openclaw/workspace/.cache/youtube-comments-flagged.jsonl

To respond to a flagged comment manually, create a reply in YouTube Studio.

⏰ NEXT RUN
──────────────────────────────────────────────────────────────────
Schedule: Every 30 minutes
Last Run: 2026-04-20T15:01:54.769292

════════════════════════════════════════════════════════════════════
╔════════════════════════════════════════════════════════════════╗
║         YouTube Comment Monitor Report - Concessa Obvius            ║
║                    2026-04-20T15:31:54.838846                         ║
╚════════════════════════════════════════════════════════════════╝

📊 METRICS
──────────────────────────────────────────────────────────────────
Total Comments Processed:        0
Auto-Responses Sent:             0
Flagged for Review (Sales):      0

📂 BREAKDOWN BY CATEGORY
──────────────────────────────────────────────────────────────────
Questions:                       0
Praise:                          0
Spam:                            0
Sales/Partnerships:              0
Other:                           0

📍 LOGS
──────────────────────────────────────────────────────────────────
All comments:  /Users/abundance/.openclaw/workspace/.cache/youtube-comments.jsonl
Flagged items: /Users/abundance/.openclaw/workspace/.cache/youtube-comments-flagged.jsonl
State:         /Users/abundance/.openclaw/workspace/.cache/youtube-comment-state.json

💬 MANUAL REVIEW
──────────────────────────────────────────────────────────────────
If flagged comments exist, review them at:
  cat /Users/abundance/.openclaw/workspace/.cache/youtube-comments-flagged.jsonl

To respond to a flagged comment manually, create a reply in YouTube Studio.

⏰ NEXT RUN
──────────────────────────────────────────────────────────────────
Schedule: Every 30 minutes
Last Run: 2026-04-20T15:31:54.838950

════════════════════════════════════════════════════════════════════
╔════════════════════════════════════════════════════════════════╗
║         YouTube Comment Monitor Report - Concessa Obvius            ║
║                    2026-04-20T16:01:54.912551                         ║
╚════════════════════════════════════════════════════════════════╝

📊 METRICS
──────────────────────────────────────────────────────────────────
Total Comments Processed:        0
Auto-Responses Sent:             0
Flagged for Review (Sales):      0

📂 BREAKDOWN BY CATEGORY
──────────────────────────────────────────────────────────────────
Questions:                       0
Praise:                          0
Spam:                            0
Sales/Partnerships:              0
Other:                           0

📍 LOGS
──────────────────────────────────────────────────────────────────
All comments:  /Users/abundance/.openclaw/workspace/.cache/youtube-comments.jsonl
Flagged items: /Users/abundance/.openclaw/workspace/.cache/youtube-comments-flagged.jsonl
State:         /Users/abundance/.openclaw/workspace/.cache/youtube-comment-state.json

💬 MANUAL REVIEW
──────────────────────────────────────────────────────────────────
If flagged comments exist, review them at:
  cat /Users/abundance/.openclaw/workspace/.cache/youtube-comments-flagged.jsonl

To respond to a flagged comment manually, create a reply in YouTube Studio.

⏰ NEXT RUN
──────────────────────────────────────────────────────────────────
Schedule: Every 30 minutes
Last Run: 2026-04-20T16:01:54.912648

════════════════════════════════════════════════════════════════════
╔════════════════════════════════════════════════════════════════╗
║         YouTube Comment Monitor Report - Concessa Obvius            ║
║                    2026-04-20T16:31:54.976470                         ║
╚════════════════════════════════════════════════════════════════╝

📊 METRICS
──────────────────────────────────────────────────────────────────
Total Comments Processed:        0
Auto-Responses Sent:             0
Flagged for Review (Sales):      0

📂 BREAKDOWN BY CATEGORY
──────────────────────────────────────────────────────────────────
Questions:                       0
Praise:                          0
Spam:                            0
Sales/Partnerships:              0
Other:                           0

📍 LOGS
──────────────────────────────────────────────────────────────────
All comments:  /Users/abundance/.openclaw/workspace/.cache/youtube-comments.jsonl
Flagged items: /Users/abundance/.openclaw/workspace/.cache/youtube-comments-flagged.jsonl
State:         /Users/abundance/.openclaw/workspace/.cache/youtube-comment-state.json

💬 MANUAL REVIEW
──────────────────────────────────────────────────────────────────
If flagged comments exist, review them at:
  cat /Users/abundance/.openclaw/workspace/.cache/youtube-comments-flagged.jsonl

To respond to a flagged comment manually, create a reply in YouTube Studio.

⏰ NEXT RUN
──────────────────────────────────────────────────────────────────
Schedule: Every 30 minutes
Last Run: 2026-04-20T16:31:54.976577

════════════════════════════════════════════════════════════════════
╔════════════════════════════════════════════════════════════════╗
║         YouTube Comment Monitor Report - Concessa Obvius            ║
║                    2026-04-20T17:01:55.048882                         ║
╚════════════════════════════════════════════════════════════════╝

📊 METRICS
──────────────────────────────────────────────────────────────────
Total Comments Processed:        0
Auto-Responses Sent:             0
Flagged for Review (Sales):      0

📂 BREAKDOWN BY CATEGORY
──────────────────────────────────────────────────────────────────
Questions:                       0
Praise:                          0
Spam:                            0
Sales/Partnerships:              0
Other:                           0

📍 LOGS
──────────────────────────────────────────────────────────────────
All comments:  /Users/abundance/.openclaw/workspace/.cache/youtube-comments.jsonl
Flagged items: /Users/abundance/.openclaw/workspace/.cache/youtube-comments-flagged.jsonl
State:         /Users/abundance/.openclaw/workspace/.cache/youtube-comment-state.json

💬 MANUAL REVIEW
──────────────────────────────────────────────────────────────────
If flagged comments exist, review them at:
  cat /Users/abundance/.openclaw/workspace/.cache/youtube-comments-flagged.jsonl

To respond to a flagged comment manually, create a reply in YouTube Studio.

⏰ NEXT RUN
──────────────────────────────────────────────────────────────────
Schedule: Every 30 minutes
Last Run: 2026-04-20T17:01:55.048987

════════════════════════════════════════════════════════════════════
╔════════════════════════════════════════════════════════════════╗
║         YouTube Comment Monitor Report - Concessa Obvius            ║
║                    2026-04-20T17:31:55.123008                         ║
╚════════════════════════════════════════════════════════════════╝

📊 METRICS
──────────────────────────────────────────────────────────────────
Total Comments Processed:        0
Auto-Responses Sent:             0
Flagged for Review (Sales):      0

📂 BREAKDOWN BY CATEGORY
──────────────────────────────────────────────────────────────────
Questions:                       0
Praise:                          0
Spam:                            0
Sales/Partnerships:              0
Other:                           0

📍 LOGS
──────────────────────────────────────────────────────────────────
All comments:  /Users/abundance/.openclaw/workspace/.cache/youtube-comments.jsonl
Flagged items: /Users/abundance/.openclaw/workspace/.cache/youtube-comments-flagged.jsonl
State:         /Users/abundance/.openclaw/workspace/.cache/youtube-comment-state.json

💬 MANUAL REVIEW
──────────────────────────────────────────────────────────────────
If flagged comments exist, review them at:
  cat /Users/abundance/.openclaw/workspace/.cache/youtube-comments-flagged.jsonl

To respond to a flagged comment manually, create a reply in YouTube Studio.

⏰ NEXT RUN
──────────────────────────────────────────────────────────────────
Schedule: Every 30 minutes
Last Run: 2026-04-20T17:31:55.123113

════════════════════════════════════════════════════════════════════
╔════════════════════════════════════════════════════════════════╗
║         YouTube Comment Monitor Report - Concessa Obvius            ║
║                    2026-04-20T18:01:55.196925                         ║
╚════════════════════════════════════════════════════════════════╝

📊 METRICS
──────────────────────────────────────────────────────────────────
Total Comments Processed:        0
Auto-Responses Sent:             0
Flagged for Review (Sales):      0

📂 BREAKDOWN BY CATEGORY
──────────────────────────────────────────────────────────────────
Questions:                       0
Praise:                          0
Spam:                            0
Sales/Partnerships:              0
Other:                           0

📍 LOGS
──────────────────────────────────────────────────────────────────
All comments:  /Users/abundance/.openclaw/workspace/.cache/youtube-comments.jsonl
Flagged items: /Users/abundance/.openclaw/workspace/.cache/youtube-comments-flagged.jsonl
State:         /Users/abundance/.openclaw/workspace/.cache/youtube-comment-state.json

💬 MANUAL REVIEW
──────────────────────────────────────────────────────────────────
If flagged comments exist, review them at:
  cat /Users/abundance/.openclaw/workspace/.cache/youtube-comments-flagged.jsonl

To respond to a flagged comment manually, create a reply in YouTube Studio.

⏰ NEXT RUN
──────────────────────────────────────────────────────────────────
Schedule: Every 30 minutes
Last Run: 2026-04-20T18:01:55.197042

════════════════════════════════════════════════════════════════════
╔════════════════════════════════════════════════════════════════╗
║         YouTube Comment Monitor Report - Concessa Obvius            ║
║                    2026-04-20T18:31:55.267321                         ║
╚════════════════════════════════════════════════════════════════╝

📊 METRICS
──────────────────────────────────────────────────────────────────
Total Comments Processed:        0
Auto-Responses Sent:             0
Flagged for Review (Sales):      0

📂 BREAKDOWN BY CATEGORY
──────────────────────────────────────────────────────────────────
Questions:                       0
Praise:                          0
Spam:                            0
Sales/Partnerships:              0
Other:                           0

📍 LOGS
──────────────────────────────────────────────────────────────────
All comments:  /Users/abundance/.openclaw/workspace/.cache/youtube-comments.jsonl
Flagged items: /Users/abundance/.openclaw/workspace/.cache/youtube-comments-flagged.jsonl
State:         /Users/abundance/.openclaw/workspace/.cache/youtube-comment-state.json

💬 MANUAL REVIEW
──────────────────────────────────────────────────────────────────
If flagged comments exist, review them at:
  cat /Users/abundance/.openclaw/workspace/.cache/youtube-comments-flagged.jsonl

To respond to a flagged comment manually, create a reply in YouTube Studio.

⏰ NEXT RUN
──────────────────────────────────────────────────────────────────
Schedule: Every 30 minutes
Last Run: 2026-04-20T18:31:55.267431

════════════════════════════════════════════════════════════════════
╔════════════════════════════════════════════════════════════════╗
║         YouTube Comment Monitor Report - Concessa Obvius            ║
║                    2026-04-20T19:01:55.333643                         ║
╚════════════════════════════════════════════════════════════════╝

📊 METRICS
──────────────────────────────────────────────────────────────────
Total Comments Processed:        0
Auto-Responses Sent:             0
Flagged for Review (Sales):      0

📂 BREAKDOWN BY CATEGORY
──────────────────────────────────────────────────────────────────
Questions:                       0
Praise:                          0
Spam:                            0
Sales/Partnerships:              0
Other:                           0

📍 LOGS
──────────────────────────────────────────────────────────────────
All comments:  /Users/abundance/.openclaw/workspace/.cache/youtube-comments.jsonl
Flagged items: /Users/abundance/.openclaw/workspace/.cache/youtube-comments-flagged.jsonl
State:         /Users/abundance/.openclaw/workspace/.cache/youtube-comment-state.json

💬 MANUAL REVIEW
──────────────────────────────────────────────────────────────────
If flagged comments exist, review them at:
  cat /Users/abundance/.openclaw/workspace/.cache/youtube-comments-flagged.jsonl

To respond to a flagged comment manually, create a reply in YouTube Studio.

⏰ NEXT RUN
──────────────────────────────────────────────────────────────────
Schedule: Every 30 minutes
Last Run: 2026-04-20T19:01:55.333742

════════════════════════════════════════════════════════════════════
╔════════════════════════════════════════════════════════════════╗
║         YouTube Comment Monitor Report - Concessa Obvius            ║
║                    2026-04-20T19:31:55.398595                         ║
╚════════════════════════════════════════════════════════════════╝

📊 METRICS
──────────────────────────────────────────────────────────────────
Total Comments Processed:        0
Auto-Responses Sent:             0
Flagged for Review (Sales):      0

📂 BREAKDOWN BY CATEGORY
──────────────────────────────────────────────────────────────────
Questions:                       0
Praise:                          0
Spam:                            0
Sales/Partnerships:              0
Other:                           0

📍 LOGS
──────────────────────────────────────────────────────────────────
All comments:  /Users/abundance/.openclaw/workspace/.cache/youtube-comments.jsonl
Flagged items: /Users/abundance/.openclaw/workspace/.cache/youtube-comments-flagged.jsonl
State:         /Users/abundance/.openclaw/workspace/.cache/youtube-comment-state.json

💬 MANUAL REVIEW
──────────────────────────────────────────────────────────────────
If flagged comments exist, review them at:
  cat /Users/abundance/.openclaw/workspace/.cache/youtube-comments-flagged.jsonl

To respond to a flagged comment manually, create a reply in YouTube Studio.

⏰ NEXT RUN
──────────────────────────────────────────────────────────────────
Schedule: Every 30 minutes
Last Run: 2026-04-20T19:31:55.398708

════════════════════════════════════════════════════════════════════
╔════════════════════════════════════════════════════════════════╗
║         YouTube Comment Monitor Report - Concessa Obvius            ║
║                    2026-04-20T20:01:55.470068                         ║
╚════════════════════════════════════════════════════════════════╝

📊 METRICS
──────────────────────────────────────────────────────────────────
Total Comments Processed:        0
Auto-Responses Sent:             0
Flagged for Review (Sales):      0

📂 BREAKDOWN BY CATEGORY
──────────────────────────────────────────────────────────────────
Questions:                       0
Praise:                          0
Spam:                            0
Sales/Partnerships:              0
Other:                           0

📍 LOGS
──────────────────────────────────────────────────────────────────
All comments:  /Users/abundance/.openclaw/workspace/.cache/youtube-comments.jsonl
Flagged items: /Users/abundance/.openclaw/workspace/.cache/youtube-comments-flagged.jsonl
State:         /Users/abundance/.openclaw/workspace/.cache/youtube-comment-state.json

💬 MANUAL REVIEW
──────────────────────────────────────────────────────────────────
If flagged comments exist, review them at:
  cat /Users/abundance/.openclaw/workspace/.cache/youtube-comments-flagged.jsonl

To respond to a flagged comment manually, create a reply in YouTube Studio.

⏰ NEXT RUN
──────────────────────────────────────────────────────────────────
Schedule: Every 30 minutes
Last Run: 2026-04-20T20:01:55.470183

════════════════════════════════════════════════════════════════════
╔════════════════════════════════════════════════════════════════╗
║         YouTube Comment Monitor Report - Concessa Obvius            ║
║                    2026-04-20T20:31:55.544336                         ║
╚════════════════════════════════════════════════════════════════╝

📊 METRICS
──────────────────────────────────────────────────────────────────
Total Comments Processed:        0
Auto-Responses Sent:             0
Flagged for Review (Sales):      0

📂 BREAKDOWN BY CATEGORY
──────────────────────────────────────────────────────────────────
Questions:                       0
Praise:                          0
Spam:                            0
Sales/Partnerships:              0
Other:                           0

📍 LOGS
──────────────────────────────────────────────────────────────────
All comments:  /Users/abundance/.openclaw/workspace/.cache/youtube-comments.jsonl
Flagged items: /Users/abundance/.openclaw/workspace/.cache/youtube-comments-flagged.jsonl
State:         /Users/abundance/.openclaw/workspace/.cache/youtube-comment-state.json

💬 MANUAL REVIEW
──────────────────────────────────────────────────────────────────
If flagged comments exist, review them at:
  cat /Users/abundance/.openclaw/workspace/.cache/youtube-comments-flagged.jsonl

To respond to a flagged comment manually, create a reply in YouTube Studio.

⏰ NEXT RUN
──────────────────────────────────────────────────────────────────
Schedule: Every 30 minutes
Last Run: 2026-04-20T20:31:55.544443

════════════════════════════════════════════════════════════════════
╔════════════════════════════════════════════════════════════════╗
║         YouTube Comment Monitor Report - Concessa Obvius            ║
║                    2026-04-20T21:01:55.615791                         ║
╚════════════════════════════════════════════════════════════════╝

📊 METRICS
──────────────────────────────────────────────────────────────────
Total Comments Processed:        0
Auto-Responses Sent:             0
Flagged for Review (Sales):      0

📂 BREAKDOWN BY CATEGORY
──────────────────────────────────────────────────────────────────
Questions:                       0
Praise:                          0
Spam:                            0
Sales/Partnerships:              0
Other:                           0

📍 LOGS
──────────────────────────────────────────────────────────────────
All comments:  /Users/abundance/.openclaw/workspace/.cache/youtube-comments.jsonl
Flagged items: /Users/abundance/.openclaw/workspace/.cache/youtube-comments-flagged.jsonl
State:         /Users/abundance/.openclaw/workspace/.cache/youtube-comment-state.json

💬 MANUAL REVIEW
──────────────────────────────────────────────────────────────────
If flagged comments exist, review them at:
  cat /Users/abundance/.openclaw/workspace/.cache/youtube-comments-flagged.jsonl

To respond to a flagged comment manually, create a reply in YouTube Studio.

⏰ NEXT RUN
──────────────────────────────────────────────────────────────────
Schedule: Every 30 minutes
Last Run: 2026-04-20T21:01:55.615902

════════════════════════════════════════════════════════════════════
╔════════════════════════════════════════════════════════════════╗
║         YouTube Comment Monitor Report - Concessa Obvius            ║
║                    2026-04-20T21:31:55.687664                         ║
╚════════════════════════════════════════════════════════════════╝

📊 METRICS
──────────────────────────────────────────────────────────────────
Total Comments Processed:        0
Auto-Responses Sent:             0
Flagged for Review (Sales):      0

📂 BREAKDOWN BY CATEGORY
──────────────────────────────────────────────────────────────────
Questions:                       0
Praise:                          0
Spam:                            0
Sales/Partnerships:              0
Other:                           0

📍 LOGS
──────────────────────────────────────────────────────────────────
All comments:  /Users/abundance/.openclaw/workspace/.cache/youtube-comments.jsonl
Flagged items: /Users/abundance/.openclaw/workspace/.cache/youtube-comments-flagged.jsonl
State:         /Users/abundance/.openclaw/workspace/.cache/youtube-comment-state.json

💬 MANUAL REVIEW
──────────────────────────────────────────────────────────────────
If flagged comments exist, review them at:
  cat /Users/abundance/.openclaw/workspace/.cache/youtube-comments-flagged.jsonl

To respond to a flagged comment manually, create a reply in YouTube Studio.

⏰ NEXT RUN
──────────────────────────────────────────────────────────────────
Schedule: Every 30 minutes
Last Run: 2026-04-20T21:31:55.687761

════════════════════════════════════════════════════════════════════
╔════════════════════════════════════════════════════════════════╗
║         YouTube Comment Monitor Report - Concessa Obvius            ║
║                    2026-04-20T22:01:55.758383                         ║
╚════════════════════════════════════════════════════════════════╝

📊 METRICS
──────────────────────────────────────────────────────────────────
Total Comments Processed:        0
Auto-Responses Sent:             0
Flagged for Review (Sales):      0

📂 BREAKDOWN BY CATEGORY
──────────────────────────────────────────────────────────────────
Questions:                       0
Praise:                          0
Spam:                            0
Sales/Partnerships:              0
Other:                           0

📍 LOGS
──────────────────────────────────────────────────────────────────
All comments:  /Users/abundance/.openclaw/workspace/.cache/youtube-comments.jsonl
Flagged items: /Users/abundance/.openclaw/workspace/.cache/youtube-comments-flagged.jsonl
State:         /Users/abundance/.openclaw/workspace/.cache/youtube-comment-state.json

💬 MANUAL REVIEW
──────────────────────────────────────────────────────────────────
If flagged comments exist, review them at:
  cat /Users/abundance/.openclaw/workspace/.cache/youtube-comments-flagged.jsonl

To respond to a flagged comment manually, create a reply in YouTube Studio.

⏰ NEXT RUN
──────────────────────────────────────────────────────────────────
Schedule: Every 30 minutes
Last Run: 2026-04-20T22:01:55.758480

════════════════════════════════════════════════════════════════════
╔════════════════════════════════════════════════════════════════╗
║         YouTube Comment Monitor Report - Concessa Obvius            ║
║                    2026-04-20T22:31:55.831669                         ║
╚════════════════════════════════════════════════════════════════╝

📊 METRICS
──────────────────────────────────────────────────────────────────
Total Comments Processed:        0
Auto-Responses Sent:             0
Flagged for Review (Sales):      0

📂 BREAKDOWN BY CATEGORY
──────────────────────────────────────────────────────────────────
Questions:                       0
Praise:                          0
Spam:                            0
Sales/Partnerships:              0
Other:                           0

📍 LOGS
──────────────────────────────────────────────────────────────────
All comments:  /Users/abundance/.openclaw/workspace/.cache/youtube-comments.jsonl
Flagged items: /Users/abundance/.openclaw/workspace/.cache/youtube-comments-flagged.jsonl
State:         /Users/abundance/.openclaw/workspace/.cache/youtube-comment-state.json

💬 MANUAL REVIEW
──────────────────────────────────────────────────────────────────
If flagged comments exist, review them at:
  cat /Users/abundance/.openclaw/workspace/.cache/youtube-comments-flagged.jsonl

To respond to a flagged comment manually, create a reply in YouTube Studio.

⏰ NEXT RUN
──────────────────────────────────────────────────────────────────
Schedule: Every 30 minutes
Last Run: 2026-04-20T22:31:55.831895

════════════════════════════════════════════════════════════════════
╔════════════════════════════════════════════════════════════════╗
║         YouTube Comment Monitor Report - Concessa Obvius            ║
║                    2026-04-20T23:01:55.895976                         ║
╚════════════════════════════════════════════════════════════════╝

📊 METRICS
──────────────────────────────────────────────────────────────────
Total Comments Processed:        0
Auto-Responses Sent:             0
Flagged for Review (Sales):      0

📂 BREAKDOWN BY CATEGORY
──────────────────────────────────────────────────────────────────
Questions:                       0
Praise:                          0
Spam:                            0
Sales/Partnerships:              0
Other:                           0

📍 LOGS
──────────────────────────────────────────────────────────────────
All comments:  /Users/abundance/.openclaw/workspace/.cache/youtube-comments.jsonl
Flagged items: /Users/abundance/.openclaw/workspace/.cache/youtube-comments-flagged.jsonl
State:         /Users/abundance/.openclaw/workspace/.cache/youtube-comment-state.json

💬 MANUAL REVIEW
──────────────────────────────────────────────────────────────────
If flagged comments exist, review them at:
  cat /Users/abundance/.openclaw/workspace/.cache/youtube-comments-flagged.jsonl

To respond to a flagged comment manually, create a reply in YouTube Studio.

⏰ NEXT RUN
──────────────────────────────────────────────────────────────────
Schedule: Every 30 minutes
Last Run: 2026-04-20T23:01:55.896219

════════════════════════════════════════════════════════════════════
╔════════════════════════════════════════════════════════════════╗
║         YouTube Comment Monitor Report - Concessa Obvius            ║
║                    2026-04-20T23:31:55.970601                         ║
╚════════════════════════════════════════════════════════════════╝

📊 METRICS
──────────────────────────────────────────────────────────────────
Total Comments Processed:        0
Auto-Responses Sent:             0
Flagged for Review (Sales):      0

📂 BREAKDOWN BY CATEGORY
──────────────────────────────────────────────────────────────────
Questions:                       0
Praise:                          0
Spam:                            0
Sales/Partnerships:              0
Other:                           0

📍 LOGS
──────────────────────────────────────────────────────────────────
All comments:  /Users/abundance/.openclaw/workspace/.cache/youtube-comments.jsonl
Flagged items: /Users/abundance/.openclaw/workspace/.cache/youtube-comments-flagged.jsonl
State:         /Users/abundance/.openclaw/workspace/.cache/youtube-comment-state.json

💬 MANUAL REVIEW
──────────────────────────────────────────────────────────────────
If flagged comments exist, review them at:
  cat /Users/abundance/.openclaw/workspace/.cache/youtube-comments-flagged.jsonl

To respond to a flagged comment manually, create a reply in YouTube Studio.

⏰ NEXT RUN
──────────────────────────────────────────────────────────────────
Schedule: Every 30 minutes
Last Run: 2026-04-20T23:31:55.970713

════════════════════════════════════════════════════════════════════
╔════════════════════════════════════════════════════════════════╗
║         YouTube Comment Monitor Report - Concessa Obvius            ║
║                    2026-04-21T00:01:56.035528                         ║
╚════════════════════════════════════════════════════════════════╝

📊 METRICS
──────────────────────────────────────────────────────────────────
Total Comments Processed:        0
Auto-Responses Sent:             0
Flagged for Review (Sales):      0

📂 BREAKDOWN BY CATEGORY
──────────────────────────────────────────────────────────────────
Questions:                       0
Praise:                          0
Spam:                            0
Sales/Partnerships:              0
Other:                           0

📍 LOGS
──────────────────────────────────────────────────────────────────
All comments:  /Users/abundance/.openclaw/workspace/.cache/youtube-comments.jsonl
Flagged items: /Users/abundance/.openclaw/workspace/.cache/youtube-comments-flagged.jsonl
State:         /Users/abundance/.openclaw/workspace/.cache/youtube-comment-state.json

💬 MANUAL REVIEW
──────────────────────────────────────────────────────────────────
If flagged comments exist, review them at:
  cat /Users/abundance/.openclaw/workspace/.cache/youtube-comments-flagged.jsonl

To respond to a flagged comment manually, create a reply in YouTube Studio.

⏰ NEXT RUN
──────────────────────────────────────────────────────────────────
Schedule: Every 30 minutes
Last Run: 2026-04-21T00:01:56.035637

════════════════════════════════════════════════════════════════════
╔════════════════════════════════════════════════════════════════╗
║         YouTube Comment Monitor Report - Concessa Obvius            ║
║                    2026-04-21T00:31:56.097815                         ║
╚════════════════════════════════════════════════════════════════╝

📊 METRICS
──────────────────────────────────────────────────────────────────
Total Comments Processed:        0
Auto-Responses Sent:             0
Flagged for Review (Sales):      0

📂 BREAKDOWN BY CATEGORY
──────────────────────────────────────────────────────────────────
Questions:                       0
Praise:                          0
Spam:                            0
Sales/Partnerships:              0
Other:                           0

📍 LOGS
──────────────────────────────────────────────────────────────────
All comments:  /Users/abundance/.openclaw/workspace/.cache/youtube-comments.jsonl
Flagged items: /Users/abundance/.openclaw/workspace/.cache/youtube-comments-flagged.jsonl
State:         /Users/abundance/.openclaw/workspace/.cache/youtube-comment-state.json

💬 MANUAL REVIEW
──────────────────────────────────────────────────────────────────
If flagged comments exist, review them at:
  cat /Users/abundance/.openclaw/workspace/.cache/youtube-comments-flagged.jsonl

To respond to a flagged comment manually, create a reply in YouTube Studio.

⏰ NEXT RUN
──────────────────────────────────────────────────────────────────
Schedule: Every 30 minutes
Last Run: 2026-04-21T00:31:56.097916

════════════════════════════════════════════════════════════════════
╔════════════════════════════════════════════════════════════════╗
║         YouTube Comment Monitor Report - Concessa Obvius            ║
║                    2026-04-21T01:01:56.170555                         ║
╚════════════════════════════════════════════════════════════════╝

📊 METRICS
──────────────────────────────────────────────────────────────────
Total Comments Processed:        0
Auto-Responses Sent:             0
Flagged for Review (Sales):      0

📂 BREAKDOWN BY CATEGORY
──────────────────────────────────────────────────────────────────
Questions:                       0
Praise:                          0
Spam:                            0
Sales/Partnerships:              0
Other:                           0

📍 LOGS
──────────────────────────────────────────────────────────────────
All comments:  /Users/abundance/.openclaw/workspace/.cache/youtube-comments.jsonl
Flagged items: /Users/abundance/.openclaw/workspace/.cache/youtube-comments-flagged.jsonl
State:         /Users/abundance/.openclaw/workspace/.cache/youtube-comment-state.json

💬 MANUAL REVIEW
──────────────────────────────────────────────────────────────────
If flagged comments exist, review them at:
  cat /Users/abundance/.openclaw/workspace/.cache/youtube-comments-flagged.jsonl

To respond to a flagged comment manually, create a reply in YouTube Studio.

⏰ NEXT RUN
──────────────────────────────────────────────────────────────────
Schedule: Every 30 minutes
Last Run: 2026-04-21T01:01:56.170663

════════════════════════════════════════════════════════════════════
╔════════════════════════════════════════════════════════════════╗
║         YouTube Comment Monitor Report - Concessa Obvius            ║
║                    2026-04-21T01:31:56.240104                         ║
╚════════════════════════════════════════════════════════════════╝

📊 METRICS
──────────────────────────────────────────────────────────────────
Total Comments Processed:        0
Auto-Responses Sent:             0
Flagged for Review (Sales):      0

📂 BREAKDOWN BY CATEGORY
──────────────────────────────────────────────────────────────────
Questions:                       0
Praise:                          0
Spam:                            0
Sales/Partnerships:              0
Other:                           0

📍 LOGS
──────────────────────────────────────────────────────────────────
All comments:  /Users/abundance/.openclaw/workspace/.cache/youtube-comments.jsonl
Flagged items: /Users/abundance/.openclaw/workspace/.cache/youtube-comments-flagged.jsonl
State:         /Users/abundance/.openclaw/workspace/.cache/youtube-comment-state.json

💬 MANUAL REVIEW
──────────────────────────────────────────────────────────────────
If flagged comments exist, review them at:
  cat /Users/abundance/.openclaw/workspace/.cache/youtube-comments-flagged.jsonl

To respond to a flagged comment manually, create a reply in YouTube Studio.

⏰ NEXT RUN
──────────────────────────────────────────────────────────────────
Schedule: Every 30 minutes
Last Run: 2026-04-21T01:31:56.240207

════════════════════════════════════════════════════════════════════
╔════════════════════════════════════════════════════════════════╗
║         YouTube Comment Monitor Report - Concessa Obvius            ║
║                    2026-04-21T02:01:56.304498                         ║
╚════════════════════════════════════════════════════════════════╝

📊 METRICS
──────────────────────────────────────────────────────────────────
Total Comments Processed:        0
Auto-Responses Sent:             0
Flagged for Review (Sales):      0

📂 BREAKDOWN BY CATEGORY
──────────────────────────────────────────────────────────────────
Questions:                       0
Praise:                          0
Spam:                            0
Sales/Partnerships:              0
Other:                           0

📍 LOGS
──────────────────────────────────────────────────────────────────
All comments:  /Users/abundance/.openclaw/workspace/.cache/youtube-comments.jsonl
Flagged items: /Users/abundance/.openclaw/workspace/.cache/youtube-comments-flagged.jsonl
State:         /Users/abundance/.openclaw/workspace/.cache/youtube-comment-state.json

💬 MANUAL REVIEW
──────────────────────────────────────────────────────────────────
If flagged comments exist, review them at:
  cat /Users/abundance/.openclaw/workspace/.cache/youtube-comments-flagged.jsonl

To respond to a flagged comment manually, create a reply in YouTube Studio.

⏰ NEXT RUN
──────────────────────────────────────────────────────────────────
Schedule: Every 30 minutes
Last Run: 2026-04-21T02:01:56.304604

════════════════════════════════════════════════════════════════════
╔════════════════════════════════════════════════════════════════╗
║         YouTube Comment Monitor Report - Concessa Obvius            ║
║                    2026-04-21T02:31:56.371803                         ║
╚════════════════════════════════════════════════════════════════╝

📊 METRICS
──────────────────────────────────────────────────────────────────
Total Comments Processed:        0
Auto-Responses Sent:             0
Flagged for Review (Sales):      0

📂 BREAKDOWN BY CATEGORY
──────────────────────────────────────────────────────────────────
Questions:                       0
Praise:                          0
Spam:                            0
Sales/Partnerships:              0
Other:                           0

📍 LOGS
──────────────────────────────────────────────────────────────────
All comments:  /Users/abundance/.openclaw/workspace/.cache/youtube-comments.jsonl
Flagged items: /Users/abundance/.openclaw/workspace/.cache/youtube-comments-flagged.jsonl
State:         /Users/abundance/.openclaw/workspace/.cache/youtube-comment-state.json

💬 MANUAL REVIEW
──────────────────────────────────────────────────────────────────
If flagged comments exist, review them at:
  cat /Users/abundance/.openclaw/workspace/.cache/youtube-comments-flagged.jsonl

To respond to a flagged comment manually, create a reply in YouTube Studio.

⏰ NEXT RUN
──────────────────────────────────────────────────────────────────
Schedule: Every 30 minutes
Last Run: 2026-04-21T02:31:56.371910

════════════════════════════════════════════════════════════════════
╔════════════════════════════════════════════════════════════════╗
║         YouTube Comment Monitor Report - Concessa Obvius            ║
║                    2026-04-21T03:01:56.443776                         ║
╚════════════════════════════════════════════════════════════════╝

📊 METRICS
──────────────────────────────────────────────────────────────────
Total Comments Processed:        0
Auto-Responses Sent:             0
Flagged for Review (Sales):      0

📂 BREAKDOWN BY CATEGORY
──────────────────────────────────────────────────────────────────
Questions:                       0
Praise:                          0
Spam:                            0
Sales/Partnerships:              0
Other:                           0

📍 LOGS
──────────────────────────────────────────────────────────────────
All comments:  /Users/abundance/.openclaw/workspace/.cache/youtube-comments.jsonl
Flagged items: /Users/abundance/.openclaw/workspace/.cache/youtube-comments-flagged.jsonl
State:         /Users/abundance/.openclaw/workspace/.cache/youtube-comment-state.json

💬 MANUAL REVIEW
──────────────────────────────────────────────────────────────────
If flagged comments exist, review them at:
  cat /Users/abundance/.openclaw/workspace/.cache/youtube-comments-flagged.jsonl

To respond to a flagged comment manually, create a reply in YouTube Studio.

⏰ NEXT RUN
──────────────────────────────────────────────────────────────────
Schedule: Every 30 minutes
Last Run: 2026-04-21T03:01:56.443877

════════════════════════════════════════════════════════════════════
╔════════════════════════════════════════════════════════════════╗
║         YouTube Comment Monitor Report - Concessa Obvius            ║
║                    2026-04-21T03:31:56.516619                         ║
╚════════════════════════════════════════════════════════════════╝

📊 METRICS
──────────────────────────────────────────────────────────────────
Total Comments Processed:        0
Auto-Responses Sent:             0
Flagged for Review (Sales):      0

📂 BREAKDOWN BY CATEGORY
──────────────────────────────────────────────────────────────────
Questions:                       0
Praise:                          0
Spam:                            0
Sales/Partnerships:              0
Other:                           0

📍 LOGS
──────────────────────────────────────────────────────────────────
All comments:  /Users/abundance/.openclaw/workspace/.cache/youtube-comments.jsonl
Flagged items: /Users/abundance/.openclaw/workspace/.cache/youtube-comments-flagged.jsonl
State:         /Users/abundance/.openclaw/workspace/.cache/youtube-comment-state.json

💬 MANUAL REVIEW
──────────────────────────────────────────────────────────────────
If flagged comments exist, review them at:
  cat /Users/abundance/.openclaw/workspace/.cache/youtube-comments-flagged.jsonl

To respond to a flagged comment manually, create a reply in YouTube Studio.

⏰ NEXT RUN
──────────────────────────────────────────────────────────────────
Schedule: Every 30 minutes
Last Run: 2026-04-21T03:31:56.516726

════════════════════════════════════════════════════════════════════
╔════════════════════════════════════════════════════════════════╗
║         YouTube Comment Monitor Report - Concessa Obvius            ║
║                    2026-04-21T04:01:56.589856                         ║
╚════════════════════════════════════════════════════════════════╝

📊 METRICS
──────────────────────────────────────────────────────────────────
Total Comments Processed:        0
Auto-Responses Sent:             0
Flagged for Review (Sales):      0

📂 BREAKDOWN BY CATEGORY
──────────────────────────────────────────────────────────────────
Questions:                       0
Praise:                          0
Spam:                            0
Sales/Partnerships:              0
Other:                           0

📍 LOGS
──────────────────────────────────────────────────────────────────
All comments:  /Users/abundance/.openclaw/workspace/.cache/youtube-comments.jsonl
Flagged items: /Users/abundance/.openclaw/workspace/.cache/youtube-comments-flagged.jsonl
State:         /Users/abundance/.openclaw/workspace/.cache/youtube-comment-state.json

💬 MANUAL REVIEW
──────────────────────────────────────────────────────────────────
If flagged comments exist, review them at:
  cat /Users/abundance/.openclaw/workspace/.cache/youtube-comments-flagged.jsonl

To respond to a flagged comment manually, create a reply in YouTube Studio.

⏰ NEXT RUN
──────────────────────────────────────────────────────────────────
Schedule: Every 30 minutes
Last Run: 2026-04-21T04:01:56.589960

════════════════════════════════════════════════════════════════════
╔════════════════════════════════════════════════════════════════╗
║         YouTube Comment Monitor Report - Concessa Obvius            ║
║                    2026-04-21T04:31:56.662926                         ║
╚════════════════════════════════════════════════════════════════╝

📊 METRICS
──────────────────────────────────────────────────────────────────
Total Comments Processed:        0
Auto-Responses Sent:             0
Flagged for Review (Sales):      0

📂 BREAKDOWN BY CATEGORY
──────────────────────────────────────────────────────────────────
Questions:                       0
Praise:                          0
Spam:                            0
Sales/Partnerships:              0
Other:                           0

📍 LOGS
──────────────────────────────────────────────────────────────────
All comments:  /Users/abundance/.openclaw/workspace/.cache/youtube-comments.jsonl
Flagged items: /Users/abundance/.openclaw/workspace/.cache/youtube-comments-flagged.jsonl
State:         /Users/abundance/.openclaw/workspace/.cache/youtube-comment-state.json

💬 MANUAL REVIEW
──────────────────────────────────────────────────────────────────
If flagged comments exist, review them at:
  cat /Users/abundance/.openclaw/workspace/.cache/youtube-comments-flagged.jsonl

To respond to a flagged comment manually, create a reply in YouTube Studio.

⏰ NEXT RUN
──────────────────────────────────────────────────────────────────
Schedule: Every 30 minutes
Last Run: 2026-04-21T04:31:56.663037

════════════════════════════════════════════════════════════════════
╔════════════════════════════════════════════════════════════════╗
║         YouTube Comment Monitor Report - Concessa Obvius            ║
║                    2026-04-21T05:01:56.738647                         ║
╚════════════════════════════════════════════════════════════════╝

📊 METRICS
──────────────────────────────────────────────────────────────────
Total Comments Processed:        0
Auto-Responses Sent:             0
Flagged for Review (Sales):      0

📂 BREAKDOWN BY CATEGORY
──────────────────────────────────────────────────────────────────
Questions:                       0
Praise:                          0
Spam:                            0
Sales/Partnerships:              0
Other:                           0

📍 LOGS
──────────────────────────────────────────────────────────────────
All comments:  /Users/abundance/.openclaw/workspace/.cache/youtube-comments.jsonl
Flagged items: /Users/abundance/.openclaw/workspace/.cache/youtube-comments-flagged.jsonl
State:         /Users/abundance/.openclaw/workspace/.cache/youtube-comment-state.json

💬 MANUAL REVIEW
──────────────────────────────────────────────────────────────────
If flagged comments exist, review them at:
  cat /Users/abundance/.openclaw/workspace/.cache/youtube-comments-flagged.jsonl

To respond to a flagged comment manually, create a reply in YouTube Studio.

⏰ NEXT RUN
──────────────────────────────────────────────────────────────────
Schedule: Every 30 minutes
Last Run: 2026-04-21T05:01:56.738755

════════════════════════════════════════════════════════════════════
╔════════════════════════════════════════════════════════════════╗
║         YouTube Comment Monitor Report - Concessa Obvius            ║
║                    2026-04-21T05:31:56.802363                         ║
╚════════════════════════════════════════════════════════════════╝

📊 METRICS
──────────────────────────────────────────────────────────────────
Total Comments Processed:        0
Auto-Responses Sent:             0
Flagged for Review (Sales):      0

📂 BREAKDOWN BY CATEGORY
──────────────────────────────────────────────────────────────────
Questions:                       0
Praise:                          0
Spam:                            0
Sales/Partnerships:              0
Other:                           0

📍 LOGS
──────────────────────────────────────────────────────────────────
All comments:  /Users/abundance/.openclaw/workspace/.cache/youtube-comments.jsonl
Flagged items: /Users/abundance/.openclaw/workspace/.cache/youtube-comments-flagged.jsonl
State:         /Users/abundance/.openclaw/workspace/.cache/youtube-comment-state.json

💬 MANUAL REVIEW
──────────────────────────────────────────────────────────────────
If flagged comments exist, review them at:
  cat /Users/abundance/.openclaw/workspace/.cache/youtube-comments-flagged.jsonl

To respond to a flagged comment manually, create a reply in YouTube Studio.

⏰ NEXT RUN
──────────────────────────────────────────────────────────────────
Schedule: Every 30 minutes
Last Run: 2026-04-21T05:31:56.802477

════════════════════════════════════════════════════════════════════
╔════════════════════════════════════════════════════════════════╗
║         YouTube Comment Monitor Report - Concessa Obvius            ║
║                    2026-04-21T06:01:56.875581                         ║
╚════════════════════════════════════════════════════════════════╝

📊 METRICS
──────────────────────────────────────────────────────────────────
Total Comments Processed:        0
Auto-Responses Sent:             0
Flagged for Review (Sales):      0

📂 BREAKDOWN BY CATEGORY
──────────────────────────────────────────────────────────────────
Questions:                       0
Praise:                          0
Spam:                            0
Sales/Partnerships:              0
Other:                           0

📍 LOGS
──────────────────────────────────────────────────────────────────
All comments:  /Users/abundance/.openclaw/workspace/.cache/youtube-comments.jsonl
Flagged items: /Users/abundance/.openclaw/workspace/.cache/youtube-comments-flagged.jsonl
State:         /Users/abundance/.openclaw/workspace/.cache/youtube-comment-state.json

💬 MANUAL REVIEW
──────────────────────────────────────────────────────────────────
If flagged comments exist, review them at:
  cat /Users/abundance/.openclaw/workspace/.cache/youtube-comments-flagged.jsonl

To respond to a flagged comment manually, create a reply in YouTube Studio.

⏰ NEXT RUN
──────────────────────────────────────────────────────────────────
Schedule: Every 30 minutes
Last Run: 2026-04-21T06:01:56.875700

════════════════════════════════════════════════════════════════════
╔════════════════════════════════════════════════════════════════╗
║         YouTube Comment Monitor Report - Concessa Obvius            ║
║                    2026-04-21T06:31:56.946502                         ║
╚════════════════════════════════════════════════════════════════╝

📊 METRICS
──────────────────────────────────────────────────────────────────
Total Comments Processed:        0
Auto-Responses Sent:             0
Flagged for Review (Sales):      0

📂 BREAKDOWN BY CATEGORY
──────────────────────────────────────────────────────────────────
Questions:                       0
Praise:                          0
Spam:                            0
Sales/Partnerships:              0
Other:                           0

📍 LOGS
──────────────────────────────────────────────────────────────────
All comments:  /Users/abundance/.openclaw/workspace/.cache/youtube-comments.jsonl
Flagged items: /Users/abundance/.openclaw/workspace/.cache/youtube-comments-flagged.jsonl
State:         /Users/abundance/.openclaw/workspace/.cache/youtube-comment-state.json

💬 MANUAL REVIEW
──────────────────────────────────────────────────────────────────
If flagged comments exist, review them at:
  cat /Users/abundance/.openclaw/workspace/.cache/youtube-comments-flagged.jsonl

To respond to a flagged comment manually, create a reply in YouTube Studio.

⏰ NEXT RUN
──────────────────────────────────────────────────────────────────
Schedule: Every 30 minutes
Last Run: 2026-04-21T06:31:56.946780

════════════════════════════════════════════════════════════════════
╔════════════════════════════════════════════════════════════════╗
║         YouTube Comment Monitor Report - Concessa Obvius            ║
║                    2026-04-21T07:01:57.018128                         ║
╚════════════════════════════════════════════════════════════════╝

📊 METRICS
──────────────────────────────────────────────────────────────────
Total Comments Processed:        0
Auto-Responses Sent:             0
Flagged for Review (Sales):      0

📂 BREAKDOWN BY CATEGORY
──────────────────────────────────────────────────────────────────
Questions:                       0
Praise:                          0
Spam:                            0
Sales/Partnerships:              0
Other:                           0

📍 LOGS
──────────────────────────────────────────────────────────────────
All comments:  /Users/abundance/.openclaw/workspace/.cache/youtube-comments.jsonl
Flagged items: /Users/abundance/.openclaw/workspace/.cache/youtube-comments-flagged.jsonl
State:         /Users/abundance/.openclaw/workspace/.cache/youtube-comment-state.json

💬 MANUAL REVIEW
──────────────────────────────────────────────────────────────────
If flagged comments exist, review them at:
  cat /Users/abundance/.openclaw/workspace/.cache/youtube-comments-flagged.jsonl

To respond to a flagged comment manually, create a reply in YouTube Studio.

⏰ NEXT RUN
──────────────────────────────────────────────────────────────────
Schedule: Every 30 minutes
Last Run: 2026-04-21T07:01:57.018488

════════════════════════════════════════════════════════════════════
╔════════════════════════════════════════════════════════════════╗
║         YouTube Comment Monitor Report - Concessa Obvius            ║
║                    2026-04-21T07:31:57.093554                         ║
╚════════════════════════════════════════════════════════════════╝

📊 METRICS
──────────────────────────────────────────────────────────────────
Total Comments Processed:        0
Auto-Responses Sent:             0
Flagged for Review (Sales):      0

📂 BREAKDOWN BY CATEGORY
──────────────────────────────────────────────────────────────────
Questions:                       0
Praise:                          0
Spam:                            0
Sales/Partnerships:              0
Other:                           0

📍 LOGS
──────────────────────────────────────────────────────────────────
All comments:  /Users/abundance/.openclaw/workspace/.cache/youtube-comments.jsonl
Flagged items: /Users/abundance/.openclaw/workspace/.cache/youtube-comments-flagged.jsonl
State:         /Users/abundance/.openclaw/workspace/.cache/youtube-comment-state.json

💬 MANUAL REVIEW
──────────────────────────────────────────────────────────────────
If flagged comments exist, review them at:
  cat /Users/abundance/.openclaw/workspace/.cache/youtube-comments-flagged.jsonl

To respond to a flagged comment manually, create a reply in YouTube Studio.

⏰ NEXT RUN
──────────────────────────────────────────────────────────────────
Schedule: Every 30 minutes
Last Run: 2026-04-21T07:31:57.093665

════════════════════════════════════════════════════════════════════
╔════════════════════════════════════════════════════════════════╗
║         YouTube Comment Monitor Report - Concessa Obvius            ║
║                    2026-04-21T08:01:57.165085                         ║
╚════════════════════════════════════════════════════════════════╝

📊 METRICS
──────────────────────────────────────────────────────────────────
Total Comments Processed:        0
Auto-Responses Sent:             0
Flagged for Review (Sales):      0

📂 BREAKDOWN BY CATEGORY
──────────────────────────────────────────────────────────────────
Questions:                       0
Praise:                          0
Spam:                            0
Sales/Partnerships:              0
Other:                           0

📍 LOGS
──────────────────────────────────────────────────────────────────
All comments:  /Users/abundance/.openclaw/workspace/.cache/youtube-comments.jsonl
Flagged items: /Users/abundance/.openclaw/workspace/.cache/youtube-comments-flagged.jsonl
State:         /Users/abundance/.openclaw/workspace/.cache/youtube-comment-state.json

💬 MANUAL REVIEW
──────────────────────────────────────────────────────────────────
If flagged comments exist, review them at:
  cat /Users/abundance/.openclaw/workspace/.cache/youtube-comments-flagged.jsonl

To respond to a flagged comment manually, create a reply in YouTube Studio.

⏰ NEXT RUN
──────────────────────────────────────────────────────────────────
Schedule: Every 30 minutes
Last Run: 2026-04-21T08:01:57.165190

════════════════════════════════════════════════════════════════════
╔════════════════════════════════════════════════════════════════╗
║         YouTube Comment Monitor Report - Concessa Obvius            ║
║                    2026-04-21T08:31:57.228043                         ║
╚════════════════════════════════════════════════════════════════╝

📊 METRICS
──────────────────────────────────────────────────────────────────
Total Comments Processed:        0
Auto-Responses Sent:             0
Flagged for Review (Sales):      0

📂 BREAKDOWN BY CATEGORY
──────────────────────────────────────────────────────────────────
Questions:                       0
Praise:                          0
Spam:                            0
Sales/Partnerships:              0
Other:                           0

📍 LOGS
──────────────────────────────────────────────────────────────────
All comments:  /Users/abundance/.openclaw/workspace/.cache/youtube-comments.jsonl
Flagged items: /Users/abundance/.openclaw/workspace/.cache/youtube-comments-flagged.jsonl
State:         /Users/abundance/.openclaw/workspace/.cache/youtube-comment-state.json

💬 MANUAL REVIEW
──────────────────────────────────────────────────────────────────
If flagged comments exist, review them at:
  cat /Users/abundance/.openclaw/workspace/.cache/youtube-comments-flagged.jsonl

To respond to a flagged comment manually, create a reply in YouTube Studio.

⏰ NEXT RUN
──────────────────────────────────────────────────────────────────
Schedule: Every 30 minutes
Last Run: 2026-04-21T08:31:57.228151

════════════════════════════════════════════════════════════════════
╔════════════════════════════════════════════════════════════════╗
║         YouTube Comment Monitor Report - Concessa Obvius            ║
║                    2026-04-21T09:01:57.293088                         ║
╚════════════════════════════════════════════════════════════════╝

📊 METRICS
──────────────────────────────────────────────────────────────────
Total Comments Processed:        0
Auto-Responses Sent:             0
Flagged for Review (Sales):      0

📂 BREAKDOWN BY CATEGORY
──────────────────────────────────────────────────────────────────
Questions:                       0
Praise:                          0
Spam:                            0
Sales/Partnerships:              0
Other:                           0

📍 LOGS
──────────────────────────────────────────────────────────────────
All comments:  /Users/abundance/.openclaw/workspace/.cache/youtube-comments.jsonl
Flagged items: /Users/abundance/.openclaw/workspace/.cache/youtube-comments-flagged.jsonl
State:         /Users/abundance/.openclaw/workspace/.cache/youtube-comment-state.json

💬 MANUAL REVIEW
──────────────────────────────────────────────────────────────────
If flagged comments exist, review them at:
  cat /Users/abundance/.openclaw/workspace/.cache/youtube-comments-flagged.jsonl

To respond to a flagged comment manually, create a reply in YouTube Studio.

⏰ NEXT RUN
──────────────────────────────────────────────────────────────────
Schedule: Every 30 minutes
Last Run: 2026-04-21T09:01:57.293193

════════════════════════════════════════════════════════════════════
