YouTube Comment Monitor Report
Generated: 2026-04-15T04:01:34.088886+00:00
Channel: Concessa Obvius
Monitor Mode: DEMO

=== SESSION SUMMARY ===
Total Comments Processed: 6
Auto-Responses Sent: 4
Flagged for Review: 1

=== LIFETIME STATS ===
Total Processed (Lifetime): 66
Total Auto-Replied (Lifetime): 44
Total Flagged (Lifetime): 11

=== BREAKDOWN BY CATEGORY ===
  PRAISE: 2
  QUESTIONS: 2
  SALES: 1
  SPAM: 1

=== RECENT COMMENTS ===

[QUESTIONS] Sarah Chen
  "How do I get started with this? What tools do I need?..."
  Status: auto_responded

[QUESTIONS] Marcus Johnson
  "What's the timeline for implementation? When can I start?..."
  Status: auto_responded

[PRAISE] Elena Rodriguez
  "This is absolutely amazing! So inspiring and well-explained. Thank you!..."
  Status: auto_responded

[PRAISE] Alex Kim
  "Love the approach here! Really impressed with the quality. Great work!..."
  Status: auto_responded

[SPAM] Crypto Trading Bot
  "BUY CRYPTO NOW!!! Limited offer, DM me for details..."
  Status: processed

[SALES] Jessica Parker
  "Hi! Love your content. Would love to explore a partnership opportunity with you. Let's connect!..."
  Status: flagged_for_review

[2026-04-15T04:01:34Z] Monitor run completed
YouTube Comment Monitor Report
Generated: 2026-04-15T04:31:34.205789+00:00
Channel: Concessa Obvius
Monitor Mode: DEMO

=== SESSION SUMMARY ===
Total Comments Processed: 6
Auto-Responses Sent: 4
Flagged for Review: 1

=== LIFETIME STATS ===
Total Processed (Lifetime): 72
Total Auto-Replied (Lifetime): 48
Total Flagged (Lifetime): 12

=== BREAKDOWN BY CATEGORY ===
  PRAISE: 2
  QUESTIONS: 2
  SALES: 1
  SPAM: 1

=== RECENT COMMENTS ===

[QUESTIONS] Sarah Chen
  "How do I get started with this? What tools do I need?..."
  Status: auto_responded

[QUESTIONS] Marcus Johnson
  "What's the timeline for implementation? When can I start?..."
  Status: auto_responded

[PRAISE] Elena Rodriguez
  "This is absolutely amazing! So inspiring and well-explained. Thank you!..."
  Status: auto_responded

[PRAISE] Alex Kim
  "Love the approach here! Really impressed with the quality. Great work!..."
  Status: auto_responded

[SPAM] Crypto Trading Bot
  "BUY CRYPTO NOW!!! Limited offer, DM me for details..."
  Status: processed

[SALES] Jessica Parker
  "Hi! Love your content. Would love to explore a partnership opportunity with you. Let's connect!..."
  Status: flagged_for_review

[2026-04-15T04:31:34Z] Monitor run completed
YouTube Comment Monitor Report
Generated: 2026-04-15T05:01:34.332448+00:00
Channel: Concessa Obvius
Monitor Mode: DEMO

=== SESSION SUMMARY ===
Total Comments Processed: 6
Auto-Responses Sent: 4
Flagged for Review: 1

=== LIFETIME STATS ===
Total Processed (Lifetime): 78
Total Auto-Replied (Lifetime): 52
Total Flagged (Lifetime): 13

=== BREAKDOWN BY CATEGORY ===
  PRAISE: 2
  QUESTIONS: 2
  SALES: 1
  SPAM: 1

=== RECENT COMMENTS ===

[QUESTIONS] Sarah Chen
  "How do I get started with this? What tools do I need?..."
  Status: auto_responded

[QUESTIONS] Marcus Johnson
  "What's the timeline for implementation? When can I start?..."
  Status: auto_responded

[PRAISE] Elena Rodriguez
  "This is absolutely amazing! So inspiring and well-explained. Thank you!..."
  Status: auto_responded

[PRAISE] Alex Kim
  "Love the approach here! Really impressed with the quality. Great work!..."
  Status: auto_responded

[SPAM] Crypto Trading Bot
  "BUY CRYPTO NOW!!! Limited offer, DM me for details..."
  Status: processed

[SALES] Jessica Parker
  "Hi! Love your content. Would love to explore a partnership opportunity with you. Let's connect!..."
  Status: flagged_for_review

[2026-04-15T05:01:34Z] Monitor run completed
YouTube Comment Monitor Report
Generated: 2026-04-15T05:31:34.443854+00:00
Channel: Concessa Obvius
Monitor Mode: DEMO

=== SESSION SUMMARY ===
Total Comments Processed: 6
Auto-Responses Sent: 4
Flagged for Review: 1

=== LIFETIME STATS ===
Total Processed (Lifetime): 84
Total Auto-Replied (Lifetime): 56
Total Flagged (Lifetime): 14

=== BREAKDOWN BY CATEGORY ===
  PRAISE: 2
  QUESTIONS: 2
  SALES: 1
  SPAM: 1

=== RECENT COMMENTS ===

[QUESTIONS] Sarah Chen
  "How do I get started with this? What tools do I need?..."
  Status: auto_responded

[QUESTIONS] Marcus Johnson
  "What's the timeline for implementation? When can I start?..."
  Status: auto_responded

[PRAISE] Elena Rodriguez
  "This is absolutely amazing! So inspiring and well-explained. Thank you!..."
  Status: auto_responded

[PRAISE] Alex Kim
  "Love the approach here! Really impressed with the quality. Great work!..."
  Status: auto_responded

[SPAM] Crypto Trading Bot
  "BUY CRYPTO NOW!!! Limited offer, DM me for details..."
  Status: processed

[SALES] Jessica Parker
  "Hi! Love your content. Would love to explore a partnership opportunity with you. Let's connect!..."
  Status: flagged_for_review

[2026-04-15T05:31:34Z] Monitor run completed
YouTube Comment Monitor Report
Generated: 2026-04-15T06:00:21.219861+00:00
Channel: Concessa Obvius
Monitor Mode: DEMO

=== SESSION SUMMARY ===
Total Comments Processed: 6
Auto-Responses Sent: 4
Flagged for Review: 1

=== LIFETIME STATS ===
Total Processed (Lifetime): 90
Total Auto-Replied (Lifetime): 60
Total Flagged (Lifetime): 15

=== BREAKDOWN BY CATEGORY ===
  PRAISE: 2
  QUESTIONS: 2
  SALES: 1
  SPAM: 1

=== RECENT COMMENTS ===

[QUESTIONS] Sarah Chen
  "How do I get started with this? What tools do I need?..."
  Status: auto_responded

[QUESTIONS] Marcus Johnson
  "What's the timeline for implementation? When can I start?..."
  Status: auto_responded

[PRAISE] Elena Rodriguez
  "This is absolutely amazing! So inspiring and well-explained. Thank you!..."
  Status: auto_responded

[PRAISE] Alex Kim
  "Love the approach here! Really impressed with the quality. Great work!..."
  Status: auto_responded

[SPAM] Crypto Trading Bot
  "BUY CRYPTO NOW!!! Limited offer, DM me for details..."
  Status: processed

[SALES] Jessica Parker
  "Hi! Love your content. Would love to explore a partnership opportunity with you. Let's connect!..."
  Status: flagged_for_review

[2026-04-15T06:00:21Z] Monitor run completed
YouTube Comment Monitor Report
Generated: 2026-04-15T06:01:34.550581+00:00
Channel: Concessa Obvius
Monitor Mode: DEMO

=== SESSION SUMMARY ===
Total Comments Processed: 6
Auto-Responses Sent: 4
Flagged for Review: 1

=== LIFETIME STATS ===
Total Processed (Lifetime): 96
Total Auto-Replied (Lifetime): 64
Total Flagged (Lifetime): 16

=== BREAKDOWN BY CATEGORY ===
  PRAISE: 2
  QUESTIONS: 2
  SALES: 1
  SPAM: 1

=== RECENT COMMENTS ===

[QUESTIONS] Sarah Chen
  "How do I get started with this? What tools do I need?..."
  Status: auto_responded

[QUESTIONS] Marcus Johnson
  "What's the timeline for implementation? When can I start?..."
  Status: auto_responded

[PRAISE] Elena Rodriguez
  "This is absolutely amazing! So inspiring and well-explained. Thank you!..."
  Status: auto_responded

[PRAISE] Alex Kim
  "Love the approach here! Really impressed with the quality. Great work!..."
  Status: auto_responded

[SPAM] Crypto Trading Bot
  "BUY CRYPTO NOW!!! Limited offer, DM me for details..."
  Status: processed

[SALES] Jessica Parker
  "Hi! Love your content. Would love to explore a partnership opportunity with you. Let's connect!..."
  Status: flagged_for_review

[2026-04-15T06:01:34Z] Monitor run completed
YouTube Comment Monitor Report
Generated: 2026-04-15T06:31:34.663869+00:00
Channel: Concessa Obvius
Monitor Mode: DEMO

=== SESSION SUMMARY ===
Total Comments Processed: 6
Auto-Responses Sent: 4
Flagged for Review: 1

=== LIFETIME STATS ===
Total Processed (Lifetime): 102
Total Auto-Replied (Lifetime): 68
Total Flagged (Lifetime): 17

=== BREAKDOWN BY CATEGORY ===
  PRAISE: 2
  QUESTIONS: 2
  SALES: 1
  SPAM: 1

=== RECENT COMMENTS ===

[QUESTIONS] Sarah Chen
  "How do I get started with this? What tools do I need?..."
  Status: auto_responded

[QUESTIONS] Marcus Johnson
  "What's the timeline for implementation? When can I start?..."
  Status: auto_responded

[PRAISE] Elena Rodriguez
  "This is absolutely amazing! So inspiring and well-explained. Thank you!..."
  Status: auto_responded

[PRAISE] Alex Kim
  "Love the approach here! Really impressed with the quality. Great work!..."
  Status: auto_responded

[SPAM] Crypto Trading Bot
  "BUY CRYPTO NOW!!! Limited offer, DM me for details..."
  Status: processed

[SALES] Jessica Parker
  "Hi! Love your content. Would love to explore a partnership opportunity with you. Let's connect!..."
  Status: flagged_for_review

[2026-04-15T06:31:34Z] Monitor run completed
YouTube Comment Monitor Report
Generated: 2026-04-15T07:01:34.779956+00:00
Channel: Concessa Obvius
Monitor Mode: DEMO

=== SESSION SUMMARY ===
Total Comments Processed: 6
Auto-Responses Sent: 4
Flagged for Review: 1

=== LIFETIME STATS ===
Total Processed (Lifetime): 114
Total Auto-Replied (Lifetime): 76
Total Flagged (Lifetime): 19

=== BREAKDOWN BY CATEGORY ===
  PRAISE: 2
  QUESTIONS: 2
  SALES: 1
  SPAM: 1

=== RECENT COMMENTS ===

[QUESTIONS] Sarah Chen
  "How do I get started with this? What tools do I need?..."
  Status: auto_responded

[QUESTIONS] Marcus Johnson
  "What's the timeline for implementation? When can I start?..."
  Status: auto_responded

[PRAISE] Elena Rodriguez
  "This is absolutely amazing! So inspiring and well-explained. Thank you!..."
  Status: auto_responded

[PRAISE] Alex Kim
  "Love the approach here! Really impressed with the quality. Great work!..."
  Status: auto_responded

[SPAM] Crypto Trading Bot
  "BUY CRYPTO NOW!!! Limited offer, DM me for details..."
  Status: processed

[SALES] Jessica Parker
  "Hi! Love your content. Would love to explore a partnership opportunity with you. Let's connect!..."
  Status: flagged_for_review

[2026-04-15T07:01:34Z] Monitor run completed
YouTube Comment Monitor Report
Generated: 2026-04-15T07:31:34.895531+00:00
Channel: Concessa Obvius
Monitor Mode: DEMO

=== SESSION SUMMARY ===
Total Comments Processed: 6
Auto-Responses Sent: 4
Flagged for Review: 1

=== LIFETIME STATS ===
Total Processed (Lifetime): 120
Total Auto-Replied (Lifetime): 80
Total Flagged (Lifetime): 20

=== BREAKDOWN BY CATEGORY ===
  PRAISE: 2
  QUESTIONS: 2
  SALES: 1
  SPAM: 1

=== RECENT COMMENTS ===

[QUESTIONS] Sarah Chen
  "How do I get started with this? What tools do I need?..."
  Status: auto_responded

[QUESTIONS] Marcus Johnson
  "What's the timeline for implementation? When can I start?..."
  Status: auto_responded

[PRAISE] Elena Rodriguez
  "This is absolutely amazing! So inspiring and well-explained. Thank you!..."
  Status: auto_responded

[PRAISE] Alex Kim
  "Love the approach here! Really impressed with the quality. Great work!..."
  Status: auto_responded

[SPAM] Crypto Trading Bot
  "BUY CRYPTO NOW!!! Limited offer, DM me for details..."
  Status: processed

[SALES] Jessica Parker
  "Hi! Love your content. Would love to explore a partnership opportunity with you. Let's connect!..."
  Status: flagged_for_review

[2026-04-15T07:31:34Z] Monitor run completed
YouTube Comment Monitor Report
Generated: 2026-04-15T08:01:35.001377+00:00
Channel: Concessa Obvius
Monitor Mode: DEMO

=== SESSION SUMMARY ===
Total Comments Processed: 6
Auto-Responses Sent: 4
Flagged for Review: 1

=== LIFETIME STATS ===
Total Processed (Lifetime): 126
Total Auto-Replied (Lifetime): 84
Total Flagged (Lifetime): 21

=== BREAKDOWN BY CATEGORY ===
  PRAISE: 2
  QUESTIONS: 2
  SALES: 1
  SPAM: 1

=== RECENT COMMENTS ===

[QUESTIONS] Sarah Chen
  "How do I get started with this? What tools do I need?..."
  Status: auto_responded

[QUESTIONS] Marcus Johnson
  "What's the timeline for implementation? When can I start?..."
  Status: auto_responded

[PRAISE] Elena Rodriguez
  "This is absolutely amazing! So inspiring and well-explained. Thank you!..."
  Status: auto_responded

[PRAISE] Alex Kim
  "Love the approach here! Really impressed with the quality. Great work!..."
  Status: auto_responded

[SPAM] Crypto Trading Bot
  "BUY CRYPTO NOW!!! Limited offer, DM me for details..."
  Status: processed

[SALES] Jessica Parker
  "Hi! Love your content. Would love to explore a partnership opportunity with you. Let's connect!..."
  Status: flagged_for_review

[2026-04-15T08:01:35Z] Monitor run completed
YouTube Comment Monitor Report
Generated: 2026-04-15T08:31:35.109068+00:00
Channel: Concessa Obvius
Monitor Mode: DEMO

=== SESSION SUMMARY ===
Total Comments Processed: 6
Auto-Responses Sent: 4
Flagged for Review: 1

=== LIFETIME STATS ===
Total Processed (Lifetime): 138
Total Auto-Replied (Lifetime): 92
Total Flagged (Lifetime): 23

=== BREAKDOWN BY CATEGORY ===
  PRAISE: 2
  QUESTIONS: 2
  SALES: 1
  SPAM: 1

=== RECENT COMMENTS ===

[QUESTIONS] Sarah Chen
  "How do I get started with this? What tools do I need?..."
  Status: auto_responded

[QUESTIONS] Marcus Johnson
  "What's the timeline for implementation? When can I start?..."
  Status: auto_responded

[PRAISE] Elena Rodriguez
  "This is absolutely amazing! So inspiring and well-explained. Thank you!..."
  Status: auto_responded

[PRAISE] Alex Kim
  "Love the approach here! Really impressed with the quality. Great work!..."
  Status: auto_responded

[SPAM] Crypto Trading Bot
  "BUY CRYPTO NOW!!! Limited offer, DM me for details..."
  Status: processed

[SALES] Jessica Parker
  "Hi! Love your content. Would love to explore a partnership opportunity with you. Let's connect!..."
  Status: flagged_for_review

[2026-04-15T08:31:35Z] Monitor run completed
YouTube Comment Monitor Report
Generated: 2026-04-15T09:01:35.225158+00:00
Channel: Concessa Obvius
Monitor Mode: DEMO

=== SESSION SUMMARY ===
Total Comments Processed: 6
Auto-Responses Sent: 4
Flagged for Review: 1

=== LIFETIME STATS ===
Total Processed (Lifetime): 144
Total Auto-Replied (Lifetime): 96
Total Flagged (Lifetime): 24

=== BREAKDOWN BY CATEGORY ===
  PRAISE: 2
  QUESTIONS: 2
  SALES: 1
  SPAM: 1

=== RECENT COMMENTS ===

[QUESTIONS] Sarah Chen
  "How do I get started with this? What tools do I need?..."
  Status: auto_responded

[QUESTIONS] Marcus Johnson
  "What's the timeline for implementation? When can I start?..."
  Status: auto_responded

[PRAISE] Elena Rodriguez
  "This is absolutely amazing! So inspiring and well-explained. Thank you!..."
  Status: auto_responded

[PRAISE] Alex Kim
  "Love the approach here! Really impressed with the quality. Great work!..."
  Status: auto_responded

[SPAM] Crypto Trading Bot
  "BUY CRYPTO NOW!!! Limited offer, DM me for details..."
  Status: processed

[SALES] Jessica Parker
  "Hi! Love your content. Would love to explore a partnership opportunity with you. Let's connect!..."
  Status: flagged_for_review

[2026-04-15T09:01:35Z] Monitor run completed
YouTube Comment Monitor Report
Generated: 2026-04-15T09:31:35.348823+00:00
Channel: Concessa Obvius
Monitor Mode: DEMO

=== SESSION SUMMARY ===
Total Comments Processed: 6
Auto-Responses Sent: 4
Flagged for Review: 1

=== LIFETIME STATS ===
Total Processed (Lifetime): 150
Total Auto-Replied (Lifetime): 100
Total Flagged (Lifetime): 25

=== BREAKDOWN BY CATEGORY ===
  PRAISE: 2
  QUESTIONS: 2
  SALES: 1
  SPAM: 1

=== RECENT COMMENTS ===

[QUESTIONS] Sarah Chen
  "How do I get started with this? What tools do I need?..."
  Status: auto_responded

[QUESTIONS] Marcus Johnson
  "What's the timeline for implementation? When can I start?..."
  Status: auto_responded

[PRAISE] Elena Rodriguez
  "This is absolutely amazing! So inspiring and well-explained. Thank you!..."
  Status: auto_responded

[PRAISE] Alex Kim
  "Love the approach here! Really impressed with the quality. Great work!..."
  Status: auto_responded

[SPAM] Crypto Trading Bot
  "BUY CRYPTO NOW!!! Limited offer, DM me for details..."
  Status: processed

[SALES] Jessica Parker
  "Hi! Love your content. Would love to explore a partnership opportunity with you. Let's connect!..."
  Status: flagged_for_review

[2026-04-15T09:31:35Z] Monitor run completed
YouTube Comment Monitor Report
Generated: 2026-04-15T10:01:35.468201+00:00
Channel: Concessa Obvius
Monitor Mode: DEMO

=== SESSION SUMMARY ===
Total Comments Processed: 6
Auto-Responses Sent: 4
Flagged for Review: 1

=== LIFETIME STATS ===
Total Processed (Lifetime): 156
Total Auto-Replied (Lifetime): 104
Total Flagged (Lifetime): 26

=== BREAKDOWN BY CATEGORY ===
  PRAISE: 2
  QUESTIONS: 2
  SALES: 1
  SPAM: 1

=== RECENT COMMENTS ===

[QUESTIONS] Sarah Chen
  "How do I get started with this? What tools do I need?..."
  Status: auto_responded

[QUESTIONS] Marcus Johnson
  "What's the timeline for implementation? When can I start?..."
  Status: auto_responded

[PRAISE] Elena Rodriguez
  "This is absolutely amazing! So inspiring and well-explained. Thank you!..."
  Status: auto_responded

[PRAISE] Alex Kim
  "Love the approach here! Really impressed with the quality. Great work!..."
  Status: auto_responded

[SPAM] Crypto Trading Bot
  "BUY CRYPTO NOW!!! Limited offer, DM me for details..."
  Status: processed

[SALES] Jessica Parker
  "Hi! Love your content. Would love to explore a partnership opportunity with you. Let's connect!..."
  Status: flagged_for_review

[2026-04-15T10:01:35Z] Monitor run completed
YouTube Comment Monitor Report
Generated: 2026-04-15T10:31:35.580314+00:00
Channel: Concessa Obvius
Monitor Mode: DEMO

=== SESSION SUMMARY ===
Total Comments Processed: 6
Auto-Responses Sent: 4
Flagged for Review: 1

=== LIFETIME STATS ===
Total Processed (Lifetime): 162
Total Auto-Replied (Lifetime): 108
Total Flagged (Lifetime): 27

=== BREAKDOWN BY CATEGORY ===
  PRAISE: 2
  QUESTIONS: 2
  SALES: 1
  SPAM: 1

=== RECENT COMMENTS ===

[QUESTIONS] Sarah Chen
  "How do I get started with this? What tools do I need?..."
  Status: auto_responded

[QUESTIONS] Marcus Johnson
  "What's the timeline for implementation? When can I start?..."
  Status: auto_responded

[PRAISE] Elena Rodriguez
  "This is absolutely amazing! So inspiring and well-explained. Thank you!..."
  Status: auto_responded

[PRAISE] Alex Kim
  "Love the approach here! Really impressed with the quality. Great work!..."
  Status: auto_responded

[SPAM] Crypto Trading Bot
  "BUY CRYPTO NOW!!! Limited offer, DM me for details..."
  Status: processed

[SALES] Jessica Parker
  "Hi! Love your content. Would love to explore a partnership opportunity with you. Let's connect!..."
  Status: flagged_for_review

[2026-04-15T10:31:35Z] Monitor run completed
YouTube Comment Monitor Report
Generated: 2026-04-15T11:01:35.689753+00:00
Channel: Concessa Obvius
Monitor Mode: DEMO

=== SESSION SUMMARY ===
Total Comments Processed: 6
Auto-Responses Sent: 4
Flagged for Review: 1

=== LIFETIME STATS ===
Total Processed (Lifetime): 174
Total Auto-Replied (Lifetime): 116
Total Flagged (Lifetime): 29

=== BREAKDOWN BY CATEGORY ===
  PRAISE: 2
  QUESTIONS: 2
  SALES: 1
  SPAM: 1

=== RECENT COMMENTS ===

[QUESTIONS] Sarah Chen
  "How do I get started with this? What tools do I need?..."
  Status: auto_responded

[QUESTIONS] Marcus Johnson
  "What's the timeline for implementation? When can I start?..."
  Status: auto_responded

[PRAISE] Elena Rodriguez
  "This is absolutely amazing! So inspiring and well-explained. Thank you!..."
  Status: auto_responded

[PRAISE] Alex Kim
  "Love the approach here! Really impressed with the quality. Great work!..."
  Status: auto_responded

[SPAM] Crypto Trading Bot
  "BUY CRYPTO NOW!!! Limited offer, DM me for details..."
  Status: processed

[SALES] Jessica Parker
  "Hi! Love your content. Would love to explore a partnership opportunity with you. Let's connect!..."
  Status: flagged_for_review

[2026-04-15T11:01:35Z] Monitor run completed
YouTube Comment Monitor Report
Generated: 2026-04-15T11:31:35.813557+00:00
Channel: Concessa Obvius
Monitor Mode: DEMO

=== SESSION SUMMARY ===
Total Comments Processed: 6
Auto-Responses Sent: 4
Flagged for Review: 1

=== LIFETIME STATS ===
Total Processed (Lifetime): 180
Total Auto-Replied (Lifetime): 120
Total Flagged (Lifetime): 30

=== BREAKDOWN BY CATEGORY ===
  PRAISE: 2
  QUESTIONS: 2
  SALES: 1
  SPAM: 1

=== RECENT COMMENTS ===

[QUESTIONS] Sarah Chen
  "How do I get started with this? What tools do I need?..."
  Status: auto_responded

[QUESTIONS] Marcus Johnson
  "What's the timeline for implementation? When can I start?..."
  Status: auto_responded

[PRAISE] Elena Rodriguez
  "This is absolutely amazing! So inspiring and well-explained. Thank you!..."
  Status: auto_responded

[PRAISE] Alex Kim
  "Love the approach here! Really impressed with the quality. Great work!..."
  Status: auto_responded

[SPAM] Crypto Trading Bot
  "BUY CRYPTO NOW!!! Limited offer, DM me for details..."
  Status: processed

[SALES] Jessica Parker
  "Hi! Love your content. Would love to explore a partnership opportunity with you. Let's connect!..."
  Status: flagged_for_review

[2026-04-15T11:31:35Z] Monitor run completed
YouTube Comment Monitor Report
Generated: 2026-04-15T12:01:35.923708+00:00
Channel: Concessa Obvius
Monitor Mode: DEMO

=== SESSION SUMMARY ===
Total Comments Processed: 6
Auto-Responses Sent: 4
Flagged for Review: 1

=== LIFETIME STATS ===
Total Processed (Lifetime): 186
Total Auto-Replied (Lifetime): 124
Total Flagged (Lifetime): 31

=== BREAKDOWN BY CATEGORY ===
  PRAISE: 2
  QUESTIONS: 2
  SALES: 1
  SPAM: 1

=== RECENT COMMENTS ===

[QUESTIONS] Sarah Chen
  "How do I get started with this? What tools do I need?..."
  Status: auto_responded

[QUESTIONS] Marcus Johnson
  "What's the timeline for implementation? When can I start?..."
  Status: auto_responded

[PRAISE] Elena Rodriguez
  "This is absolutely amazing! So inspiring and well-explained. Thank you!..."
  Status: auto_responded

[PRAISE] Alex Kim
  "Love the approach here! Really impressed with the quality. Great work!..."
  Status: auto_responded

[SPAM] Crypto Trading Bot
  "BUY CRYPTO NOW!!! Limited offer, DM me for details..."
  Status: processed

[SALES] Jessica Parker
  "Hi! Love your content. Would love to explore a partnership opportunity with you. Let's connect!..."
  Status: flagged_for_review

[2026-04-15T12:01:35Z] Monitor run completed
YouTube Comment Monitor Report
Generated: 2026-04-15T12:31:36.042190+00:00
Channel: Concessa Obvius
Monitor Mode: DEMO

=== SESSION SUMMARY ===
Total Comments Processed: 6
Auto-Responses Sent: 4
Flagged for Review: 1

=== LIFETIME STATS ===
Total Processed (Lifetime): 192
Total Auto-Replied (Lifetime): 128
Total Flagged (Lifetime): 32

=== BREAKDOWN BY CATEGORY ===
  PRAISE: 2
  QUESTIONS: 2
  SALES: 1
  SPAM: 1

=== RECENT COMMENTS ===

[QUESTIONS] Sarah Chen
  "How do I get started with this? What tools do I need?..."
  Status: auto_responded

[QUESTIONS] Marcus Johnson
  "What's the timeline for implementation? When can I start?..."
  Status: auto_responded

[PRAISE] Elena Rodriguez
  "This is absolutely amazing! So inspiring and well-explained. Thank you!..."
  Status: auto_responded

[PRAISE] Alex Kim
  "Love the approach here! Really impressed with the quality. Great work!..."
  Status: auto_responded

[SPAM] Crypto Trading Bot
  "BUY CRYPTO NOW!!! Limited offer, DM me for details..."
  Status: processed

[SALES] Jessica Parker
  "Hi! Love your content. Would love to explore a partnership opportunity with you. Let's connect!..."
  Status: flagged_for_review

[2026-04-15T12:31:36Z] Monitor run completed
YouTube Comment Monitor Report
Generated: 2026-04-15T13:01:36.148697+00:00
Channel: Concessa Obvius
Monitor Mode: DEMO

=== SESSION SUMMARY ===
Total Comments Processed: 6
Auto-Responses Sent: 4
Flagged for Review: 1

=== LIFETIME STATS ===
Total Processed (Lifetime): 198
Total Auto-Replied (Lifetime): 132
Total Flagged (Lifetime): 33

=== BREAKDOWN BY CATEGORY ===
  PRAISE: 2
  QUESTIONS: 2
  SALES: 1
  SPAM: 1

=== RECENT COMMENTS ===

[QUESTIONS] Sarah Chen
  "How do I get started with this? What tools do I need?..."
  Status: auto_responded

[QUESTIONS] Marcus Johnson
  "What's the timeline for implementation? When can I start?..."
  Status: auto_responded

[PRAISE] Elena Rodriguez
  "This is absolutely amazing! So inspiring and well-explained. Thank you!..."
  Status: auto_responded

[PRAISE] Alex Kim
  "Love the approach here! Really impressed with the quality. Great work!..."
  Status: auto_responded

[SPAM] Crypto Trading Bot
  "BUY CRYPTO NOW!!! Limited offer, DM me for details..."
  Status: processed

[SALES] Jessica Parker
  "Hi! Love your content. Would love to explore a partnership opportunity with you. Let's connect!..."
  Status: flagged_for_review

[2026-04-15T13:01:36Z] Monitor run completed
YouTube Comment Monitor Report
Generated: 2026-04-15T13:31:36.272840+00:00
Channel: Concessa Obvius
Monitor Mode: DEMO

=== SESSION SUMMARY ===
Total Comments Processed: 6
Auto-Responses Sent: 4
Flagged for Review: 1

=== LIFETIME STATS ===
Total Processed (Lifetime): 210
Total Auto-Replied (Lifetime): 140
Total Flagged (Lifetime): 35

=== BREAKDOWN BY CATEGORY ===
  PRAISE: 2
  QUESTIONS: 2
  SALES: 1
  SPAM: 1

=== RECENT COMMENTS ===

[QUESTIONS] Sarah Chen
  "How do I get started with this? What tools do I need?..."
  Status: auto_responded

[QUESTIONS] Marcus Johnson
  "What's the timeline for implementation? When can I start?..."
  Status: auto_responded

[PRAISE] Elena Rodriguez
  "This is absolutely amazing! So inspiring and well-explained. Thank you!..."
  Status: auto_responded

[PRAISE] Alex Kim
  "Love the approach here! Really impressed with the quality. Great work!..."
  Status: auto_responded

[SPAM] Crypto Trading Bot
  "BUY CRYPTO NOW!!! Limited offer, DM me for details..."
  Status: processed

[SALES] Jessica Parker
  "Hi! Love your content. Would love to explore a partnership opportunity with you. Let's connect!..."
  Status: flagged_for_review

[2026-04-15T13:31:36Z] Monitor run completed
YouTube Comment Monitor Report
Generated: 2026-04-15T14:01:36.394710+00:00
Channel: Concessa Obvius
Monitor Mode: DEMO

=== SESSION SUMMARY ===
Total Comments Processed: 6
Auto-Responses Sent: 4
Flagged for Review: 1

=== LIFETIME STATS ===
Total Processed (Lifetime): 216
Total Auto-Replied (Lifetime): 144
Total Flagged (Lifetime): 36

=== BREAKDOWN BY CATEGORY ===
  PRAISE: 2
  QUESTIONS: 2
  SALES: 1
  SPAM: 1

=== RECENT COMMENTS ===

[QUESTIONS] Sarah Chen
  "How do I get started with this? What tools do I need?..."
  Status: auto_responded

[QUESTIONS] Marcus Johnson
  "What's the timeline for implementation? When can I start?..."
  Status: auto_responded

[PRAISE] Elena Rodriguez
  "This is absolutely amazing! So inspiring and well-explained. Thank you!..."
  Status: auto_responded

[PRAISE] Alex Kim
  "Love the approach here! Really impressed with the quality. Great work!..."
  Status: auto_responded

[SPAM] Crypto Trading Bot
  "BUY CRYPTO NOW!!! Limited offer, DM me for details..."
  Status: processed

[SALES] Jessica Parker
  "Hi! Love your content. Would love to explore a partnership opportunity with you. Let's connect!..."
  Status: flagged_for_review

[2026-04-15T14:01:36Z] Monitor run completed
YouTube Comment Monitor Report
Generated: 2026-04-15T14:31:36.509419+00:00
Channel: Concessa Obvius
Monitor Mode: DEMO

=== SESSION SUMMARY ===
Total Comments Processed: 6
Auto-Responses Sent: 4
Flagged for Review: 1

=== LIFETIME STATS ===
Total Processed (Lifetime): 222
Total Auto-Replied (Lifetime): 148
Total Flagged (Lifetime): 37

=== BREAKDOWN BY CATEGORY ===
  PRAISE: 2
  QUESTIONS: 2
  SALES: 1
  SPAM: 1

=== RECENT COMMENTS ===

[QUESTIONS] Sarah Chen
  "How do I get started with this? What tools do I need?..."
  Status: auto_responded

[QUESTIONS] Marcus Johnson
  "What's the timeline for implementation? When can I start?..."
  Status: auto_responded

[PRAISE] Elena Rodriguez
  "This is absolutely amazing! So inspiring and well-explained. Thank you!..."
  Status: auto_responded

[PRAISE] Alex Kim
  "Love the approach here! Really impressed with the quality. Great work!..."
  Status: auto_responded

[SPAM] Crypto Trading Bot
  "BUY CRYPTO NOW!!! Limited offer, DM me for details..."
  Status: processed

[SALES] Jessica Parker
  "Hi! Love your content. Would love to explore a partnership opportunity with you. Let's connect!..."
  Status: flagged_for_review

[2026-04-15T14:31:36Z] Monitor run completed
YouTube Comment Monitor Report
Generated: 2026-04-15T15:01:36.628148+00:00
Channel: Concessa Obvius
Monitor Mode: DEMO

=== SESSION SUMMARY ===
Total Comments Processed: 6
Auto-Responses Sent: 4
Flagged for Review: 1

=== LIFETIME STATS ===
Total Processed (Lifetime): 228
Total Auto-Replied (Lifetime): 152
Total Flagged (Lifetime): 38

=== BREAKDOWN BY CATEGORY ===
  PRAISE: 2
  QUESTIONS: 2
  SALES: 1
  SPAM: 1

=== RECENT COMMENTS ===

[QUESTIONS] Sarah Chen
  "How do I get started with this? What tools do I need?..."
  Status: auto_responded

[QUESTIONS] Marcus Johnson
  "What's the timeline for implementation? When can I start?..."
  Status: auto_responded

[PRAISE] Elena Rodriguez
  "This is absolutely amazing! So inspiring and well-explained. Thank you!..."
  Status: auto_responded

[PRAISE] Alex Kim
  "Love the approach here! Really impressed with the quality. Great work!..."
  Status: auto_responded

[SPAM] Crypto Trading Bot
  "BUY CRYPTO NOW!!! Limited offer, DM me for details..."
  Status: processed

[SALES] Jessica Parker
  "Hi! Love your content. Would love to explore a partnership opportunity with you. Let's connect!..."
  Status: flagged_for_review

[2026-04-15T15:01:36Z] Monitor run completed
YouTube Comment Monitor Report
Generated: 2026-04-15T15:31:36.739268+00:00
Channel: Concessa Obvius
Monitor Mode: DEMO

=== SESSION SUMMARY ===
Total Comments Processed: 6
Auto-Responses Sent: 4
Flagged for Review: 1

=== LIFETIME STATS ===
Total Processed (Lifetime): 234
Total Auto-Replied (Lifetime): 156
Total Flagged (Lifetime): 39

=== BREAKDOWN BY CATEGORY ===
  PRAISE: 2
  QUESTIONS: 2
  SALES: 1
  SPAM: 1

=== RECENT COMMENTS ===

[QUESTIONS] Sarah Chen
  "How do I get started with this? What tools do I need?..."
  Status: auto_responded

[QUESTIONS] Marcus Johnson
  "What's the timeline for implementation? When can I start?..."
  Status: auto_responded

[PRAISE] Elena Rodriguez
  "This is absolutely amazing! So inspiring and well-explained. Thank you!..."
  Status: auto_responded

[PRAISE] Alex Kim
  "Love the approach here! Really impressed with the quality. Great work!..."
  Status: auto_responded

[SPAM] Crypto Trading Bot
  "BUY CRYPTO NOW!!! Limited offer, DM me for details..."
  Status: processed

[SALES] Jessica Parker
  "Hi! Love your content. Would love to explore a partnership opportunity with you. Let's connect!..."
  Status: flagged_for_review

[2026-04-15T15:31:36Z] Monitor run completed
YouTube Comment Monitor Report
Generated: 2026-04-15T16:01:36.851641+00:00
Channel: Concessa Obvius
Monitor Mode: DEMO

=== SESSION SUMMARY ===
Total Comments Processed: 6
Auto-Responses Sent: 4
Flagged for Review: 1

=== LIFETIME STATS ===
Total Processed (Lifetime): 240
Total Auto-Replied (Lifetime): 160
Total Flagged (Lifetime): 40

=== BREAKDOWN BY CATEGORY ===
  PRAISE: 2
  QUESTIONS: 2
  SALES: 1
  SPAM: 1

=== RECENT COMMENTS ===

[QUESTIONS] Sarah Chen
  "How do I get started with this? What tools do I need?..."
  Status: auto_responded

[QUESTIONS] Marcus Johnson
  "What's the timeline for implementation? When can I start?..."
  Status: auto_responded

[PRAISE] Elena Rodriguez
  "This is absolutely amazing! So inspiring and well-explained. Thank you!..."
  Status: auto_responded

[PRAISE] Alex Kim
  "Love the approach here! Really impressed with the quality. Great work!..."
  Status: auto_responded

[SPAM] Crypto Trading Bot
  "BUY CRYPTO NOW!!! Limited offer, DM me for details..."
  Status: processed

[SALES] Jessica Parker
  "Hi! Love your content. Would love to explore a partnership opportunity with you. Let's connect!..."
  Status: flagged_for_review

[2026-04-15T16:01:36Z] Monitor run completed
YouTube Comment Monitor Report
Generated: 2026-04-15T16:31:36.960689+00:00
Channel: Concessa Obvius
Monitor Mode: DEMO

=== SESSION SUMMARY ===
Total Comments Processed: 6
Auto-Responses Sent: 4
Flagged for Review: 1

=== LIFETIME STATS ===
Total Processed (Lifetime): 246
Total Auto-Replied (Lifetime): 164
Total Flagged (Lifetime): 41

=== BREAKDOWN BY CATEGORY ===
  PRAISE: 2
  QUESTIONS: 2
  SALES: 1
  SPAM: 1

=== RECENT COMMENTS ===

[QUESTIONS] Sarah Chen
  "How do I get started with this? What tools do I need?..."
  Status: auto_responded

[QUESTIONS] Marcus Johnson
  "What's the timeline for implementation? When can I start?..."
  Status: auto_responded

[PRAISE] Elena Rodriguez
  "This is absolutely amazing! So inspiring and well-explained. Thank you!..."
  Status: auto_responded

[PRAISE] Alex Kim
  "Love the approach here! Really impressed with the quality. Great work!..."
  Status: auto_responded

[SPAM] Crypto Trading Bot
  "BUY CRYPTO NOW!!! Limited offer, DM me for details..."
  Status: processed

[SALES] Jessica Parker
  "Hi! Love your content. Would love to explore a partnership opportunity with you. Let's connect!..."
  Status: flagged_for_review

[2026-04-15T16:31:36Z] Monitor run completed
YouTube Comment Monitor Report
Generated: 2026-04-15T17:01:37.079687+00:00
Channel: Concessa Obvius
Monitor Mode: DEMO

=== SESSION SUMMARY ===
Total Comments Processed: 6
Auto-Responses Sent: 4
Flagged for Review: 1

=== LIFETIME STATS ===
Total Processed (Lifetime): 252
Total Auto-Replied (Lifetime): 168
Total Flagged (Lifetime): 42

=== BREAKDOWN BY CATEGORY ===
  PRAISE: 2
  QUESTIONS: 2
  SALES: 1
  SPAM: 1

=== RECENT COMMENTS ===

[QUESTIONS] Sarah Chen
  "How do I get started with this? What tools do I need?..."
  Status: auto_responded

[QUESTIONS] Marcus Johnson
  "What's the timeline for implementation? When can I start?..."
  Status: auto_responded

[PRAISE] Elena Rodriguez
  "This is absolutely amazing! So inspiring and well-explained. Thank you!..."
  Status: auto_responded

[PRAISE] Alex Kim
  "Love the approach here! Really impressed with the quality. Great work!..."
  Status: auto_responded

[SPAM] Crypto Trading Bot
  "BUY CRYPTO NOW!!! Limited offer, DM me for details..."
  Status: processed

[SALES] Jessica Parker
  "Hi! Love your content. Would love to explore a partnership opportunity with you. Let's connect!..."
  Status: flagged_for_review

[2026-04-15T17:01:37Z] Monitor run completed
YouTube Comment Monitor Report
Generated: 2026-04-15T17:31:37.189289+00:00
Channel: Concessa Obvius
Monitor Mode: DEMO

=== SESSION SUMMARY ===
Total Comments Processed: 6
Auto-Responses Sent: 4
Flagged for Review: 1

=== LIFETIME STATS ===
Total Processed (Lifetime): 258
Total Auto-Replied (Lifetime): 172
Total Flagged (Lifetime): 43

=== BREAKDOWN BY CATEGORY ===
  PRAISE: 2
  QUESTIONS: 2
  SALES: 1
  SPAM: 1

=== RECENT COMMENTS ===

[QUESTIONS] Sarah Chen
  "How do I get started with this? What tools do I need?..."
  Status: auto_responded

[QUESTIONS] Marcus Johnson
  "What's the timeline for implementation? When can I start?..."
  Status: auto_responded

[PRAISE] Elena Rodriguez
  "This is absolutely amazing! So inspiring and well-explained. Thank you!..."
  Status: auto_responded

[PRAISE] Alex Kim
  "Love the approach here! Really impressed with the quality. Great work!..."
  Status: auto_responded

[SPAM] Crypto Trading Bot
  "BUY CRYPTO NOW!!! Limited offer, DM me for details..."
  Status: processed

[SALES] Jessica Parker
  "Hi! Love your content. Would love to explore a partnership opportunity with you. Let's connect!..."
  Status: flagged_for_review

[2026-04-15T17:31:37Z] Monitor run completed
YouTube Comment Monitor Report
Generated: 2026-04-15T18:01:37.297252+00:00
Channel: Concessa Obvius
Monitor Mode: DEMO

=== SESSION SUMMARY ===
Total Comments Processed: 6
Auto-Responses Sent: 4
Flagged for Review: 1

=== LIFETIME STATS ===
Total Processed (Lifetime): 264
Total Auto-Replied (Lifetime): 176
Total Flagged (Lifetime): 44

=== BREAKDOWN BY CATEGORY ===
  PRAISE: 2
  QUESTIONS: 2
  SALES: 1
  SPAM: 1

=== RECENT COMMENTS ===

[QUESTIONS] Sarah Chen
  "How do I get started with this? What tools do I need?..."
  Status: auto_responded

[QUESTIONS] Marcus Johnson
  "What's the timeline for implementation? When can I start?..."
  Status: auto_responded

[PRAISE] Elena Rodriguez
  "This is absolutely amazing! So inspiring and well-explained. Thank you!..."
  Status: auto_responded

[PRAISE] Alex Kim
  "Love the approach here! Really impressed with the quality. Great work!..."
  Status: auto_responded

[SPAM] Crypto Trading Bot
  "BUY CRYPTO NOW!!! Limited offer, DM me for details..."
  Status: processed

[SALES] Jessica Parker
  "Hi! Love your content. Would love to explore a partnership opportunity with you. Let's connect!..."
  Status: flagged_for_review

[2026-04-15T18:01:37Z] Monitor run completed
YouTube Comment Monitor Report
Generated: 2026-04-15T18:31:37.406222+00:00
Channel: Concessa Obvius
Monitor Mode: DEMO

=== SESSION SUMMARY ===
Total Comments Processed: 6
Auto-Responses Sent: 4
Flagged for Review: 1

=== LIFETIME STATS ===
Total Processed (Lifetime): 270
Total Auto-Replied (Lifetime): 180
Total Flagged (Lifetime): 45

=== BREAKDOWN BY CATEGORY ===
  PRAISE: 2
  QUESTIONS: 2
  SALES: 1
  SPAM: 1

=== RECENT COMMENTS ===

[QUESTIONS] Sarah Chen
  "How do I get started with this? What tools do I need?..."
  Status: auto_responded

[QUESTIONS] Marcus Johnson
  "What's the timeline for implementation? When can I start?..."
  Status: auto_responded

[PRAISE] Elena Rodriguez
  "This is absolutely amazing! So inspiring and well-explained. Thank you!..."
  Status: auto_responded

[PRAISE] Alex Kim
  "Love the approach here! Really impressed with the quality. Great work!..."
  Status: auto_responded

[SPAM] Crypto Trading Bot
  "BUY CRYPTO NOW!!! Limited offer, DM me for details..."
  Status: processed

[SALES] Jessica Parker
  "Hi! Love your content. Would love to explore a partnership opportunity with you. Let's connect!..."
  Status: flagged_for_review

[2026-04-15T18:31:37Z] Monitor run completed
YouTube Comment Monitor Report
Generated: 2026-04-15T19:01:37.515252+00:00
Channel: Concessa Obvius
Monitor Mode: DEMO

=== SESSION SUMMARY ===
Total Comments Processed: 6
Auto-Responses Sent: 4
Flagged for Review: 1

=== LIFETIME STATS ===
Total Processed (Lifetime): 276
Total Auto-Replied (Lifetime): 184
Total Flagged (Lifetime): 46

=== BREAKDOWN BY CATEGORY ===
  PRAISE: 2
  QUESTIONS: 2
  SALES: 1
  SPAM: 1

=== RECENT COMMENTS ===

[QUESTIONS] Sarah Chen
  "How do I get started with this? What tools do I need?..."
  Status: auto_responded

[QUESTIONS] Marcus Johnson
  "What's the timeline for implementation? When can I start?..."
  Status: auto_responded

[PRAISE] Elena Rodriguez
  "This is absolutely amazing! So inspiring and well-explained. Thank you!..."
  Status: auto_responded

[PRAISE] Alex Kim
  "Love the approach here! Really impressed with the quality. Great work!..."
  Status: auto_responded

[SPAM] Crypto Trading Bot
  "BUY CRYPTO NOW!!! Limited offer, DM me for details..."
  Status: processed

[SALES] Jessica Parker
  "Hi! Love your content. Would love to explore a partnership opportunity with you. Let's connect!..."
  Status: flagged_for_review

[2026-04-15T19:01:37Z] Monitor run completed
YouTube Comment Monitor Report
Generated: 2026-04-15T19:31:37.624893+00:00
Channel: Concessa Obvius
Monitor Mode: DEMO

=== SESSION SUMMARY ===
Total Comments Processed: 6
Auto-Responses Sent: 4
Flagged for Review: 1

=== LIFETIME STATS ===
Total Processed (Lifetime): 282
Total Auto-Replied (Lifetime): 188
Total Flagged (Lifetime): 47

=== BREAKDOWN BY CATEGORY ===
  PRAISE: 2
  QUESTIONS: 2
  SALES: 1
  SPAM: 1

=== RECENT COMMENTS ===

[QUESTIONS] Sarah Chen
  "How do I get started with this? What tools do I need?..."
  Status: auto_responded

[QUESTIONS] Marcus Johnson
  "What's the timeline for implementation? When can I start?..."
  Status: auto_responded

[PRAISE] Elena Rodriguez
  "This is absolutely amazing! So inspiring and well-explained. Thank you!..."
  Status: auto_responded

[PRAISE] Alex Kim
  "Love the approach here! Really impressed with the quality. Great work!..."
  Status: auto_responded

[SPAM] Crypto Trading Bot
  "BUY CRYPTO NOW!!! Limited offer, DM me for details..."
  Status: processed

[SALES] Jessica Parker
  "Hi! Love your content. Would love to explore a partnership opportunity with you. Let's connect!..."
  Status: flagged_for_review

[2026-04-15T19:31:37Z] Monitor run completed
YouTube Comment Monitor Report
Generated: 2026-04-15T20:01:37.728934+00:00
Channel: Concessa Obvius
Monitor Mode: DEMO

=== SESSION SUMMARY ===
Total Comments Processed: 6
Auto-Responses Sent: 4
Flagged for Review: 1

=== LIFETIME STATS ===
Total Processed (Lifetime): 288
Total Auto-Replied (Lifetime): 192
Total Flagged (Lifetime): 48

=== BREAKDOWN BY CATEGORY ===
  PRAISE: 2
  QUESTIONS: 2
  SALES: 1
  SPAM: 1

=== RECENT COMMENTS ===

[QUESTIONS] Sarah Chen
  "How do I get started with this? What tools do I need?..."
  Status: auto_responded

[QUESTIONS] Marcus Johnson
  "What's the timeline for implementation? When can I start?..."
  Status: auto_responded

[PRAISE] Elena Rodriguez
  "This is absolutely amazing! So inspiring and well-explained. Thank you!..."
  Status: auto_responded

[PRAISE] Alex Kim
  "Love the approach here! Really impressed with the quality. Great work!..."
  Status: auto_responded

[SPAM] Crypto Trading Bot
  "BUY CRYPTO NOW!!! Limited offer, DM me for details..."
  Status: processed

[SALES] Jessica Parker
  "Hi! Love your content. Would love to explore a partnership opportunity with you. Let's connect!..."
  Status: flagged_for_review

[2026-04-15T20:01:37Z] Monitor run completed
YouTube Comment Monitor Report
Generated: 2026-04-15T20:31:37.832452+00:00
Channel: Concessa Obvius
Monitor Mode: DEMO

=== SESSION SUMMARY ===
Total Comments Processed: 6
Auto-Responses Sent: 4
Flagged for Review: 1

=== LIFETIME STATS ===
Total Processed (Lifetime): 294
Total Auto-Replied (Lifetime): 196
Total Flagged (Lifetime): 49

=== BREAKDOWN BY CATEGORY ===
  PRAISE: 2
  QUESTIONS: 2
  SALES: 1
  SPAM: 1

=== RECENT COMMENTS ===

[QUESTIONS] Sarah Chen
  "How do I get started with this? What tools do I need?..."
  Status: auto_responded

[QUESTIONS] Marcus Johnson
  "What's the timeline for implementation? When can I start?..."
  Status: auto_responded

[PRAISE] Elena Rodriguez
  "This is absolutely amazing! So inspiring and well-explained. Thank you!..."
  Status: auto_responded

[PRAISE] Alex Kim
  "Love the approach here! Really impressed with the quality. Great work!..."
  Status: auto_responded

[SPAM] Crypto Trading Bot
  "BUY CRYPTO NOW!!! Limited offer, DM me for details..."
  Status: processed

[SALES] Jessica Parker
  "Hi! Love your content. Would love to explore a partnership opportunity with you. Let's connect!..."
  Status: flagged_for_review

[2026-04-15T20:31:37Z] Monitor run completed
YouTube Comment Monitor Report
Generated: 2026-04-15T21:01:37.935957+00:00
Channel: Concessa Obvius
Monitor Mode: DEMO

=== SESSION SUMMARY ===
Total Comments Processed: 6
Auto-Responses Sent: 4
Flagged for Review: 1

=== LIFETIME STATS ===
Total Processed (Lifetime): 300
Total Auto-Replied (Lifetime): 200
Total Flagged (Lifetime): 50

=== BREAKDOWN BY CATEGORY ===
  PRAISE: 2
  QUESTIONS: 2
  SALES: 1
  SPAM: 1

=== RECENT COMMENTS ===

[QUESTIONS] Sarah Chen
  "How do I get started with this? What tools do I need?..."
  Status: auto_responded

[QUESTIONS] Marcus Johnson
  "What's the timeline for implementation? When can I start?..."
  Status: auto_responded

[PRAISE] Elena Rodriguez
  "This is absolutely amazing! So inspiring and well-explained. Thank you!..."
  Status: auto_responded

[PRAISE] Alex Kim
  "Love the approach here! Really impressed with the quality. Great work!..."
  Status: auto_responded

[SPAM] Crypto Trading Bot
  "BUY CRYPTO NOW!!! Limited offer, DM me for details..."
  Status: processed

[SALES] Jessica Parker
  "Hi! Love your content. Would love to explore a partnership opportunity with you. Let's connect!..."
  Status: flagged_for_review

[2026-04-15T21:01:37Z] Monitor run completed
YouTube Comment Monitor Report
Generated: 2026-04-15T21:31:38.038632+00:00
Channel: Concessa Obvius
Monitor Mode: DEMO

=== SESSION SUMMARY ===
Total Comments Processed: 6
Auto-Responses Sent: 4
Flagged for Review: 1

=== LIFETIME STATS ===
Total Processed (Lifetime): 306
Total Auto-Replied (Lifetime): 204
Total Flagged (Lifetime): 51

=== BREAKDOWN BY CATEGORY ===
  PRAISE: 2
  QUESTIONS: 2
  SALES: 1
  SPAM: 1

=== RECENT COMMENTS ===

[QUESTIONS] Sarah Chen
  "How do I get started with this? What tools do I need?..."
  Status: auto_responded

[QUESTIONS] Marcus Johnson
  "What's the timeline for implementation? When can I start?..."
  Status: auto_responded

[PRAISE] Elena Rodriguez
  "This is absolutely amazing! So inspiring and well-explained. Thank you!..."
  Status: auto_responded

[PRAISE] Alex Kim
  "Love the approach here! Really impressed with the quality. Great work!..."
  Status: auto_responded

[SPAM] Crypto Trading Bot
  "BUY CRYPTO NOW!!! Limited offer, DM me for details..."
  Status: processed

[SALES] Jessica Parker
  "Hi! Love your content. Would love to explore a partnership opportunity with you. Let's connect!..."
  Status: flagged_for_review

[2026-04-15T21:31:38Z] Monitor run completed
YouTube Comment Monitor Report
Generated: 2026-04-15T22:01:38.148200+00:00
Channel: Concessa Obvius
Monitor Mode: DEMO

=== SESSION SUMMARY ===
Total Comments Processed: 6
Auto-Responses Sent: 4
Flagged for Review: 1

=== LIFETIME STATS ===
Total Processed (Lifetime): 312
Total Auto-Replied (Lifetime): 208
Total Flagged (Lifetime): 52

=== BREAKDOWN BY CATEGORY ===
  PRAISE: 2
  QUESTIONS: 2
  SALES: 1
  SPAM: 1

=== RECENT COMMENTS ===

[QUESTIONS] Sarah Chen
  "How do I get started with this? What tools do I need?..."
  Status: auto_responded

[QUESTIONS] Marcus Johnson
  "What's the timeline for implementation? When can I start?..."
  Status: auto_responded

[PRAISE] Elena Rodriguez
  "This is absolutely amazing! So inspiring and well-explained. Thank you!..."
  Status: auto_responded

[PRAISE] Alex Kim
  "Love the approach here! Really impressed with the quality. Great work!..."
  Status: auto_responded

[SPAM] Crypto Trading Bot
  "BUY CRYPTO NOW!!! Limited offer, DM me for details..."
  Status: processed

[SALES] Jessica Parker
  "Hi! Love your content. Would love to explore a partnership opportunity with you. Let's connect!..."
  Status: flagged_for_review

[2026-04-15T22:01:38Z] Monitor run completed
YouTube Comment Monitor Report
Generated: 2026-04-15T22:31:38.256911+00:00
Channel: Concessa Obvius
Monitor Mode: DEMO

=== SESSION SUMMARY ===
Total Comments Processed: 6
Auto-Responses Sent: 4
Flagged for Review: 1

=== LIFETIME STATS ===
Total Processed (Lifetime): 324
Total Auto-Replied (Lifetime): 216
Total Flagged (Lifetime): 54

=== BREAKDOWN BY CATEGORY ===
  PRAISE: 2
  QUESTIONS: 2
  SALES: 1
  SPAM: 1

=== RECENT COMMENTS ===

[QUESTIONS] Sarah Chen
  "How do I get started with this? What tools do I need?..."
  Status: auto_responded

[QUESTIONS] Marcus Johnson
  "What's the timeline for implementation? When can I start?..."
  Status: auto_responded

[PRAISE] Elena Rodriguez
  "This is absolutely amazing! So inspiring and well-explained. Thank you!..."
  Status: auto_responded

[PRAISE] Alex Kim
  "Love the approach here! Really impressed with the quality. Great work!..."
  Status: auto_responded

[SPAM] Crypto Trading Bot
  "BUY CRYPTO NOW!!! Limited offer, DM me for details..."
  Status: processed

[SALES] Jessica Parker
  "Hi! Love your content. Would love to explore a partnership opportunity with you. Let's connect!..."
  Status: flagged_for_review

[2026-04-15T22:31:38Z] Monitor run completed
YouTube Comment Monitor Report
Generated: 2026-04-15T23:01:38.365576+00:00
Channel: Concessa Obvius
Monitor Mode: DEMO

=== SESSION SUMMARY ===
Total Comments Processed: 6
Auto-Responses Sent: 4
Flagged for Review: 1

=== LIFETIME STATS ===
Total Processed (Lifetime): 330
Total Auto-Replied (Lifetime): 220
Total Flagged (Lifetime): 55

=== BREAKDOWN BY CATEGORY ===
  PRAISE: 2
  QUESTIONS: 2
  SALES: 1
  SPAM: 1

=== RECENT COMMENTS ===

[QUESTIONS] Sarah Chen
  "How do I get started with this? What tools do I need?..."
  Status: auto_responded

[QUESTIONS] Marcus Johnson
  "What's the timeline for implementation? When can I start?..."
  Status: auto_responded

[PRAISE] Elena Rodriguez
  "This is absolutely amazing! So inspiring and well-explained. Thank you!..."
  Status: auto_responded

[PRAISE] Alex Kim
  "Love the approach here! Really impressed with the quality. Great work!..."
  Status: auto_responded

[SPAM] Crypto Trading Bot
  "BUY CRYPTO NOW!!! Limited offer, DM me for details..."
  Status: processed

[SALES] Jessica Parker
  "Hi! Love your content. Would love to explore a partnership opportunity with you. Let's connect!..."
  Status: flagged_for_review

[2026-04-15T23:01:38Z] Monitor run completed
YouTube Comment Monitor Report
Generated: 2026-04-15T23:31:38.486159+00:00
Channel: Concessa Obvius
Monitor Mode: DEMO

=== SESSION SUMMARY ===
Total Comments Processed: 6
Auto-Responses Sent: 4
Flagged for Review: 1

=== LIFETIME STATS ===
Total Processed (Lifetime): 336
Total Auto-Replied (Lifetime): 224
Total Flagged (Lifetime): 56

=== BREAKDOWN BY CATEGORY ===
  PRAISE: 2
  QUESTIONS: 2
  SALES: 1
  SPAM: 1

=== RECENT COMMENTS ===

[QUESTIONS] Sarah Chen
  "How do I get started with this? What tools do I need?..."
  Status: auto_responded

[QUESTIONS] Marcus Johnson
  "What's the timeline for implementation? When can I start?..."
  Status: auto_responded

[PRAISE] Elena Rodriguez
  "This is absolutely amazing! So inspiring and well-explained. Thank you!..."
  Status: auto_responded

[PRAISE] Alex Kim
  "Love the approach here! Really impressed with the quality. Great work!..."
  Status: auto_responded

[SPAM] Crypto Trading Bot
  "BUY CRYPTO NOW!!! Limited offer, DM me for details..."
  Status: processed

[SALES] Jessica Parker
  "Hi! Love your content. Would love to explore a partnership opportunity with you. Let's connect!..."
  Status: flagged_for_review

[2026-04-15T23:31:38Z] Monitor run completed
YouTube Comment Monitor Report
Generated: 2026-04-16T00:01:38.593462+00:00
Channel: Concessa Obvius
Monitor Mode: DEMO

=== SESSION SUMMARY ===
Total Comments Processed: 6
Auto-Responses Sent: 4
Flagged for Review: 1

=== LIFETIME STATS ===
Total Processed (Lifetime): 346
Total Auto-Replied (Lifetime): 230
Total Flagged (Lifetime): 58

=== BREAKDOWN BY CATEGORY ===
  PRAISE: 2
  QUESTIONS: 2
  SALES: 1
  SPAM: 1

=== RECENT COMMENTS ===

[QUESTIONS] Sarah Chen
  "How do I get started with this? What tools do I need?..."
  Status: auto_responded

[QUESTIONS] Marcus Johnson
  "What's the timeline for implementation? When can I start?..."
  Status: auto_responded

[PRAISE] Elena Rodriguez
  "This is absolutely amazing! So inspiring and well-explained. Thank you!..."
  Status: auto_responded

[PRAISE] Alex Kim
  "Love the approach here! Really impressed with the quality. Great work!..."
  Status: auto_responded

[SPAM] Crypto Trading Bot
  "BUY CRYPTO NOW!!! Limited offer, DM me for details..."
  Status: processed

[SALES] Jessica Parker
  "Hi! Love your content. Would love to explore a partnership opportunity with you. Let's connect!..."
  Status: flagged_for_review

[2026-04-16T00:01:38Z] Monitor run completed
YouTube Comment Monitor Report
Generated: 2026-04-16T00:31:38.700313+00:00
Channel: Concessa Obvius
Monitor Mode: DEMO

=== SESSION SUMMARY ===
Total Comments Processed: 6
Auto-Responses Sent: 4
Flagged for Review: 1

=== LIFETIME STATS ===
Total Processed (Lifetime): 352
Total Auto-Replied (Lifetime): 234
Total Flagged (Lifetime): 59

=== BREAKDOWN BY CATEGORY ===
  PRAISE: 2
  QUESTIONS: 2
  SALES: 1
  SPAM: 1

=== RECENT COMMENTS ===

[QUESTIONS] Sarah Chen
  "How do I get started with this? What tools do I need?..."
  Status: auto_responded

[QUESTIONS] Marcus Johnson
  "What's the timeline for implementation? When can I start?..."
  Status: auto_responded

[PRAISE] Elena Rodriguez
  "This is absolutely amazing! So inspiring and well-explained. Thank you!..."
  Status: auto_responded

[PRAISE] Alex Kim
  "Love the approach here! Really impressed with the quality. Great work!..."
  Status: auto_responded

[SPAM] Crypto Trading Bot
  "BUY CRYPTO NOW!!! Limited offer, DM me for details..."
  Status: processed

[SALES] Jessica Parker
  "Hi! Love your content. Would love to explore a partnership opportunity with you. Let's connect!..."
  Status: flagged_for_review

[2026-04-16T00:31:38Z] Monitor run completed
YouTube Comment Monitor Report
Generated: 2026-04-16T01:01:38.811284+00:00
Channel: Concessa Obvius
Monitor Mode: DEMO

=== SESSION SUMMARY ===
Total Comments Processed: 6
Auto-Responses Sent: 4
Flagged for Review: 1

=== LIFETIME STATS ===
Total Processed (Lifetime): 364
Total Auto-Replied (Lifetime): 242
Total Flagged (Lifetime): 61

=== BREAKDOWN BY CATEGORY ===
  PRAISE: 2
  QUESTIONS: 2
  SALES: 1
  SPAM: 1

=== RECENT COMMENTS ===

[QUESTIONS] Sarah Chen
  "How do I get started with this? What tools do I need?..."
  Status: auto_responded

[QUESTIONS] Marcus Johnson
  "What's the timeline for implementation? When can I start?..."
  Status: auto_responded

[PRAISE] Elena Rodriguez
  "This is absolutely amazing! So inspiring and well-explained. Thank you!..."
  Status: auto_responded

[PRAISE] Alex Kim
  "Love the approach here! Really impressed with the quality. Great work!..."
  Status: auto_responded

[SPAM] Crypto Trading Bot
  "BUY CRYPTO NOW!!! Limited offer, DM me for details..."
  Status: processed

[SALES] Jessica Parker
  "Hi! Love your content. Would love to explore a partnership opportunity with you. Let's connect!..."
  Status: flagged_for_review

[2026-04-16T01:01:38Z] Monitor run completed
YouTube Comment Monitor Report
Generated: 2026-04-16T01:31:38.920081+00:00
Channel: Concessa Obvius
Monitor Mode: DEMO

=== SESSION SUMMARY ===
Total Comments Processed: 6
Auto-Responses Sent: 4
Flagged for Review: 1

=== LIFETIME STATS ===
Total Processed (Lifetime): 370
Total Auto-Replied (Lifetime): 246
Total Flagged (Lifetime): 62

=== BREAKDOWN BY CATEGORY ===
  PRAISE: 2
  QUESTIONS: 2
  SALES: 1
  SPAM: 1

=== RECENT COMMENTS ===

[QUESTIONS] Sarah Chen
  "How do I get started with this? What tools do I need?..."
  Status: auto_responded

[QUESTIONS] Marcus Johnson
  "What's the timeline for implementation? When can I start?..."
  Status: auto_responded

[PRAISE] Elena Rodriguez
  "This is absolutely amazing! So inspiring and well-explained. Thank you!..."
  Status: auto_responded

[PRAISE] Alex Kim
  "Love the approach here! Really impressed with the quality. Great work!..."
  Status: auto_responded

[SPAM] Crypto Trading Bot
  "BUY CRYPTO NOW!!! Limited offer, DM me for details..."
  Status: processed

[SALES] Jessica Parker
  "Hi! Love your content. Would love to explore a partnership opportunity with you. Let's connect!..."
  Status: flagged_for_review

[2026-04-16T01:31:38Z] Monitor run completed
YouTube Comment Monitor Report
Generated: 2026-04-16T02:01:39.025108+00:00
Channel: Concessa Obvius
Monitor Mode: DEMO

=== SESSION SUMMARY ===
Total Comments Processed: 6
Auto-Responses Sent: 4
Flagged for Review: 1

=== LIFETIME STATS ===
Total Processed (Lifetime): 380
Total Auto-Replied (Lifetime): 252
Total Flagged (Lifetime): 64

=== BREAKDOWN BY CATEGORY ===
  PRAISE: 2
  QUESTIONS: 2
  SALES: 1
  SPAM: 1

=== RECENT COMMENTS ===

[QUESTIONS] Sarah Chen
  "How do I get started with this? What tools do I need?..."
  Status: auto_responded

[QUESTIONS] Marcus Johnson
  "What's the timeline for implementation? When can I start?..."
  Status: auto_responded

[PRAISE] Elena Rodriguez
  "This is absolutely amazing! So inspiring and well-explained. Thank you!..."
  Status: auto_responded

[PRAISE] Alex Kim
  "Love the approach here! Really impressed with the quality. Great work!..."
  Status: auto_responded

[SPAM] Crypto Trading Bot
  "BUY CRYPTO NOW!!! Limited offer, DM me for details..."
  Status: processed

[SALES] Jessica Parker
  "Hi! Love your content. Would love to explore a partnership opportunity with you. Let's connect!..."
  Status: flagged_for_review

[2026-04-16T02:01:39Z] Monitor run completed
YouTube Comment Monitor Report
Generated: 2026-04-16T02:31:39.143578+00:00
Channel: Concessa Obvius
Monitor Mode: DEMO

=== SESSION SUMMARY ===
Total Comments Processed: 6
Auto-Responses Sent: 4
Flagged for Review: 1

=== LIFETIME STATS ===
Total Processed (Lifetime): 386
Total Auto-Replied (Lifetime): 256
Total Flagged (Lifetime): 65

=== BREAKDOWN BY CATEGORY ===
  PRAISE: 2
  QUESTIONS: 2
  SALES: 1
  SPAM: 1

=== RECENT COMMENTS ===

[QUESTIONS] Sarah Chen
  "How do I get started with this? What tools do I need?..."
  Status: auto_responded

[QUESTIONS] Marcus Johnson
  "What's the timeline for implementation? When can I start?..."
  Status: auto_responded

[PRAISE] Elena Rodriguez
  "This is absolutely amazing! So inspiring and well-explained. Thank you!..."
  Status: auto_responded

[PRAISE] Alex Kim
  "Love the approach here! Really impressed with the quality. Great work!..."
  Status: auto_responded

[SPAM] Crypto Trading Bot
  "BUY CRYPTO NOW!!! Limited offer, DM me for details..."
  Status: processed

[SALES] Jessica Parker
  "Hi! Love your content. Would love to explore a partnership opportunity with you. Let's connect!..."
  Status: flagged_for_review

[2026-04-16T02:31:39Z] Monitor run completed
YouTube Comment Monitor Report
Generated: 2026-04-16T03:01:39.250099+00:00
Channel: Concessa Obvius
Monitor Mode: DEMO

=== SESSION SUMMARY ===
Total Comments Processed: 6
Auto-Responses Sent: 4
Flagged for Review: 1

=== LIFETIME STATS ===
Total Processed (Lifetime): 392
Total Auto-Replied (Lifetime): 260
Total Flagged (Lifetime): 66

=== BREAKDOWN BY CATEGORY ===
  PRAISE: 2
  QUESTIONS: 2
  SALES: 1
  SPAM: 1

=== RECENT COMMENTS ===

[QUESTIONS] Sarah Chen
  "How do I get started with this? What tools do I need?..."
  Status: auto_responded

[QUESTIONS] Marcus Johnson
  "What's the timeline for implementation? When can I start?..."
  Status: auto_responded

[PRAISE] Elena Rodriguez
  "This is absolutely amazing! So inspiring and well-explained. Thank you!..."
  Status: auto_responded

[PRAISE] Alex Kim
  "Love the approach here! Really impressed with the quality. Great work!..."
  Status: auto_responded

[SPAM] Crypto Trading Bot
  "BUY CRYPTO NOW!!! Limited offer, DM me for details..."
  Status: processed

[SALES] Jessica Parker
  "Hi! Love your content. Would love to explore a partnership opportunity with you. Let's connect!..."
  Status: flagged_for_review

[2026-04-16T03:01:39Z] Monitor run completed
YouTube Comment Monitor Report
Generated: 2026-04-16T03:31:39.365602+00:00
Channel: Concessa Obvius
Monitor Mode: DEMO

=== SESSION SUMMARY ===
Total Comments Processed: 6
Auto-Responses Sent: 4
Flagged for Review: 1

=== LIFETIME STATS ===
Total Processed (Lifetime): 398
Total Auto-Replied (Lifetime): 264
Total Flagged (Lifetime): 67

=== BREAKDOWN BY CATEGORY ===
  PRAISE: 2
  QUESTIONS: 2
  SALES: 1
  SPAM: 1

=== RECENT COMMENTS ===

[QUESTIONS] Sarah Chen
  "How do I get started with this? What tools do I need?..."
  Status: auto_responded

[QUESTIONS] Marcus Johnson
  "What's the timeline for implementation? When can I start?..."
  Status: auto_responded

[PRAISE] Elena Rodriguez
  "This is absolutely amazing! So inspiring and well-explained. Thank you!..."
  Status: auto_responded

[PRAISE] Alex Kim
  "Love the approach here! Really impressed with the quality. Great work!..."
  Status: auto_responded

[SPAM] Crypto Trading Bot
  "BUY CRYPTO NOW!!! Limited offer, DM me for details..."
  Status: processed

[SALES] Jessica Parker
  "Hi! Love your content. Would love to explore a partnership opportunity with you. Let's connect!..."
  Status: flagged_for_review

[2026-04-16T03:31:39Z] Monitor run completed
YouTube Comment Monitor Report
Generated: 2026-04-16T04:01:39.451804+00:00
Channel: Concessa Obvius
Monitor Mode: DEMO

=== SESSION SUMMARY ===
Total Comments Processed: 6
Auto-Responses Sent: 4
Flagged for Review: 1

=== LIFETIME STATS ===
Total Processed (Lifetime): 404
Total Auto-Replied (Lifetime): 268
Total Flagged (Lifetime): 68

=== BREAKDOWN BY CATEGORY ===
  PRAISE: 2
  QUESTIONS: 2
  SALES: 1
  SPAM: 1

=== RECENT COMMENTS ===

[QUESTIONS] Sarah Chen
  "How do I get started with this? What tools do I need?..."
  Status: auto_responded

[QUESTIONS] Marcus Johnson
  "What's the timeline for implementation? When can I start?..."
  Status: auto_responded

[PRAISE] Elena Rodriguez
  "This is absolutely amazing! So inspiring and well-explained. Thank you!..."
  Status: auto_responded

[PRAISE] Alex Kim
  "Love the approach here! Really impressed with the quality. Great work!..."
  Status: auto_responded

[SPAM] Crypto Trading Bot
  "BUY CRYPTO NOW!!! Limited offer, DM me for details..."
  Status: processed

[SALES] Jessica Parker
  "Hi! Love your content. Would love to explore a partnership opportunity with you. Let's connect!..."
  Status: flagged_for_review

[2026-04-16T04:01:39Z] Monitor run completed
YouTube Comment Monitor Report
Generated: 2026-04-16T04:31:39.537165+00:00
Channel: Concessa Obvius
Monitor Mode: DEMO

=== SESSION SUMMARY ===
Total Comments Processed: 6
Auto-Responses Sent: 4
Flagged for Review: 1

=== LIFETIME STATS ===
Total Processed (Lifetime): 410
Total Auto-Replied (Lifetime): 272
Total Flagged (Lifetime): 69

=== BREAKDOWN BY CATEGORY ===
  PRAISE: 2
  QUESTIONS: 2
  SALES: 1
  SPAM: 1

=== RECENT COMMENTS ===

[QUESTIONS] Sarah Chen
  "How do I get started with this? What tools do I need?..."
  Status: auto_responded

[QUESTIONS] Marcus Johnson
  "What's the timeline for implementation? When can I start?..."
  Status: auto_responded

[PRAISE] Elena Rodriguez
  "This is absolutely amazing! So inspiring and well-explained. Thank you!..."
  Status: auto_responded

[PRAISE] Alex Kim
  "Love the approach here! Really impressed with the quality. Great work!..."
  Status: auto_responded

[SPAM] Crypto Trading Bot
  "BUY CRYPTO NOW!!! Limited offer, DM me for details..."
  Status: processed

[SALES] Jessica Parker
  "Hi! Love your content. Would love to explore a partnership opportunity with you. Let's connect!..."
  Status: flagged_for_review

[2026-04-16T04:31:39Z] Monitor run completed
YouTube Comment Monitor Report
Generated: 2026-04-16T05:01:39.612627+00:00
Channel: Concessa Obvius
Monitor Mode: DEMO

=== SESSION SUMMARY ===
Total Comments Processed: 6
Auto-Responses Sent: 4
Flagged for Review: 1

=== LIFETIME STATS ===
Total Processed (Lifetime): 416
Total Auto-Replied (Lifetime): 276
Total Flagged (Lifetime): 70

=== BREAKDOWN BY CATEGORY ===
  PRAISE: 2
  QUESTIONS: 2
  SALES: 1
  SPAM: 1

=== RECENT COMMENTS ===

[QUESTIONS] Sarah Chen
  "How do I get started with this? What tools do I need?..."
  Status: auto_responded

[QUESTIONS] Marcus Johnson
  "What's the timeline for implementation? When can I start?..."
  Status: auto_responded

[PRAISE] Elena Rodriguez
  "This is absolutely amazing! So inspiring and well-explained. Thank you!..."
  Status: auto_responded

[PRAISE] Alex Kim
  "Love the approach here! Really impressed with the quality. Great work!..."
  Status: auto_responded

[SPAM] Crypto Trading Bot
  "BUY CRYPTO NOW!!! Limited offer, DM me for details..."
  Status: processed

[SALES] Jessica Parker
  "Hi! Love your content. Would love to explore a partnership opportunity with you. Let's connect!..."
  Status: flagged_for_review

[2026-04-16T05:01:39Z] Monitor run completed
YouTube Comment Monitor Report
Generated: 2026-04-16T05:31:39.683881+00:00
Channel: Concessa Obvius
Monitor Mode: DEMO

=== SESSION SUMMARY ===
Total Comments Processed: 6
Auto-Responses Sent: 4
Flagged for Review: 1

=== LIFETIME STATS ===
Total Processed (Lifetime): 422
Total Auto-Replied (Lifetime): 280
Total Flagged (Lifetime): 71

=== BREAKDOWN BY CATEGORY ===
  PRAISE: 2
  QUESTIONS: 2
  SALES: 1
  SPAM: 1

=== RECENT COMMENTS ===

[QUESTIONS] Sarah Chen
  "How do I get started with this? What tools do I need?..."
  Status: auto_responded

[QUESTIONS] Marcus Johnson
  "What's the timeline for implementation? When can I start?..."
  Status: auto_responded

[PRAISE] Elena Rodriguez
  "This is absolutely amazing! So inspiring and well-explained. Thank you!..."
  Status: auto_responded

[PRAISE] Alex Kim
  "Love the approach here! Really impressed with the quality. Great work!..."
  Status: auto_responded

[SPAM] Crypto Trading Bot
  "BUY CRYPTO NOW!!! Limited offer, DM me for details..."
  Status: processed

[SALES] Jessica Parker
  "Hi! Love your content. Would love to explore a partnership opportunity with you. Let's connect!..."
  Status: flagged_for_review

[2026-04-16T05:31:39Z] Monitor run completed
YouTube Comment Monitor Report
Generated: 2026-04-16T06:01:39.757235+00:00
Channel: Concessa Obvius
Monitor Mode: DEMO

=== SESSION SUMMARY ===
Total Comments Processed: 6
Auto-Responses Sent: 4
Flagged for Review: 1

=== LIFETIME STATS ===
Total Processed (Lifetime): 428
Total Auto-Replied (Lifetime): 284
Total Flagged (Lifetime): 72

=== BREAKDOWN BY CATEGORY ===
  PRAISE: 2
  QUESTIONS: 2
  SALES: 1
  SPAM: 1

=== RECENT COMMENTS ===

[QUESTIONS] Sarah Chen
  "How do I get started with this? What tools do I need?..."
  Status: auto_responded

[QUESTIONS] Marcus Johnson
  "What's the timeline for implementation? When can I start?..."
  Status: auto_responded

[PRAISE] Elena Rodriguez
  "This is absolutely amazing! So inspiring and well-explained. Thank you!..."
  Status: auto_responded

[PRAISE] Alex Kim
  "Love the approach here! Really impressed with the quality. Great work!..."
  Status: auto_responded

[SPAM] Crypto Trading Bot
  "BUY CRYPTO NOW!!! Limited offer, DM me for details..."
  Status: processed

[SALES] Jessica Parker
  "Hi! Love your content. Would love to explore a partnership opportunity with you. Let's connect!..."
  Status: flagged_for_review

[2026-04-16T06:01:39Z] Monitor run completed
YouTube Comment Monitor Report
Generated: 2026-04-16T06:31:39.838967+00:00
Channel: Concessa Obvius
Monitor Mode: DEMO

=== SESSION SUMMARY ===
Total Comments Processed: 6
Auto-Responses Sent: 4
Flagged for Review: 1

=== LIFETIME STATS ===
Total Processed (Lifetime): 440
Total Auto-Replied (Lifetime): 292
Total Flagged (Lifetime): 74

=== BREAKDOWN BY CATEGORY ===
  PRAISE: 2
  QUESTIONS: 2
  SALES: 1
  SPAM: 1

=== RECENT COMMENTS ===

[QUESTIONS] Sarah Chen
  "How do I get started with this? What tools do I need?..."
  Status: auto_responded

[QUESTIONS] Marcus Johnson
  "What's the timeline for implementation? When can I start?..."
  Status: auto_responded

[PRAISE] Elena Rodriguez
  "This is absolutely amazing! So inspiring and well-explained. Thank you!..."
  Status: auto_responded

[PRAISE] Alex Kim
  "Love the approach here! Really impressed with the quality. Great work!..."
  Status: auto_responded

[SPAM] Crypto Trading Bot
  "BUY CRYPTO NOW!!! Limited offer, DM me for details..."
  Status: processed

[SALES] Jessica Parker
  "Hi! Love your content. Would love to explore a partnership opportunity with you. Let's connect!..."
  Status: flagged_for_review

[2026-04-16T06:31:39Z] Monitor run completed
YouTube Comment Monitor Report
Generated: 2026-04-16T07:01:39.921134+00:00
Channel: Concessa Obvius
Monitor Mode: DEMO

=== SESSION SUMMARY ===
Total Comments Processed: 6
Auto-Responses Sent: 4
Flagged for Review: 1

=== LIFETIME STATS ===
Total Processed (Lifetime): 446
Total Auto-Replied (Lifetime): 296
Total Flagged (Lifetime): 75

=== BREAKDOWN BY CATEGORY ===
  PRAISE: 2
  QUESTIONS: 2
  SALES: 1
  SPAM: 1

=== RECENT COMMENTS ===

[QUESTIONS] Sarah Chen
  "How do I get started with this? What tools do I need?..."
  Status: auto_responded

[QUESTIONS] Marcus Johnson
  "What's the timeline for implementation? When can I start?..."
  Status: auto_responded

[PRAISE] Elena Rodriguez
  "This is absolutely amazing! So inspiring and well-explained. Thank you!..."
  Status: auto_responded

[PRAISE] Alex Kim
  "Love the approach here! Really impressed with the quality. Great work!..."
  Status: auto_responded

[SPAM] Crypto Trading Bot
  "BUY CRYPTO NOW!!! Limited offer, DM me for details..."
  Status: processed

[SALES] Jessica Parker
  "Hi! Love your content. Would love to explore a partnership opportunity with you. Let's connect!..."
  Status: flagged_for_review

[2026-04-16T07:01:39Z] Monitor run completed
YouTube Comment Monitor Report
Generated: 2026-04-16T07:31:40.005361+00:00
Channel: Concessa Obvius
Monitor Mode: DEMO

=== SESSION SUMMARY ===
Total Comments Processed: 6
Auto-Responses Sent: 4
Flagged for Review: 1

=== LIFETIME STATS ===
Total Processed (Lifetime): 452
Total Auto-Replied (Lifetime): 300
Total Flagged (Lifetime): 76

=== BREAKDOWN BY CATEGORY ===
  PRAISE: 2
  QUESTIONS: 2
  SALES: 1
  SPAM: 1

=== RECENT COMMENTS ===

[QUESTIONS] Sarah Chen
  "How do I get started with this? What tools do I need?..."
  Status: auto_responded

[QUESTIONS] Marcus Johnson
  "What's the timeline for implementation? When can I start?..."
  Status: auto_responded

[PRAISE] Elena Rodriguez
  "This is absolutely amazing! So inspiring and well-explained. Thank you!..."
  Status: auto_responded

[PRAISE] Alex Kim
  "Love the approach here! Really impressed with the quality. Great work!..."
  Status: auto_responded

[SPAM] Crypto Trading Bot
  "BUY CRYPTO NOW!!! Limited offer, DM me for details..."
  Status: processed

[SALES] Jessica Parker
  "Hi! Love your content. Would love to explore a partnership opportunity with you. Let's connect!..."
  Status: flagged_for_review

[2026-04-16T07:31:40Z] Monitor run completed
YouTube Comment Monitor Report
Generated: 2026-04-16T08:01:40.087251+00:00
Channel: Concessa Obvius
Monitor Mode: DEMO

=== SESSION SUMMARY ===
Total Comments Processed: 6
Auto-Responses Sent: 4
Flagged for Review: 1

=== LIFETIME STATS ===
Total Processed (Lifetime): 459
Total Auto-Replied (Lifetime): 305
Total Flagged (Lifetime): 77

=== BREAKDOWN BY CATEGORY ===
  PRAISE: 2
  QUESTIONS: 2
  SALES: 1
  SPAM: 1

=== RECENT COMMENTS ===

[QUESTIONS] Sarah Chen
  "How do I get started with this? What tools do I need?..."
  Status: auto_responded

[QUESTIONS] Marcus Johnson
  "What's the timeline for implementation? When can I start?..."
  Status: auto_responded

[PRAISE] Elena Rodriguez
  "This is absolutely amazing! So inspiring and well-explained. Thank you!..."
  Status: auto_responded

[PRAISE] Alex Kim
  "Love the approach here! Really impressed with the quality. Great work!..."
  Status: auto_responded

[SPAM] Crypto Trading Bot
  "BUY CRYPTO NOW!!! Limited offer, DM me for details..."
  Status: processed

[SALES] Jessica Parker
  "Hi! Love your content. Would love to explore a partnership opportunity with you. Let's connect!..."
  Status: flagged_for_review

[2026-04-16T08:01:40Z] Monitor run completed
YouTube Comment Monitor Report
Generated: 2026-04-16T08:31:40.174897+00:00
Channel: Concessa Obvius
Monitor Mode: DEMO

=== SESSION SUMMARY ===
Total Comments Processed: 6
Auto-Responses Sent: 4
Flagged for Review: 1

=== LIFETIME STATS ===
Total Processed (Lifetime): 465
Total Auto-Replied (Lifetime): 309
Total Flagged (Lifetime): 78

=== BREAKDOWN BY CATEGORY ===
  PRAISE: 2
  QUESTIONS: 2
  SALES: 1
  SPAM: 1

=== RECENT COMMENTS ===

[QUESTIONS] Sarah Chen
  "How do I get started with this? What tools do I need?..."
  Status: auto_responded

[QUESTIONS] Marcus Johnson
  "What's the timeline for implementation? When can I start?..."
  Status: auto_responded

[PRAISE] Elena Rodriguez
  "This is absolutely amazing! So inspiring and well-explained. Thank you!..."
  Status: auto_responded

[PRAISE] Alex Kim
  "Love the approach here! Really impressed with the quality. Great work!..."
  Status: auto_responded

[SPAM] Crypto Trading Bot
  "BUY CRYPTO NOW!!! Limited offer, DM me for details..."
  Status: processed

[SALES] Jessica Parker
  "Hi! Love your content. Would love to explore a partnership opportunity with you. Let's connect!..."
  Status: flagged_for_review

[2026-04-16T08:31:40Z] Monitor run completed
YouTube Comment Monitor Report
Generated: 2026-04-16T09:01:40.259367+00:00
Channel: Concessa Obvius
Monitor Mode: DEMO

=== SESSION SUMMARY ===
Total Comments Processed: 6
Auto-Responses Sent: 4
Flagged for Review: 1

=== LIFETIME STATS ===
Total Processed (Lifetime): 471
Total Auto-Replied (Lifetime): 313
Total Flagged (Lifetime): 79

=== BREAKDOWN BY CATEGORY ===
  PRAISE: 2
  QUESTIONS: 2
  SALES: 1
  SPAM: 1

=== RECENT COMMENTS ===

[QUESTIONS] Sarah Chen
  "How do I get started with this? What tools do I need?..."
  Status: auto_responded

[QUESTIONS] Marcus Johnson
  "What's the timeline for implementation? When can I start?..."
  Status: auto_responded

[PRAISE] Elena Rodriguez
  "This is absolutely amazing! So inspiring and well-explained. Thank you!..."
  Status: auto_responded

[PRAISE] Alex Kim
  "Love the approach here! Really impressed with the quality. Great work!..."
  Status: auto_responded

[SPAM] Crypto Trading Bot
  "BUY CRYPTO NOW!!! Limited offer, DM me for details..."
  Status: processed

[SALES] Jessica Parker
  "Hi! Love your content. Would love to explore a partnership opportunity with you. Let's connect!..."
  Status: flagged_for_review

[2026-04-16T09:01:40Z] Monitor run completed
