Traceback (most recent call last):
  File "/Users/abundance/.openclaw/workspace/.cache/youtube-comment-monitor.py", line 276, in <module>
    monitor = YouTubeCommentMonitor()
  File "/Users/abundance/.openclaw/workspace/.cache/youtube-comment-monitor.py", line 37, in __init__
    self.authenticate()
    ~~~~~~~~~~~~~~~~~^^
  File "/Users/abundance/.openclaw/workspace/.cache/youtube-comment-monitor.py", line 78, in authenticate
    creds.refresh(Request())
    ~~~~~~~~~~~~~^^^^^^^^^^^
  File "/opt/homebrew/lib/python3.14/site-packages/google/oauth2/credentials.py", line 412, in refresh
    ) = reauth.refresh_grant(
        ~~~~~~~~~~~~~~~~~~~~^
        request,
        ^^^^^^^^
    ...<6 lines>...
        enable_reauth_refresh=self._enable_reauth_refresh,
        ^^^^^^^^^^^^^^^^^^^^^^^^^^^^^^^^^^^^^^^^^^^^^^^^^^
    )
    ^
  File "/opt/homebrew/lib/python3.14/site-packages/google/oauth2/reauth.py", line 370, in refresh_grant
    _client._handle_error_response(response_data, retryable_error)
    ~~~~~~~~~~~~~~~~~~~~~~~~~~~~~~^^^^^^^^^^^^^^^^^^^^^^^^^^^^^^^^
  File "/opt/homebrew/lib/python3.14/site-packages/google/oauth2/_client.py", line 69, in _handle_error_response
    raise exceptions.RefreshError(
        error_details, response_data, retryable=retryable_error
    )
google.auth.exceptions.RefreshError: ('invalid_client: The provided client secret is invalid.', {'error': 'invalid_client', 'error_description': 'The provided client secret is invalid.'})
