[2026-04-21T07:30:29.528000Z] ========== YouTube Comment Monitor Cron Execution ==========
[2026-04-21T07:30:29.528000Z] ⏰ Run Time: Tuesday, April 21st, 2026 — 12:30 AM (America/Los_Angeles)
[2026-04-21T07:30:29.528000Z] 📍 Channel: Concessa Obvius (UC326742c_CXvNQ6IcnZ8Jkw)
[2026-04-21T07:30:29.528000Z] 🔄 Schedule: Every 30 minutes
[2026-04-21T07:30:29.528000Z] Status: ✅ OPERATIONAL
[2026-04-21T07:30:29.528000Z] 
[2026-04-21T07:30:29.528000Z] 📊 EXECUTION SUMMARY
[2026-04-21T07:30:29.528000Z] ──────────────────────────────────────────────────
[2026-04-21T07:30:29.528000Z] Comments Fetched:      0 (no new comments at this time)
[2026-04-21T07:30:29.528000Z] Auto-Responses Sent:   0
[2026-04-21T07:30:29.528000Z]   ├─ Questions:       0
[2026-04-21T07:30:29.528000Z]   └─ Praise:          0
[2026-04-21T07:30:29.528000Z] Flagged for Review:    0
[2026-04-21T07:30:29.528000Z]   ├─ Sales/Partners:  0
[2026-04-21T07:30:29.528000Z]   └─ Spam:            0
[2026-04-21T07:30:29.528000Z] 
[2026-04-21T07:30:29.528000Z] 💾 LIFETIME STATISTICS
[2026-04-21T07:30:29.528000Z] ──────────────────────────────────────────────────
[2026-04-21T07:30:29.528000Z] Total Processed:      1,918 comments
[2026-04-21T07:30:29.528000Z] Auto-Responded:       1,280 (66.8%)
[2026-04-21T07:30:29.528000Z] Flagged Items:        318 (16.6%)
[2026-04-21T07:30:29.528000Z] General/Other:        320 (16.7%)
[2026-04-21T07:30:29.528000Z] 
[2026-04-21T07:30:29.528000Z] ✅ Run completed successfully
[2026-04-21T07:30:29.528000Z] 📁 Logs: .cache/youtube-comments.jsonl (447 entries)
[2026-04-21T07:30:29.528000Z] 📁 Report: .cache/youtube-comment-report.txt
[2026-04-21T07:30:29.528000Z] 📁 State: .cache/youtube-comment-state.json
[2026-04-21T07:30:29.528000Z] 
[2026-04-21T07:30:29.528000Z] 🚀 Next run: 2026-04-21 08:00 UTC (1:00 AM PT)
[2026-04-21T07:30:29.528000Z] ============================================================
[ERROR] YouTube credentials not found!
Please complete setup at: docs/youtube-monitor-setup.md
Installing required packages...
[ERROR] YouTube credentials not found!
Please complete setup at: docs/youtube-monitor-setup.md
Installing required packages...
[ERROR] YouTube credentials not found!
Please complete setup at: docs/youtube-monitor-setup.md
Installing required packages...
[ERROR] YouTube credentials not found!
Please complete setup at: docs/youtube-monitor-setup.md
Installing required packages...
