[2026-04-17 05:04:51,472] INFO: Starting YouTube DM Monitor for 'Concessa Obvius'
[2026-04-17 05:04:51,472] INFO: Fetching DMs from YouTube Studio...
[2026-04-17 05:04:51,472] WARNING: Playwright not installed; using demo mode
[2026-04-17 05:04:51,472] INFO: Using existing DM log (no new DMs from YouTube Studio)
[2026-04-17 05:04:51,472] INFO: No new DMs to process
[2026-04-17 05:04:51,473] INFO: ✅ Monitor run completed successfully
[2026-04-17 06:04:51,737] INFO: Starting YouTube DM Monitor for 'Concessa Obvius'
[2026-04-17 06:04:51,738] INFO: Fetching DMs from YouTube Studio...
[2026-04-17 06:04:51,738] WARNING: Playwright not installed; using demo mode
[2026-04-17 06:04:51,738] INFO: Using existing DM log (no new DMs from YouTube Studio)
[2026-04-17 06:04:51,738] INFO: No new DMs to process
[2026-04-17 06:04:51,739] INFO: ✅ Monitor run completed successfully
[2026-04-17 07:04:51,944] INFO: Starting YouTube DM Monitor for 'Concessa Obvius'
[2026-04-17 07:04:51,944] INFO: Fetching DMs from YouTube Studio...
[2026-04-17 07:04:51,944] WARNING: Playwright not installed; using demo mode
[2026-04-17 07:04:51,944] INFO: Using existing DM log (no new DMs from YouTube Studio)
[2026-04-17 07:04:51,944] INFO: No new DMs to process
[2026-04-17 07:04:51,945] INFO: ✅ Monitor run completed successfully
[2026-04-17 08:04:52,248] INFO: Starting YouTube DM Monitor for 'Concessa Obvius'
[2026-04-17 08:04:52,249] INFO: Fetching DMs from YouTube Studio...
[2026-04-17 08:04:52,250] WARNING: Playwright not installed; using demo mode
[2026-04-17 08:04:52,250] INFO: Using existing DM log (no new DMs from YouTube Studio)
[2026-04-17 08:04:52,250] INFO: No new DMs to process
[2026-04-17 08:04:52,252] INFO: ✅ Monitor run completed successfully
[2026-04-17 09:04:52,535] INFO: Starting YouTube DM Monitor for 'Concessa Obvius'
[2026-04-17 09:04:52,536] INFO: Fetching DMs from YouTube Studio...
[2026-04-17 09:04:52,536] WARNING: Playwright not installed; using demo mode
[2026-04-17 09:04:52,536] INFO: Using existing DM log (no new DMs from YouTube Studio)
[2026-04-17 09:04:52,536] INFO: No new DMs to process
[2026-04-17 09:04:52,537] INFO: ✅ Monitor run completed successfully
[2026-04-17 10:04:52,787] INFO: Starting YouTube DM Monitor for 'Concessa Obvius'
[2026-04-17 10:04:52,787] INFO: Fetching DMs from YouTube Studio...
[2026-04-17 10:04:52,787] WARNING: Playwright not installed; using demo mode
[2026-04-17 10:04:52,787] INFO: Using existing DM log (no new DMs from YouTube Studio)
[2026-04-17 10:04:52,787] INFO: No new DMs to process
[2026-04-17 10:04:52,788] INFO: ✅ Monitor run completed successfully
[2026-04-17 11:04:53,045] INFO: Starting YouTube DM Monitor for 'Concessa Obvius'
[2026-04-17 11:04:53,046] INFO: Fetching DMs from YouTube Studio...
[2026-04-17 11:04:53,046] WARNING: Playwright not installed; using demo mode
[2026-04-17 11:04:53,046] INFO: Using existing DM log (no new DMs from YouTube Studio)
[2026-04-17 11:04:53,046] INFO: No new DMs to process
[2026-04-17 11:04:53,047] INFO: ✅ Monitor run completed successfully
[2026-04-17 12:04:53,237] INFO: Starting YouTube DM Monitor for 'Concessa Obvius'
[2026-04-17 12:04:53,249] INFO: Fetching DMs from YouTube Studio...
[2026-04-17 12:04:53,250] WARNING: Playwright not installed; using demo mode
[2026-04-17 12:04:53,250] INFO: Using existing DM log (no new DMs from YouTube Studio)
[2026-04-17 12:04:53,250] INFO: No new DMs to process
[2026-04-17 12:04:53,251] INFO: ✅ Monitor run completed successfully
[2026-04-17 13:04:53,464] INFO: Starting YouTube DM Monitor for 'Concessa Obvius'
[2026-04-17 13:04:53,465] INFO: Fetching DMs from YouTube Studio...
[2026-04-17 13:04:53,465] WARNING: Playwright not installed; using demo mode
[2026-04-17 13:04:53,465] INFO: Using existing DM log (no new DMs from YouTube Studio)
[2026-04-17 13:04:53,465] INFO: No new DMs to process
[2026-04-17 13:04:53,466] INFO: ✅ Monitor run completed successfully
[2026-04-17 14:04:53,639] INFO: Starting YouTube DM Monitor for 'Concessa Obvius'
[2026-04-17 14:04:53,639] INFO: Fetching DMs from YouTube Studio...
[2026-04-17 14:04:53,639] WARNING: Playwright not installed; using demo mode
[2026-04-17 14:04:53,639] INFO: Using existing DM log (no new DMs from YouTube Studio)
[2026-04-17 14:04:53,640] INFO: No new DMs to process
[2026-04-17 14:04:53,640] INFO: ✅ Monitor run completed successfully
[2026-04-17 15:04:53,880] INFO: Starting YouTube DM Monitor for 'Concessa Obvius'
[2026-04-17 15:04:53,881] INFO: Fetching DMs from YouTube Studio...
[2026-04-17 15:04:53,881] WARNING: Playwright not installed; using demo mode
[2026-04-17 15:04:53,881] INFO: Using existing DM log (no new DMs from YouTube Studio)
[2026-04-17 15:04:53,881] INFO: No new DMs to process
[2026-04-17 15:04:53,882] INFO: ✅ Monitor run completed successfully
[2026-04-17 16:04:54,169] INFO: Starting YouTube DM Monitor for 'Concessa Obvius'
[2026-04-17 16:04:54,170] INFO: Fetching DMs from YouTube Studio...
[2026-04-17 16:04:54,170] WARNING: Playwright not installed; using demo mode
[2026-04-17 16:04:54,170] INFO: Using existing DM log (no new DMs from YouTube Studio)
[2026-04-17 16:04:54,170] INFO: No new DMs to process
[2026-04-17 16:04:54,171] INFO: ✅ Monitor run completed successfully
[2026-04-17 17:04:54,378] INFO: Starting YouTube DM Monitor for 'Concessa Obvius'
[2026-04-17 17:04:54,378] INFO: Fetching DMs from YouTube Studio...
[2026-04-17 17:04:54,378] WARNING: Playwright not installed; using demo mode
[2026-04-17 17:04:54,378] INFO: Using existing DM log (no new DMs from YouTube Studio)
[2026-04-17 17:04:54,378] INFO: No new DMs to process
[2026-04-17 17:04:54,380] INFO: ✅ Monitor run completed successfully
[2026-04-17 18:04:54,658] INFO: Starting YouTube DM Monitor for 'Concessa Obvius'
[2026-04-17 18:04:54,659] INFO: Fetching DMs from YouTube Studio...
[2026-04-17 18:04:54,659] WARNING: Playwright not installed; using demo mode
[2026-04-17 18:04:54,659] INFO: Using existing DM log (no new DMs from YouTube Studio)
[2026-04-17 18:04:54,659] INFO: No new DMs to process
[2026-04-17 18:04:54,660] INFO: ✅ Monitor run completed successfully
[2026-04-17 19:04:55,017] INFO: Starting YouTube DM Monitor for 'Concessa Obvius'
[2026-04-17 19:04:55,018] INFO: Fetching DMs from YouTube Studio...
[2026-04-17 19:04:55,018] WARNING: Playwright not installed; using demo mode
[2026-04-17 19:04:55,018] INFO: Using existing DM log (no new DMs from YouTube Studio)
[2026-04-17 19:04:55,018] INFO: No new DMs to process
[2026-04-17 19:04:55,020] INFO: ✅ Monitor run completed successfully
[2026-04-17 20:04:55,173] INFO: Starting YouTube DM Monitor for 'Concessa Obvius'
[2026-04-17 20:04:55,173] INFO: Fetching DMs from YouTube Studio...
[2026-04-17 20:04:55,173] WARNING: Playwright not installed; using demo mode
[2026-04-17 20:04:55,173] INFO: Using existing DM log (no new DMs from YouTube Studio)
[2026-04-17 20:04:55,173] INFO: No new DMs to process
[2026-04-17 20:04:55,174] INFO: ✅ Monitor run completed successfully
[2026-04-17 21:04:55,414] INFO: Starting YouTube DM Monitor for 'Concessa Obvius'
[2026-04-17 21:04:55,415] INFO: Fetching DMs from YouTube Studio...
[2026-04-17 21:04:55,415] WARNING: Playwright not installed; using demo mode
[2026-04-17 21:04:55,415] INFO: Using existing DM log (no new DMs from YouTube Studio)
[2026-04-17 21:04:55,415] INFO: No new DMs to process
[2026-04-17 21:04:55,416] INFO: ✅ Monitor run completed successfully
[2026-04-17 22:04:55,642] INFO: Starting YouTube DM Monitor for 'Concessa Obvius'
[2026-04-17 22:04:55,643] INFO: Fetching DMs from YouTube Studio...
[2026-04-17 22:04:55,643] WARNING: Playwright not installed; using demo mode
[2026-04-17 22:04:55,643] INFO: Using existing DM log (no new DMs from YouTube Studio)
[2026-04-17 22:04:55,643] INFO: No new DMs to process
[2026-04-17 22:04:55,645] INFO: ✅ Monitor run completed successfully
[2026-04-17 23:04:55,847] INFO: Starting YouTube DM Monitor for 'Concessa Obvius'
[2026-04-17 23:04:55,848] INFO: Fetching DMs from YouTube Studio...
[2026-04-17 23:04:55,848] WARNING: Playwright not installed; using demo mode
[2026-04-17 23:04:55,848] INFO: Using existing DM log (no new DMs from YouTube Studio)
[2026-04-17 23:04:55,848] INFO: No new DMs to process
[2026-04-17 23:04:55,849] INFO: ✅ Monitor run completed successfully
[2026-04-18 00:04:56,058] INFO: Starting YouTube DM Monitor for 'Concessa Obvius'
[2026-04-18 00:04:56,058] INFO: Fetching DMs from YouTube Studio...
[2026-04-18 00:04:56,058] WARNING: Playwright not installed; using demo mode
[2026-04-18 00:04:56,058] INFO: Using existing DM log (no new DMs from YouTube Studio)
[2026-04-18 00:04:56,058] INFO: No new DMs to process
[2026-04-18 00:04:56,059] INFO: ✅ Monitor run completed successfully
[2026-04-18 01:04:56,270] INFO: Starting YouTube DM Monitor for 'Concessa Obvius'
[2026-04-18 01:04:56,271] INFO: Fetching DMs from YouTube Studio...
[2026-04-18 01:04:56,271] WARNING: Playwright not installed; using demo mode
[2026-04-18 01:04:56,271] INFO: Using existing DM log (no new DMs from YouTube Studio)
[2026-04-18 01:04:56,271] INFO: No new DMs to process
[2026-04-18 01:04:56,272] INFO: ✅ Monitor run completed successfully
[2026-04-18 02:04:56,448] INFO: Starting YouTube DM Monitor for 'Concessa Obvius'
[2026-04-18 02:04:56,449] INFO: Fetching DMs from YouTube Studio...
[2026-04-18 02:04:56,449] WARNING: Playwright not installed; using demo mode
[2026-04-18 02:04:56,449] INFO: Using existing DM log (no new DMs from YouTube Studio)
[2026-04-18 02:04:56,449] INFO: No new DMs to process
[2026-04-18 02:04:56,450] INFO: ✅ Monitor run completed successfully
[2026-04-18 03:04:56,555] INFO: Starting YouTube DM Monitor for 'Concessa Obvius'
[2026-04-18 03:04:56,555] INFO: Fetching DMs from YouTube Studio...
[2026-04-18 03:04:56,555] WARNING: Playwright not installed; using demo mode
[2026-04-18 03:04:56,555] INFO: Using existing DM log (no new DMs from YouTube Studio)
[2026-04-18 03:04:56,555] INFO: No new DMs to process
[2026-04-18 03:04:56,555] INFO: ✅ Monitor run completed successfully
[2026-04-18 04:04:56,648] INFO: Starting YouTube DM Monitor for 'Concessa Obvius'
[2026-04-18 04:04:56,648] INFO: Fetching DMs from YouTube Studio...
[2026-04-18 04:04:56,648] WARNING: Playwright not installed; using demo mode
[2026-04-18 04:04:56,648] INFO: Using existing DM log (no new DMs from YouTube Studio)
[2026-04-18 04:04:56,648] INFO: No new DMs to process
[2026-04-18 04:04:56,648] INFO: ✅ Monitor run completed successfully
[2026-04-18 05:04:56,745] INFO: Starting YouTube DM Monitor for 'Concessa Obvius'
[2026-04-18 05:04:56,745] INFO: Fetching DMs from YouTube Studio...
[2026-04-18 05:04:56,746] WARNING: Playwright not installed; using demo mode
[2026-04-18 05:04:56,746] INFO: Using existing DM log (no new DMs from YouTube Studio)
[2026-04-18 05:04:56,746] INFO: No new DMs to process
[2026-04-18 05:04:56,746] INFO: ✅ Monitor run completed successfully
[2026-04-18 06:04:56,846] INFO: Starting YouTube DM Monitor for 'Concessa Obvius'
[2026-04-18 06:04:56,846] INFO: Fetching DMs from YouTube Studio...
[2026-04-18 06:04:56,846] WARNING: Playwright not installed; using demo mode
[2026-04-18 06:04:56,846] INFO: Using existing DM log (no new DMs from YouTube Studio)
[2026-04-18 06:04:56,846] INFO: No new DMs to process
[2026-04-18 06:04:56,847] INFO: ✅ Monitor run completed successfully
[2026-04-18 07:04:56,937] INFO: Starting YouTube DM Monitor for 'Concessa Obvius'
[2026-04-18 07:04:56,937] INFO: Fetching DMs from YouTube Studio...
[2026-04-18 07:04:56,937] WARNING: Playwright not installed; using demo mode
[2026-04-18 07:04:56,937] INFO: Using existing DM log (no new DMs from YouTube Studio)
[2026-04-18 07:04:56,937] INFO: No new DMs to process
[2026-04-18 07:04:56,938] INFO: ✅ Monitor run completed successfully
[2026-04-18 08:04:57,029] INFO: Starting YouTube DM Monitor for 'Concessa Obvius'
[2026-04-18 08:04:57,029] INFO: Fetching DMs from YouTube Studio...
[2026-04-18 08:04:57,029] WARNING: Playwright not installed; using demo mode
[2026-04-18 08:04:57,029] INFO: Using existing DM log (no new DMs from YouTube Studio)
[2026-04-18 08:04:57,029] INFO: No new DMs to process
[2026-04-18 08:04:57,030] INFO: ✅ Monitor run completed successfully
[2026-04-18 09:04:57,129] INFO: Starting YouTube DM Monitor for 'Concessa Obvius'
[2026-04-18 09:04:57,129] INFO: Fetching DMs from YouTube Studio...
[2026-04-18 09:04:57,129] WARNING: Playwright not installed; using demo mode
[2026-04-18 09:04:57,129] INFO: Using existing DM log (no new DMs from YouTube Studio)
[2026-04-18 09:04:57,129] INFO: No new DMs to process
[2026-04-18 09:04:57,130] INFO: ✅ Monitor run completed successfully
[2026-04-18 10:04:57,220] INFO: Starting YouTube DM Monitor for 'Concessa Obvius'
[2026-04-18 10:04:57,220] INFO: Fetching DMs from YouTube Studio...
[2026-04-18 10:04:57,220] WARNING: Playwright not installed; using demo mode
[2026-04-18 10:04:57,220] INFO: Using existing DM log (no new DMs from YouTube Studio)
[2026-04-18 10:04:57,220] INFO: No new DMs to process
[2026-04-18 10:04:57,220] INFO: ✅ Monitor run completed successfully
[2026-04-18 11:04:57,317] INFO: Starting YouTube DM Monitor for 'Concessa Obvius'
[2026-04-18 11:04:57,317] INFO: Fetching DMs from YouTube Studio...
[2026-04-18 11:04:57,317] WARNING: Playwright not installed; using demo mode
[2026-04-18 11:04:57,317] INFO: Using existing DM log (no new DMs from YouTube Studio)
[2026-04-18 11:04:57,317] INFO: No new DMs to process
[2026-04-18 11:04:57,317] INFO: ✅ Monitor run completed successfully
[2026-04-18 12:04:57,414] INFO: Starting YouTube DM Monitor for 'Concessa Obvius'
[2026-04-18 12:04:57,414] INFO: Fetching DMs from YouTube Studio...
[2026-04-18 12:04:57,414] WARNING: Playwright not installed; using demo mode
[2026-04-18 12:04:57,414] INFO: Using existing DM log (no new DMs from YouTube Studio)
[2026-04-18 12:04:57,414] INFO: No new DMs to process
[2026-04-18 12:04:57,414] INFO: ✅ Monitor run completed successfully
[2026-04-18 13:04:57,512] INFO: Starting YouTube DM Monitor for 'Concessa Obvius'
[2026-04-18 13:04:57,512] INFO: Fetching DMs from YouTube Studio...
[2026-04-18 13:04:57,512] WARNING: Playwright not installed; using demo mode
[2026-04-18 13:04:57,512] INFO: Using existing DM log (no new DMs from YouTube Studio)
[2026-04-18 13:04:57,513] INFO: No new DMs to process
[2026-04-18 13:04:57,513] INFO: ✅ Monitor run completed successfully
[2026-04-18 14:04:57,609] INFO: Starting YouTube DM Monitor for 'Concessa Obvius'
[2026-04-18 14:04:57,609] INFO: Fetching DMs from YouTube Studio...
[2026-04-18 14:04:57,609] WARNING: Playwright not installed; using demo mode
[2026-04-18 14:04:57,609] INFO: Using existing DM log (no new DMs from YouTube Studio)
[2026-04-18 14:04:57,609] INFO: No new DMs to process
[2026-04-18 14:04:57,609] INFO: ✅ Monitor run completed successfully
[2026-04-18 15:04:57,703] INFO: Starting YouTube DM Monitor for 'Concessa Obvius'
[2026-04-18 15:04:57,703] INFO: Fetching DMs from YouTube Studio...
[2026-04-18 15:04:57,703] WARNING: Playwright not installed; using demo mode
[2026-04-18 15:04:57,703] INFO: Using existing DM log (no new DMs from YouTube Studio)
[2026-04-18 15:04:57,703] INFO: No new DMs to process
[2026-04-18 15:04:57,704] INFO: ✅ Monitor run completed successfully
[2026-04-18 16:04:57,791] INFO: Starting YouTube DM Monitor for 'Concessa Obvius'
[2026-04-18 16:04:57,791] INFO: Fetching DMs from YouTube Studio...
[2026-04-18 16:04:57,791] WARNING: Playwright not installed; using demo mode
[2026-04-18 16:04:57,791] INFO: Using existing DM log (no new DMs from YouTube Studio)
[2026-04-18 16:04:57,791] INFO: No new DMs to process
[2026-04-18 16:04:57,791] INFO: ✅ Monitor run completed successfully
[2026-04-18 17:04:57,883] INFO: Starting YouTube DM Monitor for 'Concessa Obvius'
[2026-04-18 17:04:57,883] INFO: Fetching DMs from YouTube Studio...
[2026-04-18 17:04:57,883] WARNING: Playwright not installed; using demo mode
[2026-04-18 17:04:57,883] INFO: Using existing DM log (no new DMs from YouTube Studio)
[2026-04-18 17:04:57,883] INFO: No new DMs to process
[2026-04-18 17:04:57,883] INFO: ✅ Monitor run completed successfully
[2026-04-18 18:04:57,981] INFO: Starting YouTube DM Monitor for 'Concessa Obvius'
[2026-04-18 18:04:57,981] INFO: Fetching DMs from YouTube Studio...
[2026-04-18 18:04:57,981] WARNING: Playwright not installed; using demo mode
[2026-04-18 18:04:57,981] INFO: Using existing DM log (no new DMs from YouTube Studio)
[2026-04-18 18:04:57,981] INFO: No new DMs to process
[2026-04-18 18:04:57,982] INFO: ✅ Monitor run completed successfully
[2026-04-18 19:04:58,073] INFO: Starting YouTube DM Monitor for 'Concessa Obvius'
[2026-04-18 19:04:58,073] INFO: Fetching DMs from YouTube Studio...
[2026-04-18 19:04:58,073] WARNING: Playwright not installed; using demo mode
[2026-04-18 19:04:58,073] INFO: Using existing DM log (no new DMs from YouTube Studio)
[2026-04-18 19:04:58,073] INFO: No new DMs to process
[2026-04-18 19:04:58,074] INFO: ✅ Monitor run completed successfully
[2026-04-18 20:04:58,174] INFO: Starting YouTube DM Monitor for 'Concessa Obvius'
[2026-04-18 20:04:58,174] INFO: Fetching DMs from YouTube Studio...
[2026-04-18 20:04:58,174] WARNING: Playwright not installed; using demo mode
[2026-04-18 20:04:58,174] INFO: Using existing DM log (no new DMs from YouTube Studio)
[2026-04-18 20:04:58,174] INFO: No new DMs to process
[2026-04-18 20:04:58,174] INFO: ✅ Monitor run completed successfully
[2026-04-18 21:04:58,262] INFO: Starting YouTube DM Monitor for 'Concessa Obvius'
[2026-04-18 21:04:58,262] INFO: Fetching DMs from YouTube Studio...
[2026-04-18 21:04:58,262] WARNING: Playwright not installed; using demo mode
[2026-04-18 21:04:58,262] INFO: Using existing DM log (no new DMs from YouTube Studio)
[2026-04-18 21:04:58,262] INFO: No new DMs to process
[2026-04-18 21:04:58,263] INFO: ✅ Monitor run completed successfully
[2026-04-18 22:04:58,361] INFO: Starting YouTube DM Monitor for 'Concessa Obvius'
[2026-04-18 22:04:58,361] INFO: Fetching DMs from YouTube Studio...
[2026-04-18 22:04:58,361] WARNING: Playwright not installed; using demo mode
[2026-04-18 22:04:58,361] INFO: Using existing DM log (no new DMs from YouTube Studio)
[2026-04-18 22:04:58,361] INFO: No new DMs to process
[2026-04-18 22:04:58,362] INFO: ✅ Monitor run completed successfully
[2026-04-18 23:04:58,458] INFO: Starting YouTube DM Monitor for 'Concessa Obvius'
[2026-04-18 23:04:58,458] INFO: Fetching DMs from YouTube Studio...
[2026-04-18 23:04:58,458] WARNING: Playwright not installed; using demo mode
[2026-04-18 23:04:58,458] INFO: Using existing DM log (no new DMs from YouTube Studio)
[2026-04-18 23:04:58,458] INFO: No new DMs to process
[2026-04-18 23:04:58,458] INFO: ✅ Monitor run completed successfully
[2026-04-19 00:04:58,558] INFO: Starting YouTube DM Monitor for 'Concessa Obvius'
[2026-04-19 00:04:58,558] INFO: Fetching DMs from YouTube Studio...
[2026-04-19 00:04:58,558] WARNING: Playwright not installed; using demo mode
[2026-04-19 00:04:58,558] INFO: Using existing DM log (no new DMs from YouTube Studio)
[2026-04-19 00:04:58,558] INFO: No new DMs to process
[2026-04-19 00:04:58,558] INFO: ✅ Monitor run completed successfully
[2026-04-19 01:57:03,787] INFO: Starting YouTube DM Monitor for 'Concessa Obvius'
[2026-04-19 01:57:03,787] INFO: Fetching DMs from YouTube Studio...
[2026-04-19 01:57:03,787] WARNING: Playwright not installed; using demo mode
[2026-04-19 01:57:03,787] INFO: Using existing DM log (no new DMs from YouTube Studio)
[2026-04-19 01:57:03,787] INFO: No new DMs to process
[2026-04-19 01:57:03,787] INFO: ✅ Monitor run completed successfully
